<?xml version="1.0" encoding="UTF-8" ?>
<testsuite errors="0" failures="0" hostname="EVS-MDS-Laptop" name="org.modeldriven.fuml.test.builtin.SignalSendTestCase" tests="1" time="0.281" timestamp="2012-01-16T00:21:31">
  <properties>
[...]
</properties>
  <testcase classname="org.modeldriven.fuml.test.builtin.SignalSendTestCase" name="testSignalSend" time="0.062" />
  <system-out><![CDATA[15 Jan 2012 19:21:31,859 INFO  builtin.SignalSendTestCase testSignalSend
15 Jan 2012 19:21:31,875 DEBUG fUML.Debug [testSignalSend] Setting up...
15 Jan 2012 19:21:31,875 DEBUG fUML.Debug [testSignalSend] Testing...
15 Jan 2012 19:21:31,875 DEBUG fUML.Debug 
15 Jan 2012 19:21:31,875 DEBUG fUML.Debug [testExecute] Executing the behavior...
15 Jan 2012 19:21:31,875 DEBUG fUML.Debug [execute] Activity TestSignalSender...
15 Jan 2012 19:21:31,875 INFO  fUML.Debug Execute activity=TestSignalSender
15 Jan 2012 19:21:31,890 DEBUG fUML.Debug [createNodeActivations] Creating a node activation for Create(TestSignalAccepter)...
15 Jan 2012 19:21:31,890 DEBUG fUML.Debug [createNodeActivations] Creating a node activation for Create(TestSignalAccepter).result...
15 Jan 2012 19:21:31,890 DEBUG fUML.Debug [createNodeActivations] Creating a node activation for Fork(accepterActivity)...
15 Jan 2012 19:21:31,890 DEBUG fUML.Debug [createNodeActivations] Creating a node activation for Start...
15 Jan 2012 19:21:31,890 DEBUG fUML.Debug [createNodeActivations] Creating a node activation for Start.object...
15 Jan 2012 19:21:31,890 DEBUG fUML.Debug [createNodeActivations] Creating a node activation for Send(TestSignal)...
15 Jan 2012 19:21:31,890 DEBUG fUML.Debug [createNodeActivations] Creating a node activation for Send(TestSignal).target...
15 Jan 2012 19:21:31,890 DEBUG fUML.Debug [createNodeActivations] Creating a node activation for Destroy(TestSignalAccepter)...
15 Jan 2012 19:21:31,890 DEBUG fUML.Debug [createNodeActivations] Creating a node activation for Destroy(TestSignalAccepter).target...
15 Jan 2012 19:21:31,890 DEBUG fUML.Debug [createEdgeInstances] Creating an edge instance from Create(TestSignalAccepter).result to Fork(accepterActivity).
15 Jan 2012 19:21:31,890 DEBUG fUML.Debug [createEdgeInstances] Creating an edge instance from Fork(accepterActivity) to Start.object.
15 Jan 2012 19:21:31,890 DEBUG fUML.Debug [createEdgeInstances] Creating an edge instance from Fork(accepterActivity) to Send(TestSignal).target.
15 Jan 2012 19:21:31,890 DEBUG fUML.Debug [createEdgeInstances] Creating an edge instance from Fork(accepterActivity) to Destroy(TestSignalAccepter).target.
15 Jan 2012 19:21:31,890 DEBUG fUML.Debug [createEdgeInstances] Creating an edge instance from Start to Send(TestSignal).
15 Jan 2012 19:21:31,890 DEBUG fUML.Debug [createEdgeInstances] Creating an edge instance from Send(TestSignal) to Destroy(TestSignalAccepter).
15 Jan 2012 19:21:31,890 DEBUG fUML.Debug [run] node = Create(TestSignalAccepter)
15 Jan 2012 19:21:31,890 DEBUG fUML.Debug [run] node = Create(TestSignalAccepter).result
15 Jan 2012 19:21:31,890 DEBUG fUML.Debug [run] node = Fork(accepterActivity)
15 Jan 2012 19:21:31,890 DEBUG fUML.Debug [run] node = Start
15 Jan 2012 19:21:31,890 DEBUG fUML.Debug [run] Anonymous activation of type fUML.Semantics.Activities.IntermediateActivities.ForkNodeActivation
15 Jan 2012 19:21:31,890 DEBUG fUML.Debug [run] node = Start.object
15 Jan 2012 19:21:31,890 DEBUG fUML.Debug [run] node = Send(TestSignal)
15 Jan 2012 19:21:31,890 DEBUG fUML.Debug [run] Anonymous activation of type fUML.Semantics.Activities.IntermediateActivities.ForkNodeActivation
15 Jan 2012 19:21:31,890 DEBUG fUML.Debug [run] node = Send(TestSignal).target
15 Jan 2012 19:21:31,890 DEBUG fUML.Debug [run] node = Destroy(TestSignalAccepter)
15 Jan 2012 19:21:31,890 DEBUG fUML.Debug [run] node = Destroy(TestSignalAccepter).target
15 Jan 2012 19:21:31,890 DEBUG fUML.Debug [run] Checking for enabled nodes...
15 Jan 2012 19:21:31,890 DEBUG fUML.Debug [run] Checking node Create(TestSignalAccepter)...
15 Jan 2012 19:21:31,890 DEBUG fUML.Debug [run] Node Create(TestSignalAccepter) is enabled.
15 Jan 2012 19:21:31,890 DEBUG fUML.Debug [run] Checking node Create(TestSignalAccepter).result...
15 Jan 2012 19:21:31,890 DEBUG fUML.Debug [run] Checking node Fork(accepterActivity)...
15 Jan 2012 19:21:31,890 DEBUG fUML.Debug [run] Checking node Start...
15 Jan 2012 19:21:31,890 DEBUG fUML.Debug [run] Checking node Start.object...
15 Jan 2012 19:21:31,890 DEBUG fUML.Debug [run] Checking node Send(TestSignal)...
15 Jan 2012 19:21:31,890 DEBUG fUML.Debug [run] Checking node Send(TestSignal).target...
15 Jan 2012 19:21:31,890 DEBUG fUML.Debug [run] Checking node Destroy(TestSignalAccepter)...
15 Jan 2012 19:21:31,890 DEBUG fUML.Debug [run] Checking node Destroy(TestSignalAccepter).target...
15 Jan 2012 19:21:31,890 DEBUG fUML.Debug [run] Sending offer to node Create(TestSignalAccepter).
15 Jan 2012 19:21:31,890 DEBUG fUML.Debug [receiveOffer] node = Create(TestSignalAccepter)
15 Jan 2012 19:21:31,890 DEBUG fUML.Debug [_beginIsolation] Begin isolation.
15 Jan 2012 19:21:31,890 DEBUG fUML.Debug [receiveOffer] Firing.
15 Jan 2012 19:21:31,890 DEBUG fUML.Debug [_endIsolation] End isolation.
15 Jan 2012 19:21:31,890 DEBUG fUML.Debug [fire] Action Create(TestSignalAccepter)...
15 Jan 2012 19:21:31,890 INFO  fUML.Debug Fire activity=TestSignalSender action=Create(TestSignalAccepter)
15 Jan 2012 19:21:31,890 DEBUG fUML.Debug [putToken] node = Create(TestSignalAccepter)
15 Jan 2012 19:21:31,890 DEBUG fUML.Debug [addToken] node = Create(TestSignalAccepter).result
15 Jan 2012 19:21:31,906 DEBUG fUML.Debug [receiveOffer] node = Fork(accepterActivity)
15 Jan 2012 19:21:31,906 DEBUG fUML.Debug [_beginIsolation] Begin isolation.
15 Jan 2012 19:21:31,906 DEBUG fUML.Debug [receiveOffer] Firing.
15 Jan 2012 19:21:31,906 DEBUG fUML.Debug [_endIsolation] End isolation.
15 Jan 2012 19:21:31,906 DEBUG fUML.Debug [fire] Fork node Fork(accepterActivity)...
15 Jan 2012 19:21:31,906 DEBUG fUML.Debug [addToken] node = Fork(accepterActivity)
15 Jan 2012 19:21:31,906 DEBUG fUML.Debug [receiveOffer] node = Start
15 Jan 2012 19:21:31,906 DEBUG fUML.Debug [_beginIsolation] Begin isolation.
15 Jan 2012 19:21:31,906 DEBUG fUML.Debug [receiveOffer] Firing.
15 Jan 2012 19:21:31,906 DEBUG fUML.Debug [fire] Pin Start.object...
15 Jan 2012 19:21:31,906 DEBUG fUML.Debug [addToken] node = Start.object
15 Jan 2012 19:21:31,906 DEBUG fUML.Debug [removeToken] node = Create(TestSignalAccepter).result
15 Jan 2012 19:21:31,906 DEBUG fUML.Debug [_endIsolation] End isolation.
15 Jan 2012 19:21:31,906 DEBUG fUML.Debug [fire] Action Start...
15 Jan 2012 19:21:31,906 INFO  fUML.Debug Fire activity=TestSignalSender action=Start
15 Jan 2012 19:21:31,906 DEBUG fUML.Debug [takeTokens] node = Start, pin = Start.object
15 Jan 2012 19:21:31,906 DEBUG fUML.Debug [removeToken] node = Start.object
15 Jan 2012 19:21:31,906 DEBUG fUML.Debug [startBehavior] Starting behavior for all classifiers...
15 Jan 2012 19:21:31,906 DEBUG fUML.Debug [startBehavior] Starting behavior for TestSignalAccepter...
15 Jan 2012 19:21:31,906 DEBUG fUML.Debug [execute] Activity TestSignalAccepter...
15 Jan 2012 19:21:31,906 INFO  fUML.Debug Execute activity=TestSignalAccepter
15 Jan 2012 19:21:31,906 DEBUG fUML.Debug [createNodeActivations] Creating a node activation for Accept(TestSignal)...
15 Jan 2012 19:21:31,906 DEBUG fUML.Debug [createNodeActivations] Creating a node activation for Accept(TestSignal).result...
15 Jan 2012 19:21:31,906 DEBUG fUML.Debug [createNodeActivations] Creating a node activation for Output(signal)...
15 Jan 2012 19:21:31,906 DEBUG fUML.Debug [createEdgeInstances] Creating an edge instance from Accept(TestSignal).result to Output(signal).
15 Jan 2012 19:21:31,906 DEBUG fUML.Debug [run] node = Accept(TestSignal)
15 Jan 2012 19:21:31,906 DEBUG fUML.Debug [run] node = Accept(TestSignal).result
15 Jan 2012 19:21:31,906 DEBUG fUML.Debug [run] node = Output(signal)
15 Jan 2012 19:21:31,906 DEBUG fUML.Debug [run] Checking for enabled nodes...
15 Jan 2012 19:21:31,906 DEBUG fUML.Debug [run] Checking node Accept(TestSignal)...
15 Jan 2012 19:21:31,906 DEBUG fUML.Debug [run] Node Accept(TestSignal) is enabled.
15 Jan 2012 19:21:31,906 DEBUG fUML.Debug [run] Checking node Accept(TestSignal).result...
15 Jan 2012 19:21:31,906 DEBUG fUML.Debug [run] Checking node Output(signal)...
15 Jan 2012 19:21:31,906 DEBUG fUML.Debug [run] Sending offer to node Accept(TestSignal).
15 Jan 2012 19:21:31,906 DEBUG fUML.Debug [receiveOffer] node = Accept(TestSignal)
15 Jan 2012 19:21:31,906 DEBUG fUML.Debug [_beginIsolation] Begin isolation.
15 Jan 2012 19:21:31,906 DEBUG fUML.Debug [receiveOffer] Firing.
15 Jan 2012 19:21:31,906 DEBUG fUML.Debug [_endIsolation] End isolation.
15 Jan 2012 19:21:31,906 DEBUG fUML.Debug [fire] Action Accept(TestSignal)...
15 Jan 2012 19:21:31,906 DEBUG fUML.Debug [register] object = (fUML.Semantics.Activities.IntermediateActivities.ActivityExecution@d23e53: TestSignalAccepter)
15 Jan 2012 19:21:31,906 DEBUG fUML.Debug [register] accepter = fUML.Semantics.Actions.CompleteActions.AcceptEventActionEventAccepter@f9f91d
15 Jan 2012 19:21:31,906 DEBUG fUML.Debug [execute] Activity TestSignalAccepter completed.
15 Jan 2012 19:21:31,906 DEBUG fUML.Debug [addToken] node = Start
15 Jan 2012 19:21:31,906 DEBUG fUML.Debug [_beginIsolation] Begin isolation.
15 Jan 2012 19:21:31,906 DEBUG fUML.Debug [receiveOffer] Firing.
15 Jan 2012 19:21:31,906 DEBUG fUML.Debug [_endIsolation] End isolation.
15 Jan 2012 19:21:31,906 DEBUG fUML.Debug [fire] Anonymous fork node.
15 Jan 2012 19:21:31,906 DEBUG fUML.Debug [addToken] ...
15 Jan 2012 19:21:31,906 DEBUG fUML.Debug [receiveOffer] node = Send(TestSignal)
15 Jan 2012 19:21:31,906 DEBUG fUML.Debug [_beginIsolation] Begin isolation.
15 Jan 2012 19:21:31,906 DEBUG fUML.Debug [_endIsolation] End isolation.
15 Jan 2012 19:21:31,906 DEBUG fUML.Debug [fire] Checking if Start should fire again...
15 Jan 2012 19:21:31,906 DEBUG fUML.Debug [_beginIsolation] Begin isolation.
15 Jan 2012 19:21:31,906 DEBUG fUML.Debug [_endIsolation] End isolation.
15 Jan 2012 19:21:31,906 DEBUG fUML.Debug [receiveOffer] node = Send(TestSignal)
15 Jan 2012 19:21:31,906 DEBUG fUML.Debug [_beginIsolation] Begin isolation.
15 Jan 2012 19:21:31,921 DEBUG fUML.Debug [receiveOffer] Firing.
15 Jan 2012 19:21:31,921 DEBUG fUML.Debug [removeToken] node = Start
15 Jan 2012 19:21:31,921 DEBUG fUML.Debug [removeToken] ...
15 Jan 2012 19:21:31,921 DEBUG fUML.Debug [fire] Pin Send(TestSignal).target...
15 Jan 2012 19:21:31,921 DEBUG fUML.Debug [addToken] node = Send(TestSignal).target
15 Jan 2012 19:21:31,921 DEBUG fUML.Debug [_endIsolation] End isolation.
15 Jan 2012 19:21:31,921 DEBUG fUML.Debug [fire] Action Send(TestSignal)...
15 Jan 2012 19:21:31,921 INFO  fUML.Debug Fire activity=TestSignalSender action=Send(TestSignal)
15 Jan 2012 19:21:31,921 DEBUG fUML.Debug [takeTokens] node = Send(TestSignal), pin = Send(TestSignal).target
15 Jan 2012 19:21:31,921 DEBUG fUML.Debug [removeToken] node = Send(TestSignal).target
15 Jan 2012 19:21:31,921 DEBUG fUML.Debug [dispatchNextEvent] signalInstance = (fUML.Semantics.CommonBehaviors.Communications.SignalInstance@b6a6d6: TestSignal)
15 Jan 2012 19:21:31,921 DEBUG fUML.Debug [accept] action = Accept(TestSignal), signalinstance = (fUML.Semantics.CommonBehaviors.Communications.SignalInstance@b6a6d6: TestSignal)
15 Jan 2012 19:21:31,921 DEBUG fUML.Debug [putToken] node = Accept(TestSignal)
15 Jan 2012 19:21:31,921 DEBUG fUML.Debug [addToken] node = Accept(TestSignal).result
15 Jan 2012 19:21:31,921 DEBUG fUML.Debug [receiveOffer] node = Output(signal)
15 Jan 2012 19:21:31,921 DEBUG fUML.Debug [_beginIsolation] Begin isolation.
15 Jan 2012 19:21:31,921 DEBUG fUML.Debug [receiveOffer] Firing.
15 Jan 2012 19:21:31,921 DEBUG fUML.Debug [_endIsolation] End isolation.
15 Jan 2012 19:21:31,921 DEBUG fUML.Debug [fire] Output activity parameter node Output(signal)...
15 Jan 2012 19:21:31,921 DEBUG fUML.Debug [addToken] node = Output(signal)
15 Jan 2012 19:21:31,921 DEBUG fUML.Debug [removeToken] node = Accept(TestSignal).result
15 Jan 2012 19:21:31,921 DEBUG fUML.Debug [fire] Checking if Accept(TestSignal) should fire again...
15 Jan 2012 19:21:31,921 DEBUG fUML.Debug [receiveOffer] node = Accept(TestSignal)
15 Jan 2012 19:21:31,921 DEBUG fUML.Debug [_beginIsolation] Begin isolation.
15 Jan 2012 19:21:31,921 DEBUG fUML.Debug [receiveOffer] Firing.
15 Jan 2012 19:21:31,921 DEBUG fUML.Debug [_endIsolation] End isolation.
15 Jan 2012 19:21:31,921 DEBUG fUML.Debug [fire] Action Accept(TestSignal)...
15 Jan 2012 19:21:31,921 DEBUG fUML.Debug [register] object = (fUML.Semantics.Activities.IntermediateActivities.ActivityExecution@d23e53: TestSignalAccepter)
15 Jan 2012 19:21:31,921 DEBUG fUML.Debug [register] accepter = fUML.Semantics.Actions.CompleteActions.AcceptEventActionEventAccepter@f9f91d
15 Jan 2012 19:21:31,921 DEBUG fUML.Debug [addToken] node = Send(TestSignal)
15 Jan 2012 19:21:31,921 DEBUG fUML.Debug [_beginIsolation] Begin isolation.
15 Jan 2012 19:21:31,921 DEBUG fUML.Debug [receiveOffer] Firing.
15 Jan 2012 19:21:31,921 DEBUG fUML.Debug [_endIsolation] End isolation.
15 Jan 2012 19:21:31,921 DEBUG fUML.Debug [fire] Anonymous fork node.
15 Jan 2012 19:21:31,921 DEBUG fUML.Debug [addToken] ...
15 Jan 2012 19:21:31,921 DEBUG fUML.Debug [receiveOffer] node = Destroy(TestSignalAccepter)
15 Jan 2012 19:21:31,921 DEBUG fUML.Debug [_beginIsolation] Begin isolation.
15 Jan 2012 19:21:31,921 DEBUG fUML.Debug [_endIsolation] End isolation.
15 Jan 2012 19:21:31,921 DEBUG fUML.Debug [fire] Checking if Send(TestSignal) should fire again...
15 Jan 2012 19:21:31,921 DEBUG fUML.Debug [_beginIsolation] Begin isolation.
15 Jan 2012 19:21:31,921 DEBUG fUML.Debug [_endIsolation] End isolation.
15 Jan 2012 19:21:31,921 DEBUG fUML.Debug [receiveOffer] node = Destroy(TestSignalAccepter)
15 Jan 2012 19:21:31,921 DEBUG fUML.Debug [_beginIsolation] Begin isolation.
15 Jan 2012 19:21:31,921 DEBUG fUML.Debug [receiveOffer] Firing.
15 Jan 2012 19:21:31,921 DEBUG fUML.Debug [removeToken] node = Send(TestSignal)
15 Jan 2012 19:21:31,921 DEBUG fUML.Debug [removeToken] ...
15 Jan 2012 19:21:31,921 DEBUG fUML.Debug [fire] Pin Destroy(TestSignalAccepter).target...
15 Jan 2012 19:21:31,921 DEBUG fUML.Debug [addToken] node = Destroy(TestSignalAccepter).target
15 Jan 2012 19:21:31,921 DEBUG fUML.Debug [removeToken] node = Fork(accepterActivity)
15 Jan 2012 19:21:31,921 DEBUG fUML.Debug [_endIsolation] End isolation.
15 Jan 2012 19:21:31,921 DEBUG fUML.Debug [fire] Action Destroy(TestSignalAccepter)...
15 Jan 2012 19:21:31,921 INFO  fUML.Debug Fire activity=TestSignalSender action=Destroy(TestSignalAccepter)
15 Jan 2012 19:21:31,921 DEBUG fUML.Debug [takeTokens] node = Destroy(TestSignalAccepter), pin = Destroy(TestSignalAccepter).target
15 Jan 2012 19:21:31,921 DEBUG fUML.Debug [removeToken] node = Destroy(TestSignalAccepter).target
15 Jan 2012 19:21:31,921 DEBUG fUML.Debug [destroy] object = fUML.Semantics.Activities.IntermediateActivities.ActivityExecution@d23e53
15 Jan 2012 19:21:31,921 DEBUG fUML.Debug [terminateAll] Terminating activation group for activity TestSignalAccepter.
15 Jan 2012 19:21:31,921 DEBUG fUML.Debug [terminate] node = Accept(TestSignal)
15 Jan 2012 19:21:31,921 DEBUG fUML.Debug [unregister] object = (fUML.Semantics.Activities.IntermediateActivities.ActivityExecution@d23e53: TestSignalAccepter)
15 Jan 2012 19:21:31,921 DEBUG fUML.Debug [unregister] accepter = fUML.Semantics.Actions.CompleteActions.AcceptEventActionEventAccepter@f9f91d
15 Jan 2012 19:21:31,921 DEBUG fUML.Debug [terminate] node = Accept(TestSignal).result
15 Jan 2012 19:21:31,921 DEBUG fUML.Debug [terminate] node = Output(signal)
15 Jan 2012 19:21:31,921 DEBUG fUML.Debug [fire] Checking if Destroy(TestSignalAccepter) should fire again...
15 Jan 2012 19:21:31,921 DEBUG fUML.Debug [_beginIsolation] Begin isolation.
15 Jan 2012 19:21:31,921 DEBUG fUML.Debug [_endIsolation] End isolation.
15 Jan 2012 19:21:31,921 DEBUG fUML.Debug [fire] Checking if Create(TestSignalAccepter) should fire again...
15 Jan 2012 19:21:31,921 DEBUG fUML.Debug [_beginIsolation] Begin isolation.
15 Jan 2012 19:21:31,921 DEBUG fUML.Debug [_endIsolation] End isolation.
15 Jan 2012 19:21:31,921 DEBUG fUML.Debug [execute] Activity TestSignalSender completed.
15 Jan 2012 19:21:31,921 DEBUG fUML.Debug [destroy] object = fUML.Semantics.Activities.IntermediateActivities.ActivityExecution@144b9ff
15 Jan 2012 19:21:31,921 DEBUG fUML.Debug 
15 Jan 2012 19:21:31,921 DEBUG fUML.Debug [testSignalSend] Done!
15 Jan 2012 19:21:31,921 DEBUG fUML.Debug 
15 Jan 2012 19:21:31,921 DEBUG fUML.Debug 18 element(s)
15 Jan 2012 19:21:31,921 DEBUG fUML.Debug ---------
15 Jan 2012 19:21:31,921 DEBUG fUML.Debug Boolean: fUML.Syntax.Classes.Kernel.PrimitiveType
15 Jan 2012 19:21:31,921 DEBUG fUML.Debug Integer: fUML.Syntax.Classes.Kernel.PrimitiveType
15 Jan 2012 19:21:31,921 DEBUG fUML.Debug String: fUML.Syntax.Classes.Kernel.PrimitiveType
15 Jan 2012 19:21:31,921 DEBUG fUML.Debug UnlimitedNatural: fUML.Syntax.Classes.Kernel.PrimitiveType
15 Jan 2012 19:21:31,921 DEBUG fUML.Debug IntegerPlus: fUML.Syntax.CommonBehaviors.BasicBehaviors.FunctionBehavior
15 Jan 2012 19:21:31,921 DEBUG fUML.Debug IntegerMinus: fUML.Syntax.CommonBehaviors.BasicBehaviors.FunctionBehavior
15 Jan 2012 19:21:31,921 DEBUG fUML.Debug IntegerTimes: fUML.Syntax.CommonBehaviors.BasicBehaviors.FunctionBehavior
15 Jan 2012 19:21:31,921 DEBUG fUML.Debug IntegerDivide: fUML.Syntax.CommonBehaviors.BasicBehaviors.FunctionBehavior
15 Jan 2012 19:21:31,921 DEBUG fUML.Debug IntegerNegate: fUML.Syntax.CommonBehaviors.BasicBehaviors.FunctionBehavior
15 Jan 2012 19:21:31,921 DEBUG fUML.Debug IntegerGreater: fUML.Syntax.CommonBehaviors.BasicBehaviors.FunctionBehavior
15 Jan 2012 19:21:31,921 DEBUG fUML.Debug WriteLine: fUML.Syntax.CommonBehaviors.BasicBehaviors.OpaqueBehavior
15 Jan 2012 19:21:31,921 DEBUG fUML.Debug Channel: fUML.Syntax.Classes.Kernel.Class_
15 Jan 2012 19:21:31,921 DEBUG fUML.Debug OutputChannel: fUML.Syntax.Classes.Kernel.Class_
15 Jan 2012 19:21:31,921 DEBUG fUML.Debug TextOutputChannel: fUML.Syntax.Classes.Kernel.Class_
15 Jan 2012 19:21:31,921 DEBUG fUML.Debug StandardOutputChannel: fUML.Syntax.Classes.Kernel.Class_
15 Jan 2012 19:21:31,921 DEBUG fUML.Debug TestSignal: fUML.Syntax.CommonBehaviors.Communications.Signal
15 Jan 2012 19:21:31,921 DEBUG fUML.Debug TestSignalAccepter: fUML.Syntax.Activities.IntermediateActivities.Activity
15 Jan 2012 19:21:31,921 DEBUG fUML.Debug TestSignalSender: fUML.Syntax.Activities.IntermediateActivities.Activity
15 Jan 2012 19:21:31,921 INFO  builtin.SignalSendTestCase done
]]></system-out>
  <system-err><![CDATA[]]></system-err>
</testsuite>
