<?xml version="1.0" encoding="UTF-8" ?>
<testsuite errors="0" failures="0" hostname="EVS-MDS-Laptop" name="org.modeldriven.fuml.test.builtin.PolymorphicCallTestCase" tests="1" time="0.25" timestamp="2012-01-16T00:21:33">
  <properties>
[...]
</properties>
  <testcase classname="org.modeldriven.fuml.test.builtin.PolymorphicCallTestCase" name="testPolymorphicCall" time="0.047" />
  <system-out><![CDATA[15 Jan 2012 19:21:33,093 INFO  builtin.PolymorphicCallTestCase testPolymorphicCall
15 Jan 2012 19:21:33,093 DEBUG fUML.Debug 
15 Jan 2012 19:21:33,093 DEBUG fUML.Debug [testPolymorphicOperationCall] Setting up...
15 Jan 2012 19:21:33,093 DEBUG fUML.Debug [getActivity] Creating a ForkJoin activity.
15 Jan 2012 19:21:33,093 DEBUG fUML.Debug [getActivity] Creating a HelloWorld2 activity.
15 Jan 2012 19:21:33,093 DEBUG fUML.Debug [getActivity] Replacing the existing WriteLine element with an activity.
15 Jan 2012 19:21:33,093 DEBUG fUML.Debug [testPolymorphicOperationCall] Testing...
15 Jan 2012 19:21:33,093 DEBUG fUML.Debug 
15 Jan 2012 19:21:33,093 DEBUG fUML.Debug [testExecute] Executing the behavior...
15 Jan 2012 19:21:33,109 DEBUG fUML.Debug [execute] Activity Sub_HelloWorld2Super_ForkJointestCaller...
15 Jan 2012 19:21:33,109 INFO  fUML.Debug Execute activity=Sub_HelloWorld2Super_ForkJointestCaller
15 Jan 2012 19:21:33,109 DEBUG fUML.Debug [createNodeActivations] Creating a node activation for Create(Sub_HelloWorld2)...
15 Jan 2012 19:21:33,109 DEBUG fUML.Debug [createNodeActivations] Creating a node activation for Create(Sub_HelloWorld2).result...
15 Jan 2012 19:21:33,109 DEBUG fUML.Debug [createNodeActivations] Creating a node activation for Call(test)...
15 Jan 2012 19:21:33,109 DEBUG fUML.Debug [createNodeActivations] Creating a node activation for Call(test).target...
15 Jan 2012 19:21:33,109 DEBUG fUML.Debug [createEdgeInstances] Creating an edge instance from Create(Sub_HelloWorld2).result to Call(test).target.
15 Jan 2012 19:21:33,109 DEBUG fUML.Debug [run] node = Create(Sub_HelloWorld2)
15 Jan 2012 19:21:33,109 DEBUG fUML.Debug [run] node = Create(Sub_HelloWorld2).result
15 Jan 2012 19:21:33,109 DEBUG fUML.Debug [run] node = Call(test)
15 Jan 2012 19:21:33,109 DEBUG fUML.Debug [run] node = Call(test).target
15 Jan 2012 19:21:33,109 DEBUG fUML.Debug [run] Checking for enabled nodes...
15 Jan 2012 19:21:33,109 DEBUG fUML.Debug [run] Checking node Create(Sub_HelloWorld2)...
15 Jan 2012 19:21:33,109 DEBUG fUML.Debug [run] Node Create(Sub_HelloWorld2) is enabled.
15 Jan 2012 19:21:33,109 DEBUG fUML.Debug [run] Checking node Create(Sub_HelloWorld2).result...
15 Jan 2012 19:21:33,109 DEBUG fUML.Debug [run] Checking node Call(test)...
15 Jan 2012 19:21:33,109 DEBUG fUML.Debug [run] Checking node Call(test).target...
15 Jan 2012 19:21:33,109 DEBUG fUML.Debug [run] Sending offer to node Create(Sub_HelloWorld2).
15 Jan 2012 19:21:33,109 DEBUG fUML.Debug [receiveOffer] node = Create(Sub_HelloWorld2)
15 Jan 2012 19:21:33,109 DEBUG fUML.Debug [_beginIsolation] Begin isolation.
15 Jan 2012 19:21:33,109 DEBUG fUML.Debug [receiveOffer] Firing.
15 Jan 2012 19:21:33,109 DEBUG fUML.Debug [_endIsolation] End isolation.
15 Jan 2012 19:21:33,109 DEBUG fUML.Debug [fire] Action Create(Sub_HelloWorld2)...
15 Jan 2012 19:21:33,109 INFO  fUML.Debug Fire activity=Sub_HelloWorld2Super_ForkJointestCaller action=Create(Sub_HelloWorld2)
15 Jan 2012 19:21:33,109 DEBUG fUML.Debug [putToken] node = Create(Sub_HelloWorld2)
15 Jan 2012 19:21:33,109 DEBUG fUML.Debug [addToken] node = Create(Sub_HelloWorld2).result
15 Jan 2012 19:21:33,125 DEBUG fUML.Debug [receiveOffer] node = Call(test)
15 Jan 2012 19:21:33,125 DEBUG fUML.Debug [_beginIsolation] Begin isolation.
15 Jan 2012 19:21:33,125 DEBUG fUML.Debug [receiveOffer] Firing.
15 Jan 2012 19:21:33,125 DEBUG fUML.Debug [fire] Pin Call(test).target...
15 Jan 2012 19:21:33,125 DEBUG fUML.Debug [addToken] node = Call(test).target
15 Jan 2012 19:21:33,125 DEBUG fUML.Debug [removeToken] node = Create(Sub_HelloWorld2).result
15 Jan 2012 19:21:33,125 DEBUG fUML.Debug [_endIsolation] End isolation.
15 Jan 2012 19:21:33,125 DEBUG fUML.Debug [fire] Action Call(test)...
15 Jan 2012 19:21:33,125 INFO  fUML.Debug Fire activity=Sub_HelloWorld2Super_ForkJointestCaller action=Call(test)
15 Jan 2012 19:21:33,125 DEBUG fUML.Debug [takeTokens] node = Call(test), pin = Call(test).target
15 Jan 2012 19:21:33,125 DEBUG fUML.Debug [removeToken] node = Call(test).target
15 Jan 2012 19:21:33,125 DEBUG fUML.Debug [execute] Activity HelloWorld2...
15 Jan 2012 19:21:33,125 INFO  fUML.Debug Execute activity=HelloWorld2
15 Jan 2012 19:21:33,125 DEBUG fUML.Debug [createNodeActivations] Creating a node activation for ValueAction("Hello World")...
15 Jan 2012 19:21:33,125 DEBUG fUML.Debug [createNodeActivations] Creating a node activation for ValueAction("Hello World").result...
15 Jan 2012 19:21:33,125 DEBUG fUML.Debug [createNodeActivations] Creating a node activation for Call(WriteLine)...
15 Jan 2012 19:21:33,125 DEBUG fUML.Debug [createNodeActivations] Creating a node activation for Call(WriteLine).argument...
15 Jan 2012 19:21:33,125 DEBUG fUML.Debug [createEdgeInstances] Creating an edge instance from ValueAction("Hello World").result to Call(WriteLine).argument.
15 Jan 2012 19:21:33,125 DEBUG fUML.Debug [run] node = ValueAction("Hello World")
15 Jan 2012 19:21:33,125 DEBUG fUML.Debug [run] node = ValueAction("Hello World").result
15 Jan 2012 19:21:33,125 DEBUG fUML.Debug [run] node = Call(WriteLine)
15 Jan 2012 19:21:33,125 DEBUG fUML.Debug [run] node = Call(WriteLine).argument
15 Jan 2012 19:21:33,125 DEBUG fUML.Debug [run] Checking for enabled nodes...
15 Jan 2012 19:21:33,125 DEBUG fUML.Debug [run] Checking node ValueAction("Hello World")...
15 Jan 2012 19:21:33,125 DEBUG fUML.Debug [run] Node ValueAction("Hello World") is enabled.
15 Jan 2012 19:21:33,125 DEBUG fUML.Debug [run] Checking node ValueAction("Hello World").result...
15 Jan 2012 19:21:33,125 DEBUG fUML.Debug [run] Checking node Call(WriteLine)...
15 Jan 2012 19:21:33,125 DEBUG fUML.Debug [run] Checking node Call(WriteLine).argument...
15 Jan 2012 19:21:33,125 DEBUG fUML.Debug [run] Sending offer to node ValueAction("Hello World").
15 Jan 2012 19:21:33,125 DEBUG fUML.Debug [receiveOffer] node = ValueAction("Hello World")
15 Jan 2012 19:21:33,125 DEBUG fUML.Debug [_beginIsolation] Begin isolation.
15 Jan 2012 19:21:33,125 DEBUG fUML.Debug [receiveOffer] Firing.
15 Jan 2012 19:21:33,125 DEBUG fUML.Debug [_endIsolation] End isolation.
15 Jan 2012 19:21:33,125 DEBUG fUML.Debug [fire] Action ValueAction("Hello World")...
15 Jan 2012 19:21:33,125 INFO  fUML.Debug Fire activity=HelloWorld2 action=ValueAction("Hello World")
15 Jan 2012 19:21:33,125 DEBUG fUML.Debug [putToken] node = ValueAction("Hello World")
15 Jan 2012 19:21:33,125 DEBUG fUML.Debug [addToken] node = ValueAction("Hello World").result
15 Jan 2012 19:21:33,125 DEBUG fUML.Debug [receiveOffer] node = Call(WriteLine)
15 Jan 2012 19:21:33,125 DEBUG fUML.Debug [_beginIsolation] Begin isolation.
15 Jan 2012 19:21:33,125 DEBUG fUML.Debug [receiveOffer] Firing.
15 Jan 2012 19:21:33,125 DEBUG fUML.Debug [fire] Pin Call(WriteLine).argument...
15 Jan 2012 19:21:33,125 DEBUG fUML.Debug [addToken] node = Call(WriteLine).argument
15 Jan 2012 19:21:33,125 DEBUG fUML.Debug [removeToken] node = ValueAction("Hello World").result
15 Jan 2012 19:21:33,125 DEBUG fUML.Debug [_endIsolation] End isolation.
15 Jan 2012 19:21:33,125 DEBUG fUML.Debug [fire] Action Call(WriteLine)...
15 Jan 2012 19:21:33,125 INFO  fUML.Debug Fire activity=HelloWorld2 action=Call(WriteLine)
15 Jan 2012 19:21:33,125 DEBUG fUML.Debug [takeTokens] node = Call(WriteLine), pin = Call(WriteLine).argument
15 Jan 2012 19:21:33,125 DEBUG fUML.Debug [removeToken] node = Call(WriteLine).argument
15 Jan 2012 19:21:33,125 DEBUG fUML.Debug [execute] Activity WriteLine...
15 Jan 2012 19:21:33,125 INFO  fUML.Debug Execute activity=WriteLine
15 Jan 2012 19:21:33,125 DEBUG fUML.Debug [createNodeActivations] Creating a node activation for ReadExtent(StandardOutputChannel)...
15 Jan 2012 19:21:33,125 DEBUG fUML.Debug [createNodeActivations] Creating a node activation for ReadExtent(StandardOutputChannel).result...
15 Jan 2012 19:21:33,125 DEBUG fUML.Debug [createNodeActivations] Creating a node activation for input(value)...
15 Jan 2012 19:21:33,125 DEBUG fUML.Debug [createNodeActivations] Creating a node activation for Call(StandardOutputChannel::writeLine)...
15 Jan 2012 19:21:33,125 DEBUG fUML.Debug [createNodeActivations] Creating a node activation for Call(StandardOutputChannel::writeLine).target...
15 Jan 2012 19:21:33,125 DEBUG fUML.Debug [createNodeActivations] Creating a node activation for Call(StandardOutputChannel::writeLine).argument...
15 Jan 2012 19:21:33,125 DEBUG fUML.Debug [createEdgeInstances] Creating an edge instance from ReadExtent(StandardOutputChannel).result to Call(StandardOutputChannel::writeLine).target.
15 Jan 2012 19:21:33,125 DEBUG fUML.Debug [createEdgeInstances] Creating an edge instance from input(value) to Call(StandardOutputChannel::writeLine).argument.
15 Jan 2012 19:21:33,125 DEBUG fUML.Debug [run] node = ReadExtent(StandardOutputChannel)
15 Jan 2012 19:21:33,125 DEBUG fUML.Debug [run] node = ReadExtent(StandardOutputChannel).result
15 Jan 2012 19:21:33,125 DEBUG fUML.Debug [run] node = input(value)
15 Jan 2012 19:21:33,125 DEBUG fUML.Debug [run] node = Call(StandardOutputChannel::writeLine)
15 Jan 2012 19:21:33,125 DEBUG fUML.Debug [run] node = Call(StandardOutputChannel::writeLine).target
15 Jan 2012 19:21:33,125 DEBUG fUML.Debug [run] node = Call(StandardOutputChannel::writeLine).argument
15 Jan 2012 19:21:33,125 DEBUG fUML.Debug [run] Checking for enabled nodes...
15 Jan 2012 19:21:33,125 DEBUG fUML.Debug [run] Checking node ReadExtent(StandardOutputChannel)...
15 Jan 2012 19:21:33,125 DEBUG fUML.Debug [run] Node ReadExtent(StandardOutputChannel) is enabled.
15 Jan 2012 19:21:33,125 DEBUG fUML.Debug [run] Checking node ReadExtent(StandardOutputChannel).result...
15 Jan 2012 19:21:33,125 DEBUG fUML.Debug [run] Checking node input(value)...
15 Jan 2012 19:21:33,125 DEBUG fUML.Debug [run] Node input(value) is enabled.
15 Jan 2012 19:21:33,125 DEBUG fUML.Debug [run] Checking node Call(StandardOutputChannel::writeLine)...
15 Jan 2012 19:21:33,125 DEBUG fUML.Debug [run] Checking node Call(StandardOutputChannel::writeLine).target...
15 Jan 2012 19:21:33,125 DEBUG fUML.Debug [run] Checking node Call(StandardOutputChannel::writeLine).argument...
15 Jan 2012 19:21:33,125 DEBUG fUML.Debug [run] Sending offer to node ReadExtent(StandardOutputChannel).
15 Jan 2012 19:21:33,125 DEBUG fUML.Debug [receiveOffer] node = ReadExtent(StandardOutputChannel)
15 Jan 2012 19:21:33,125 DEBUG fUML.Debug [_beginIsolation] Begin isolation.
15 Jan 2012 19:21:33,125 DEBUG fUML.Debug [receiveOffer] Firing.
15 Jan 2012 19:21:33,125 DEBUG fUML.Debug [_endIsolation] End isolation.
15 Jan 2012 19:21:33,125 DEBUG fUML.Debug [fire] Action ReadExtent(StandardOutputChannel)...
15 Jan 2012 19:21:33,125 INFO  fUML.Debug Fire activity=WriteLine action=ReadExtent(StandardOutputChannel)
15 Jan 2012 19:21:33,125 DEBUG fUML.Debug [putToken] node = ReadExtent(StandardOutputChannel)
15 Jan 2012 19:21:33,125 DEBUG fUML.Debug [addToken] node = ReadExtent(StandardOutputChannel).result
15 Jan 2012 19:21:33,125 DEBUG fUML.Debug [receiveOffer] node = Call(StandardOutputChannel::writeLine)
15 Jan 2012 19:21:33,125 DEBUG fUML.Debug [_beginIsolation] Begin isolation.
15 Jan 2012 19:21:33,125 DEBUG fUML.Debug [_endIsolation] End isolation.
15 Jan 2012 19:21:33,125 DEBUG fUML.Debug [fire] Checking if ReadExtent(StandardOutputChannel) should fire again...
15 Jan 2012 19:21:33,125 DEBUG fUML.Debug [_beginIsolation] Begin isolation.
15 Jan 2012 19:21:33,125 DEBUG fUML.Debug [_endIsolation] End isolation.
15 Jan 2012 19:21:33,125 DEBUG fUML.Debug [run] Sending offer to node input(value).
15 Jan 2012 19:21:33,125 DEBUG fUML.Debug [receiveOffer] node = input(value)
15 Jan 2012 19:21:33,125 DEBUG fUML.Debug [_beginIsolation] Begin isolation.
15 Jan 2012 19:21:33,125 DEBUG fUML.Debug [receiveOffer] Firing.
15 Jan 2012 19:21:33,125 DEBUG fUML.Debug [_endIsolation] End isolation.
15 Jan 2012 19:21:33,125 DEBUG fUML.Debug [fire] Input activity parameter node input(value)...
15 Jan 2012 19:21:33,125 DEBUG fUML.Debug [fire] Parameter has 1 value(s).
15 Jan 2012 19:21:33,125 DEBUG fUML.Debug [addToken] node = input(value)
15 Jan 2012 19:21:33,125 DEBUG fUML.Debug [receiveOffer] node = Call(StandardOutputChannel::writeLine)
15 Jan 2012 19:21:33,125 DEBUG fUML.Debug [_beginIsolation] Begin isolation.
15 Jan 2012 19:21:33,125 DEBUG fUML.Debug [receiveOffer] Firing.
15 Jan 2012 19:21:33,125 DEBUG fUML.Debug [fire] Pin Call(StandardOutputChannel::writeLine).target...
15 Jan 2012 19:21:33,125 DEBUG fUML.Debug [addToken] node = Call(StandardOutputChannel::writeLine).target
15 Jan 2012 19:21:33,125 DEBUG fUML.Debug [removeToken] node = ReadExtent(StandardOutputChannel).result
15 Jan 2012 19:21:33,125 DEBUG fUML.Debug [fire] Pin Call(StandardOutputChannel::writeLine).argument...
15 Jan 2012 19:21:33,125 DEBUG fUML.Debug [addToken] node = Call(StandardOutputChannel::writeLine).argument
15 Jan 2012 19:21:33,125 DEBUG fUML.Debug [removeToken] node = input(value)
15 Jan 2012 19:21:33,125 DEBUG fUML.Debug [_endIsolation] End isolation.
15 Jan 2012 19:21:33,125 DEBUG fUML.Debug [fire] Action Call(StandardOutputChannel::writeLine)...
15 Jan 2012 19:21:33,125 INFO  fUML.Debug Fire activity=WriteLine action=Call(StandardOutputChannel::writeLine)
15 Jan 2012 19:21:33,125 DEBUG fUML.Debug [takeTokens] node = Call(StandardOutputChannel::writeLine), pin = Call(StandardOutputChannel::writeLine).target
15 Jan 2012 19:21:33,125 DEBUG fUML.Debug [removeToken] node = Call(StandardOutputChannel::writeLine).target
15 Jan 2012 19:21:33,125 DEBUG fUML.Debug [takeTokens] node = Call(StandardOutputChannel::writeLine), pin = Call(StandardOutputChannel::writeLine).argument
15 Jan 2012 19:21:33,140 DEBUG fUML.Debug [removeToken] node = Call(StandardOutputChannel::writeLine).argument
15 Jan 2012 19:21:33,140 INFO  fUML.Debug >>>>>>>> Hello World!
15 Jan 2012 19:21:33,140 DEBUG fUML.Debug [destroy] object = fUML.Library.LibraryClassImplementation.OperationExecution@194ba17
15 Jan 2012 19:21:33,140 DEBUG fUML.Debug [fire] Checking if Call(StandardOutputChannel::writeLine) should fire again...
15 Jan 2012 19:21:33,140 DEBUG fUML.Debug [_beginIsolation] Begin isolation.
15 Jan 2012 19:21:33,140 DEBUG fUML.Debug [_endIsolation] End isolation.
15 Jan 2012 19:21:33,140 DEBUG fUML.Debug [execute] Activity WriteLine completed.
15 Jan 2012 19:21:33,140 DEBUG fUML.Debug [destroy] object = fUML.Semantics.Activities.IntermediateActivities.ActivityExecution@14562c5
15 Jan 2012 19:21:33,140 DEBUG fUML.Debug [fire] Checking if Call(WriteLine) should fire again...
15 Jan 2012 19:21:33,140 DEBUG fUML.Debug [_beginIsolation] Begin isolation.
15 Jan 2012 19:21:33,140 DEBUG fUML.Debug [_endIsolation] End isolation.
15 Jan 2012 19:21:33,140 DEBUG fUML.Debug [fire] Checking if ValueAction("Hello World") should fire again...
15 Jan 2012 19:21:33,140 DEBUG fUML.Debug [_beginIsolation] Begin isolation.
15 Jan 2012 19:21:33,140 DEBUG fUML.Debug [_endIsolation] End isolation.
15 Jan 2012 19:21:33,140 DEBUG fUML.Debug [execute] Activity HelloWorld2 completed.
15 Jan 2012 19:21:33,140 DEBUG fUML.Debug [destroy] object = fUML.Semantics.Activities.IntermediateActivities.ActivityExecution@577c5e
15 Jan 2012 19:21:33,140 DEBUG fUML.Debug [fire] Checking if Call(test) should fire again...
15 Jan 2012 19:21:33,140 DEBUG fUML.Debug [_beginIsolation] Begin isolation.
15 Jan 2012 19:21:33,140 DEBUG fUML.Debug [_endIsolation] End isolation.
15 Jan 2012 19:21:33,140 DEBUG fUML.Debug [fire] Checking if Create(Sub_HelloWorld2) should fire again...
15 Jan 2012 19:21:33,140 DEBUG fUML.Debug [_beginIsolation] Begin isolation.
15 Jan 2012 19:21:33,140 DEBUG fUML.Debug [_endIsolation] End isolation.
15 Jan 2012 19:21:33,140 DEBUG fUML.Debug [execute] Activity Sub_HelloWorld2Super_ForkJointestCaller completed.
15 Jan 2012 19:21:33,140 DEBUG fUML.Debug [destroy] object = fUML.Semantics.Activities.IntermediateActivities.ActivityExecution@1a631c2
15 Jan 2012 19:21:33,140 DEBUG fUML.Debug 
15 Jan 2012 19:21:33,140 DEBUG fUML.Debug [testPolymorphicOperationCall] Done!
15 Jan 2012 19:21:33,140 INFO  builtin.PolymorphicCallTestCase done
]]></system-out>
  <system-err><![CDATA[]]></system-err>
</testsuite>
