<?xml version="1.0" encoding="UTF-8" ?>
<testsuite errors="0" failures="0" hostname="EVS-MDS-Laptop" name="org.modeldriven.fuml.test.ExecutionTestCase" tests="13" time="7.563" timestamp="2012-01-16T00:21:55">
  <properties>
[...]
</properties>
  <testcase classname="org.modeldriven.fuml.test.ExecutionTestCase" name="testCopierCaller" time="7.234" />
  <testcase classname="org.modeldriven.fuml.test.ExecutionTestCase" name="testCopier" time="0.0" />
  <testcase classname="org.modeldriven.fuml.test.ExecutionTestCase" name="testSimpleDecision" time="0.016" />
  <testcase classname="org.modeldriven.fuml.test.ExecutionTestCase" name="testForkJoin" time="0.0" />
  <testcase classname="org.modeldriven.fuml.test.ExecutionTestCase" name="testDecisionJoin" time="0.031" />
  <testcase classname="org.modeldriven.fuml.test.ExecutionTestCase" name="testForkMerge" time="0.0" />
  <testcase classname="org.modeldriven.fuml.test.ExecutionTestCase" name="testTestClassExtentReader" time="0.031" />
  <testcase classname="org.modeldriven.fuml.test.ExecutionTestCase" name="testSelfReader" time="0.0" />
  <testcase classname="org.modeldriven.fuml.test.ExecutionTestCase" name="testIdentityTester" time="0.016" />
  <testcase classname="org.modeldriven.fuml.test.ExecutionTestCase" name="testTestClassObjectCreator" time="0.0" />
  <testcase classname="org.modeldriven.fuml.test.ExecutionTestCase" name="testObjectDestroyer" time="0.0" />
  <testcase classname="org.modeldriven.fuml.test.ExecutionTestCase" name="testTestClassWriterReader" time="0.015" />
  <testcase classname="org.modeldriven.fuml.test.ExecutionTestCase" name="testTestClassAttributeWriter" time="0.016" />
  <system-out><![CDATA[15 Jan 2012 19:21:55,453 INFO  fuml.Fuml loading artifact, fUML-Tests.mdxml
15 Jan 2012 19:21:55,593 INFO  config.FumlConfiguration initializing...
15 Jan 2012 19:21:55,593 INFO  config.FumlConfigDataBinding loading schema chain...
15 Jan 2012 19:21:55,984 INFO  config.FumlConfiguration loading configuration, DefaultFumlConfig.xml
15 Jan 2012 19:21:56,234 INFO  model.InMemoryRepository initializing...
15 Jan 2012 19:21:56,250 INFO  repository.RepositoryConfigDataBinding loading schema chain...
15 Jan 2012 19:21:56,296 INFO  model.InfrastructureAssembler initializing...
15 Jan 2012 19:21:56,390 INFO  model.SuperstructureAssembler initializing...
15 Jan 2012 19:21:56,453 INFO  model.fUML_SyntaxAssembler initializing...
15 Jan 2012 19:21:56,468 INFO  model.InMemoryRepository performing package merge...
15 Jan 2012 19:21:56,500 INFO  model.InMemoryRepository cacheing classifier attributes and operations...
15 Jan 2012 19:21:56,578 INFO  library.Library initializing...
15 Jan 2012 19:21:56,578 INFO  library.Library loading library artifact, fUML_Library.xmi
15 Jan 2012 19:21:56,578 INFO  io.ArtifactLoader reading fUML_Library.xmi
15 Jan 2012 19:21:57,640 INFO  assembly.ElementAssembler mapped ListSize to org.modeldriven.fuml.library.listfunctions.ListSizeFunctionBehaviorExecution
15 Jan 2012 19:21:57,640 INFO  assembly.ElementAssembler mapped ListGet to org.modeldriven.fuml.library.listfunctions.ListGetFunctionBehaviorExecution
15 Jan 2012 19:21:57,640 INFO  assembly.ElementAssembler mapped ToString to org.modeldriven.fuml.library.unlimitednaturalfunctions.UnlimitedNaturalToStringFunctionBehaviorExecution
15 Jan 2012 19:21:57,640 INFO  assembly.ElementAssembler mapped Min to org.modeldriven.fuml.library.unlimitednaturalfunctions.UnlimitedNaturalMinFunctionBehaviorExecution
15 Jan 2012 19:21:57,640 INFO  assembly.ElementAssembler mapped Max to org.modeldriven.fuml.library.unlimitednaturalfunctions.UnlimitedNaturalMaxFunctionBehaviorExecution
15 Jan 2012 19:21:57,640 INFO  assembly.ElementAssembler mapped ToInteger to org.modeldriven.fuml.library.unlimitednaturalfunctions.UnlimitedNaturalToIntegerFunctionBehaviorExecution
15 Jan 2012 19:21:57,640 INFO  assembly.ElementAssembler mapped ToUnlimitedNatural to org.modeldriven.fuml.library.unlimitednaturalfunctions.UnlimitedNaturalToUnlimitedNaturalFunctionBehaviorExecution
15 Jan 2012 19:21:57,640 INFO  assembly.ElementAssembler mapped >= to org.modeldriven.fuml.library.unlimitednaturalfunctions.UnlimitedNaturalGreaterThanEqualFunctionBehaviorExecution
15 Jan 2012 19:21:57,640 INFO  assembly.ElementAssembler mapped <= to org.modeldriven.fuml.library.unlimitednaturalfunctions.UnlimitedNaturalLessThanEqualFunctionBehaviorExecution
15 Jan 2012 19:21:57,640 INFO  assembly.ElementAssembler mapped > to org.modeldriven.fuml.library.unlimitednaturalfunctions.UnlimitedNaturalGreaterThanFunctionBehaviorExecution
15 Jan 2012 19:21:57,640 INFO  assembly.ElementAssembler mapped < to org.modeldriven.fuml.library.unlimitednaturalfunctions.UnlimitedNaturalLessThanFunctionBehaviorExecution
15 Jan 2012 19:21:57,640 INFO  assembly.ElementAssembler mapped Div to org.modeldriven.fuml.library.integerfunctions.IntegerDivideFunctionBehaviorExecution
15 Jan 2012 19:21:57,640 INFO  assembly.ElementAssembler mapped ToString to org.modeldriven.fuml.library.integerfunctions.IntegerToStringFunctionBehaviorExecution
15 Jan 2012 19:21:57,640 INFO  assembly.ElementAssembler mapped < to org.modeldriven.fuml.library.integerfunctions.IntegerLessThanFunctionBehaviorExecution
15 Jan 2012 19:21:57,640 INFO  assembly.ElementAssembler mapped ToUnlimitedNatural to org.modeldriven.fuml.library.integerfunctions.IntegerToUnlimitedNaturalFunctionBehaviorExecution
15 Jan 2012 19:21:57,640 INFO  assembly.ElementAssembler mapped > to org.modeldriven.fuml.library.integerfunctions.IntegerGreaterThanFunctionBehaviorExecution
15 Jan 2012 19:21:57,640 INFO  assembly.ElementAssembler mapped ToInteger to org.modeldriven.fuml.library.integerfunctions.IntegerToIntegerFunctionBehaviorExecution
15 Jan 2012 19:21:57,640 INFO  assembly.ElementAssembler mapped Max to org.modeldriven.fuml.library.integerfunctions.IntegerMaxFunctionBehaviorExecution
15 Jan 2012 19:21:57,640 INFO  assembly.ElementAssembler mapped + to org.modeldriven.fuml.library.integerfunctions.IntegerPlusFunctionBehaviorExecution
15 Jan 2012 19:21:57,640 INFO  assembly.ElementAssembler mapped Abs to org.modeldriven.fuml.library.integerfunctions.IntegerAbsFunctionBehaviorExecution
15 Jan 2012 19:21:57,640 INFO  assembly.ElementAssembler mapped <= to org.modeldriven.fuml.library.integerfunctions.IntegerLessThanEqualFunctionBehaviorExecution
15 Jan 2012 19:21:57,640 INFO  assembly.ElementAssembler mapped * to org.modeldriven.fuml.library.integerfunctions.IntegerTimesFunctionBehaviorExecution
15 Jan 2012 19:21:57,640 INFO  assembly.ElementAssembler mapped >= to org.modeldriven.fuml.library.integerfunctions.IntegerGreaterThanEqualFunctionBehaviorExecution
15 Jan 2012 19:21:57,640 INFO  assembly.ElementAssembler mapped Neg to org.modeldriven.fuml.library.integerfunctions.IntegerNegateFunctionBehaviorExecution
15 Jan 2012 19:21:57,640 INFO  assembly.ElementAssembler mapped Min to org.modeldriven.fuml.library.integerfunctions.IntegerMinFunctionBehaviorExecution
15 Jan 2012 19:21:57,640 INFO  assembly.ElementAssembler mapped Mod to org.modeldriven.fuml.library.integerfunctions.IntegerModFunctionBehaviorExecution
15 Jan 2012 19:21:57,640 INFO  assembly.ElementAssembler mapped - to org.modeldriven.fuml.library.integerfunctions.IntegerMinusFunctionBehaviorExecution
15 Jan 2012 19:21:57,640 INFO  assembly.ElementAssembler mapped Xor to org.modeldriven.fuml.library.booleanfunctions.BooleanXorFunctionBehaviorExecution
15 Jan 2012 19:21:57,640 INFO  assembly.ElementAssembler mapped Not to org.modeldriven.fuml.library.booleanfunctions.BooleanNotFunctionBehaviorExecution
15 Jan 2012 19:21:57,640 INFO  assembly.ElementAssembler mapped Implies to org.modeldriven.fuml.library.booleanfunctions.BooleanImpliesFunctionBehaviorExecution
15 Jan 2012 19:21:57,640 INFO  assembly.ElementAssembler mapped ToString to org.modeldriven.fuml.library.booleanfunctions.BooleanToStringFunctionBehaviorExecution
15 Jan 2012 19:21:57,640 INFO  assembly.ElementAssembler mapped ToBoolean to org.modeldriven.fuml.library.booleanfunctions.BooleanToBooleanFunctionBehaviorExecution
15 Jan 2012 19:21:57,640 INFO  assembly.ElementAssembler mapped Or to org.modeldriven.fuml.library.booleanfunctions.BooleanOrFunctionBehaviorExecution
15 Jan 2012 19:21:57,640 INFO  assembly.ElementAssembler mapped And to org.modeldriven.fuml.library.booleanfunctions.BooleanAndFunctionBehaviorExecution
15 Jan 2012 19:21:57,640 INFO  assembly.ElementAssembler mapped Concat to org.modeldriven.fuml.library.stringfunctions.StringConcatFunctionBehaviorExecution
15 Jan 2012 19:21:57,640 INFO  assembly.ElementAssembler mapped Size to org.modeldriven.fuml.library.stringfunctions.StringSizeFunctionBehaviorExecution
15 Jan 2012 19:21:57,640 INFO  assembly.ElementAssembler mapped Substring to org.modeldriven.fuml.library.stringfunctions.StringSubstringFunctionBehaviorExecution
15 Jan 2012 19:21:57,640 INFO  assembly.ElementAssembler mapped StandardOutputChannel to org.modeldriven.fuml.library.channel.StandardOutputChannelObject
15 Jan 2012 19:21:57,640 INFO  assembly.ElementAssembler adding to locus: org.modeldriven.fuml.library.channel.StandardOutputChannelObject
15 Jan 2012 19:21:57,640 INFO  assembly.ElementAssembler mapped StandardInputChannel to org.modeldriven.fuml.library.channel.StandardInputChannelObject
15 Jan 2012 19:21:57,640 INFO  assembly.ElementAssembler adding to locus: org.modeldriven.fuml.library.channel.StandardInputChannelObject
15 Jan 2012 19:21:57,656 INFO  library.Library completed library artifact, fUML_Library.xmi
15 Jan 2012 19:21:57,734 WARN  assembly.ElementAssembler no fUML (fUML.Syntax.Classes.Kernel.LiteralInteger) add method or public field found for primitive collection property <java.lang.String> OpaqueExpression.body
15 Jan 2012 19:21:57,734 WARN  assembly.ElementAssembler no fUML (fUML.Syntax.Classes.Kernel.LiteralInteger) add method or public field found for primitive collection property <java.lang.String> OpaqueExpression.language
15 Jan 2012 19:21:57,843 WARN  assembly.ElementAssembler no fUML (fUML.Syntax.Classes.Kernel.LiteralInteger) add method or public field found for primitive collection property <java.lang.String> OpaqueExpression.body
15 Jan 2012 19:21:57,843 WARN  assembly.ElementAssembler no fUML (fUML.Syntax.Classes.Kernel.LiteralInteger) add method or public field found for primitive collection property <java.lang.String> OpaqueExpression.language
15 Jan 2012 19:21:57,843 WARN  assembly.ElementAssembler no fUML (fUML.Syntax.Classes.Kernel.LiteralInteger) add method or public field found for primitive collection property <java.lang.String> OpaqueExpression.body
15 Jan 2012 19:21:57,859 WARN  assembly.ElementAssembler no fUML (fUML.Syntax.Classes.Kernel.LiteralInteger) add method or public field found for primitive collection property <java.lang.String> OpaqueExpression.language
15 Jan 2012 19:21:58,109 WARN  assembly.ElementAssembler no fUML (fUML.Syntax.Classes.Kernel.LiteralInteger) add method or public field found for primitive collection property <java.lang.String> OpaqueExpression.body
15 Jan 2012 19:21:58,109 WARN  assembly.ElementAssembler no fUML (fUML.Syntax.Classes.Kernel.LiteralInteger) add method or public field found for primitive collection property <java.lang.String> OpaqueExpression.language
15 Jan 2012 19:21:58,296 WARN  assembly.ElementAssembler no fUML (fUML.Syntax.Classes.Kernel.LiteralInteger) add method or public field found for primitive collection property <java.lang.String> OpaqueExpression.body
15 Jan 2012 19:21:58,296 WARN  assembly.ElementAssembler no fUML (fUML.Syntax.Classes.Kernel.LiteralInteger) add method or public field found for primitive collection property <java.lang.String> OpaqueExpression.language
15 Jan 2012 19:21:58,453 WARN  assembly.ElementAssembler no fUML (fUML.Syntax.Classes.Kernel.LiteralString) add method or public field found for primitive collection property <java.lang.String> OpaqueExpression.body
15 Jan 2012 19:21:58,453 WARN  assembly.ElementAssembler no fUML (fUML.Syntax.Classes.Kernel.LiteralString) add method or public field found for primitive collection property <java.lang.String> OpaqueExpression.language
15 Jan 2012 19:21:58,484 WARN  assembly.ElementAssembler no fUML (fUML.Syntax.Classes.Kernel.LiteralInteger) add method or public field found for primitive collection property <java.lang.String> OpaqueExpression.body
15 Jan 2012 19:21:58,500 WARN  assembly.ElementAssembler no fUML (fUML.Syntax.Classes.Kernel.LiteralInteger) add method or public field found for primitive collection property <java.lang.String> OpaqueExpression.language
15 Jan 2012 19:21:58,500 WARN  assembly.ElementAssembler no fUML (fUML.Syntax.Classes.Kernel.LiteralInteger) add method or public field found for primitive collection property <java.lang.String> OpaqueExpression.body
15 Jan 2012 19:21:58,500 WARN  assembly.ElementAssembler no fUML (fUML.Syntax.Classes.Kernel.LiteralInteger) add method or public field found for primitive collection property <java.lang.String> OpaqueExpression.language
15 Jan 2012 19:21:58,781 WARN  assembly.ElementAssembler no fUML (fUML.Syntax.Classes.Kernel.LiteralBoolean) add method or public field found for primitive collection property <java.lang.String> OpaqueExpression.body
15 Jan 2012 19:21:58,781 WARN  assembly.ElementAssembler no fUML (fUML.Syntax.Classes.Kernel.LiteralBoolean) add method or public field found for primitive collection property <java.lang.String> OpaqueExpression.language
15 Jan 2012 19:21:58,796 WARN  assembly.ElementAssembler no fUML (fUML.Syntax.Classes.Kernel.LiteralBoolean) add method or public field found for primitive collection property <java.lang.String> OpaqueExpression.body
15 Jan 2012 19:21:58,812 WARN  assembly.ElementAssembler no fUML (fUML.Syntax.Classes.Kernel.LiteralBoolean) add method or public field found for primitive collection property <java.lang.String> OpaqueExpression.language
15 Jan 2012 19:21:59,078 WARN  assembly.ElementAssembler no fUML (fUML.Syntax.Classes.Kernel.LiteralInteger) add method or public field found for primitive collection property <java.lang.String> OpaqueExpression.body
15 Jan 2012 19:21:59,078 WARN  assembly.ElementAssembler no fUML (fUML.Syntax.Classes.Kernel.LiteralInteger) add method or public field found for primitive collection property <java.lang.String> OpaqueExpression.language
15 Jan 2012 19:21:59,093 WARN  assembly.ElementAssembler no fUML (fUML.Syntax.Classes.Kernel.LiteralInteger) add method or public field found for primitive collection property <java.lang.String> OpaqueExpression.body
15 Jan 2012 19:21:59,093 WARN  assembly.ElementAssembler no fUML (fUML.Syntax.Classes.Kernel.LiteralInteger) add method or public field found for primitive collection property <java.lang.String> OpaqueExpression.language
15 Jan 2012 19:21:59,171 WARN  assembly.ElementAssembler no fUML (fUML.Syntax.Classes.Kernel.LiteralInteger) add method or public field found for primitive collection property <java.lang.String> OpaqueExpression.body
15 Jan 2012 19:21:59,171 WARN  assembly.ElementAssembler no fUML (fUML.Syntax.Classes.Kernel.LiteralInteger) add method or public field found for primitive collection property <java.lang.String> OpaqueExpression.body
15 Jan 2012 19:21:59,203 WARN  assembly.ElementAssembler no fUML (fUML.Syntax.Classes.Kernel.LiteralInteger) add method or public field found for primitive collection property <java.lang.String> OpaqueExpression.body
15 Jan 2012 19:21:59,203 WARN  assembly.ElementAssembler no fUML (fUML.Syntax.Classes.Kernel.LiteralInteger) add method or public field found for primitive collection property <java.lang.String> OpaqueExpression.language
15 Jan 2012 19:21:59,218 WARN  assembly.ElementAssembler no fUML (fUML.Syntax.Classes.Kernel.LiteralInteger) add method or public field found for primitive collection property <java.lang.String> OpaqueExpression.body
15 Jan 2012 19:21:59,218 WARN  assembly.ElementAssembler no fUML (fUML.Syntax.Classes.Kernel.LiteralInteger) add method or public field found for primitive collection property <java.lang.String> OpaqueExpression.language
15 Jan 2012 19:21:59,218 WARN  assembly.ElementAssembler no fUML (fUML.Syntax.Classes.Kernel.LiteralInteger) add method or public field found for primitive collection property <java.lang.String> OpaqueExpression.body
15 Jan 2012 19:21:59,234 WARN  assembly.ElementAssembler no fUML (fUML.Syntax.Classes.Kernel.LiteralInteger) add method or public field found for primitive collection property <java.lang.String> OpaqueExpression.language
15 Jan 2012 19:21:59,421 WARN  assembly.ElementAssembler no fUML (fUML.Syntax.Classes.Kernel.LiteralInteger) add method or public field found for primitive collection property <java.lang.String> OpaqueExpression.body
15 Jan 2012 19:21:59,421 WARN  assembly.ElementAssembler no fUML (fUML.Syntax.Classes.Kernel.LiteralInteger) add method or public field found for primitive collection property <java.lang.String> OpaqueExpression.language
15 Jan 2012 19:21:59,437 WARN  assembly.ElementAssembler no fUML (fUML.Syntax.Classes.Kernel.LiteralInteger) add method or public field found for primitive collection property <java.lang.String> OpaqueExpression.body
15 Jan 2012 19:21:59,437 WARN  assembly.ElementAssembler no fUML (fUML.Syntax.Classes.Kernel.LiteralInteger) add method or public field found for primitive collection property <java.lang.String> OpaqueExpression.language
15 Jan 2012 19:21:59,703 WARN  assembly.ElementAssembler no fUML (fUML.Syntax.Classes.Kernel.LiteralInteger) add method or public field found for primitive collection property <java.lang.String> OpaqueExpression.body
15 Jan 2012 19:21:59,703 WARN  assembly.ElementAssembler no fUML (fUML.Syntax.Classes.Kernel.LiteralInteger) add method or public field found for primitive collection property <java.lang.String> OpaqueExpression.language
15 Jan 2012 19:21:59,781 WARN  assembly.ElementAssembler no fUML (fUML.Syntax.Classes.Kernel.LiteralInteger) add method or public field found for primitive collection property <java.lang.String> OpaqueExpression.body
15 Jan 2012 19:21:59,781 WARN  assembly.ElementAssembler no fUML (fUML.Syntax.Classes.Kernel.LiteralInteger) add method or public field found for primitive collection property <java.lang.String> OpaqueExpression.language
15 Jan 2012 19:21:59,906 WARN  assembly.ElementAssembler no fUML (fUML.Syntax.Classes.Kernel.LiteralUnlimitedNatural) add method or public field found for primitive collection property <java.lang.String> OpaqueExpression.body
15 Jan 2012 19:21:59,906 WARN  assembly.ElementAssembler no fUML (fUML.Syntax.Classes.Kernel.LiteralUnlimitedNatural) add method or public field found for primitive collection property <java.lang.String> OpaqueExpression.language
15 Jan 2012 19:21:59,921 WARN  assembly.ElementAssembler no fUML (fUML.Syntax.Classes.Kernel.LiteralUnlimitedNatural) add method or public field found for primitive collection property <java.lang.String> OpaqueExpression.body
15 Jan 2012 19:21:59,921 WARN  assembly.ElementAssembler no fUML (fUML.Syntax.Classes.Kernel.LiteralUnlimitedNatural) add method or public field found for primitive collection property <java.lang.String> OpaqueExpression.language
15 Jan 2012 19:22:00,062 WARN  assembly.ElementAssembler no fUML (fUML.Syntax.Classes.Kernel.LiteralUnlimitedNatural) add method or public field found for primitive collection property <java.lang.String> OpaqueExpression.body
15 Jan 2012 19:22:00,062 WARN  assembly.ElementAssembler no fUML (fUML.Syntax.Classes.Kernel.LiteralUnlimitedNatural) add method or public field found for primitive collection property <java.lang.String> OpaqueExpression.language
15 Jan 2012 19:22:00,468 WARN  assembly.ElementAssembler no fUML (fUML.Syntax.Classes.Kernel.LiteralInteger) add method or public field found for primitive collection property <java.lang.String> OpaqueExpression.body
15 Jan 2012 19:22:00,468 WARN  assembly.ElementAssembler no fUML (fUML.Syntax.Classes.Kernel.LiteralInteger) add method or public field found for primitive collection property <java.lang.String> OpaqueExpression.body
15 Jan 2012 19:22:00,500 WARN  assembly.ElementAssembler no fUML (fUML.Syntax.Classes.Kernel.LiteralInteger) add method or public field found for primitive collection property <java.lang.String> OpaqueExpression.body
15 Jan 2012 19:22:00,500 WARN  assembly.ElementAssembler no fUML (fUML.Syntax.Classes.Kernel.LiteralInteger) add method or public field found for primitive collection property <java.lang.String> OpaqueExpression.language
15 Jan 2012 19:22:00,593 WARN  assembly.ElementAssembler no fUML (fUML.Syntax.Classes.Kernel.LiteralUnlimitedNatural) add method or public field found for primitive collection property <java.lang.String> OpaqueExpression.body
15 Jan 2012 19:22:00,593 WARN  assembly.ElementAssembler no fUML (fUML.Syntax.Classes.Kernel.LiteralUnlimitedNatural) add method or public field found for primitive collection property <java.lang.String> OpaqueExpression.language
15 Jan 2012 19:22:00,671 WARN  assembly.ElementAssembler no fUML (fUML.Syntax.Classes.Kernel.LiteralBoolean) add method or public field found for primitive collection property <java.lang.String> OpaqueExpression.body
15 Jan 2012 19:22:00,671 WARN  assembly.ElementAssembler no fUML (fUML.Syntax.Classes.Kernel.LiteralBoolean) add method or public field found for primitive collection property <java.lang.String> OpaqueExpression.language
15 Jan 2012 19:22:00,671 WARN  assembly.ElementAssembler no fUML (fUML.Syntax.Classes.Kernel.LiteralBoolean) add method or public field found for primitive collection property <java.lang.String> OpaqueExpression.body
15 Jan 2012 19:22:00,671 WARN  assembly.ElementAssembler no fUML (fUML.Syntax.Classes.Kernel.LiteralBoolean) add method or public field found for primitive collection property <java.lang.String> OpaqueExpression.language
15 Jan 2012 19:22:00,687 WARN  assembly.ElementAssembler no fUML (fUML.Syntax.Classes.Kernel.LiteralBoolean) add method or public field found for primitive collection property <java.lang.String> OpaqueExpression.body
15 Jan 2012 19:22:00,687 WARN  assembly.ElementAssembler no fUML (fUML.Syntax.Classes.Kernel.LiteralBoolean) add method or public field found for primitive collection property <java.lang.String> OpaqueExpression.language
15 Jan 2012 19:22:00,687 WARN  assembly.ElementAssembler no fUML (fUML.Syntax.Classes.Kernel.LiteralBoolean) add method or public field found for primitive collection property <java.lang.String> OpaqueExpression.body
15 Jan 2012 19:22:00,687 WARN  assembly.ElementAssembler no fUML (fUML.Syntax.Classes.Kernel.LiteralBoolean) add method or public field found for primitive collection property <java.lang.String> OpaqueExpression.language
15 Jan 2012 19:22:00,703 WARN  assembly.ElementAssembler no fUML (fUML.Syntax.Classes.Kernel.LiteralBoolean) add method or public field found for primitive collection property <java.lang.String> OpaqueExpression.body
15 Jan 2012 19:22:00,703 WARN  assembly.ElementAssembler no fUML (fUML.Syntax.Classes.Kernel.LiteralBoolean) add method or public field found for primitive collection property <java.lang.String> OpaqueExpression.language
15 Jan 2012 19:22:00,703 WARN  assembly.ElementAssembler no fUML (fUML.Syntax.Classes.Kernel.LiteralBoolean) add method or public field found for primitive collection property <java.lang.String> OpaqueExpression.body
15 Jan 2012 19:22:00,703 WARN  assembly.ElementAssembler no fUML (fUML.Syntax.Classes.Kernel.LiteralBoolean) add method or public field found for primitive collection property <java.lang.String> OpaqueExpression.language
15 Jan 2012 19:22:00,718 WARN  assembly.ElementAssembler no fUML (fUML.Syntax.Classes.Kernel.LiteralBoolean) add method or public field found for primitive collection property <java.lang.String> OpaqueExpression.body
15 Jan 2012 19:22:00,718 WARN  assembly.ElementAssembler no fUML (fUML.Syntax.Classes.Kernel.LiteralBoolean) add method or public field found for primitive collection property <java.lang.String> OpaqueExpression.language
15 Jan 2012 19:22:00,718 WARN  assembly.ElementAssembler no fUML (fUML.Syntax.Classes.Kernel.LiteralBoolean) add method or public field found for primitive collection property <java.lang.String> OpaqueExpression.body
15 Jan 2012 19:22:00,718 WARN  assembly.ElementAssembler no fUML (fUML.Syntax.Classes.Kernel.LiteralBoolean) add method or public field found for primitive collection property <java.lang.String> OpaqueExpression.language
15 Jan 2012 19:22:00,875 WARN  assembly.ElementAssembler no fUML (fUML.Syntax.Classes.Kernel.LiteralString) add method or public field found for primitive collection property <java.lang.String> OpaqueExpression.body
15 Jan 2012 19:22:00,875 WARN  assembly.ElementAssembler no fUML (fUML.Syntax.Classes.Kernel.LiteralString) add method or public field found for primitive collection property <java.lang.String> OpaqueExpression.language
15 Jan 2012 19:22:01,000 WARN  assembly.ElementAssembler no fUML (fUML.Syntax.Classes.Kernel.LiteralInteger) add method or public field found for primitive collection property <java.lang.String> OpaqueExpression.body
15 Jan 2012 19:22:01,000 WARN  assembly.ElementAssembler no fUML (fUML.Syntax.Classes.Kernel.LiteralInteger) add method or public field found for primitive collection property <java.lang.String> OpaqueExpression.language
15 Jan 2012 19:22:01,015 WARN  assembly.ElementAssembler no fUML (fUML.Syntax.Classes.Kernel.LiteralInteger) add method or public field found for primitive collection property <java.lang.String> OpaqueExpression.body
15 Jan 2012 19:22:01,015 WARN  assembly.ElementAssembler no fUML (fUML.Syntax.Classes.Kernel.LiteralInteger) add method or public field found for primitive collection property <java.lang.String> OpaqueExpression.language
15 Jan 2012 19:22:01,015 WARN  assembly.ElementAssembler no fUML (fUML.Syntax.Classes.Kernel.LiteralInteger) add method or public field found for primitive collection property <java.lang.String> OpaqueExpression.body
15 Jan 2012 19:22:01,015 WARN  assembly.ElementAssembler no fUML (fUML.Syntax.Classes.Kernel.LiteralInteger) add method or public field found for primitive collection property <java.lang.String> OpaqueExpression.language
15 Jan 2012 19:22:01,031 WARN  assembly.ElementAssembler no fUML (fUML.Syntax.Classes.Kernel.LiteralInteger) add method or public field found for primitive collection property <java.lang.String> OpaqueExpression.body
15 Jan 2012 19:22:01,031 WARN  assembly.ElementAssembler no fUML (fUML.Syntax.Classes.Kernel.LiteralInteger) add method or public field found for primitive collection property <java.lang.String> OpaqueExpression.language
15 Jan 2012 19:22:02,296 INFO  test.ExecutionTestCase executing behavior: CopierCaller
[execute] creating 1 parameter(s):
[execute] executing the behavior...
15 Jan 2012 19:22:02,312 DEBUG fUML.Debug [execute] Activity CopierCaller...
15 Jan 2012 19:22:02,312 INFO  fUML.Debug Execute activity=CopierCaller
15 Jan 2012 19:22:02,312 DEBUG fUML.Debug [createNodeActivations] Creating a node activation for Call(Copier)...
15 Jan 2012 19:22:02,328 DEBUG fUML.Debug [createNodeActivations] Creating a node activation for Copier.input...
15 Jan 2012 19:22:02,328 DEBUG fUML.Debug [createNodeActivations] Creating a node activation for Copier.output...
15 Jan 2012 19:22:02,328 DEBUG fUML.Debug [createNodeActivations] Creating a node activation for Parameter(output)...
15 Jan 2012 19:22:02,328 DEBUG fUML.Debug [createNodeActivations] Creating a node activation for Value(0)...
15 Jan 2012 19:22:02,328 DEBUG fUML.Debug [createNodeActivations] Creating a node activation for Value(0).result...
15 Jan 2012 19:22:02,328 DEBUG fUML.Debug [createEdgeInstances] Creating an edge instance from Copier.output to Parameter(output).
15 Jan 2012 19:22:02,328 DEBUG fUML.Debug [createEdgeInstances] Creating an edge instance from Value(0).result to Copier.input.
15 Jan 2012 19:22:02,328 DEBUG fUML.Debug [run] node = Call(Copier)
15 Jan 2012 19:22:02,328 DEBUG fUML.Debug [run] node = Copier.input
15 Jan 2012 19:22:02,328 DEBUG fUML.Debug [run] node = Copier.output
15 Jan 2012 19:22:02,328 DEBUG fUML.Debug [run] node = Parameter(output)
15 Jan 2012 19:22:02,328 DEBUG fUML.Debug [run] node = Value(0)
15 Jan 2012 19:22:02,328 DEBUG fUML.Debug [run] node = Value(0).result
15 Jan 2012 19:22:02,343 DEBUG fUML.Debug [run] Checking for enabled nodes...
15 Jan 2012 19:22:02,343 DEBUG fUML.Debug [run] Checking node Call(Copier)...
15 Jan 2012 19:22:02,343 DEBUG fUML.Debug [run] Checking node Copier.input...
15 Jan 2012 19:22:02,343 DEBUG fUML.Debug [run] Checking node Copier.output...
15 Jan 2012 19:22:02,343 DEBUG fUML.Debug [run] Checking node Parameter(output)...
15 Jan 2012 19:22:02,343 DEBUG fUML.Debug [run] Checking node Value(0)...
15 Jan 2012 19:22:02,343 DEBUG fUML.Debug [run] Node Value(0) is enabled.
15 Jan 2012 19:22:02,343 DEBUG fUML.Debug [run] Checking node Value(0).result...
15 Jan 2012 19:22:02,343 DEBUG fUML.Debug [run] Sending offer to node Value(0).
15 Jan 2012 19:22:02,343 DEBUG fUML.Debug [receiveOffer] node = Value(0)
15 Jan 2012 19:22:02,343 DEBUG fUML.Debug [_beginIsolation] Begin isolation.
15 Jan 2012 19:22:02,343 DEBUG fUML.Debug [receiveOffer] Firing.
15 Jan 2012 19:22:02,343 DEBUG fUML.Debug [_endIsolation] End isolation.
15 Jan 2012 19:22:02,343 DEBUG fUML.Debug [fire] Action Value(0)...
15 Jan 2012 19:22:02,343 INFO  fUML.Debug Fire activity=CopierCaller action=Value(0)
15 Jan 2012 19:22:02,343 DEBUG fUML.Debug [putToken] node = Value(0)
15 Jan 2012 19:22:02,343 DEBUG fUML.Debug [addToken] node = Value(0).result
15 Jan 2012 19:22:02,343 DEBUG fUML.Debug [receiveOffer] node = Call(Copier)
15 Jan 2012 19:22:02,343 DEBUG fUML.Debug [_beginIsolation] Begin isolation.
15 Jan 2012 19:22:02,343 DEBUG fUML.Debug [receiveOffer] Firing.
15 Jan 2012 19:22:02,343 DEBUG fUML.Debug [fire] Pin Copier.input...
15 Jan 2012 19:22:02,343 DEBUG fUML.Debug [addToken] node = Copier.input
15 Jan 2012 19:22:02,343 DEBUG fUML.Debug [removeToken] node = Value(0).result
15 Jan 2012 19:22:02,343 DEBUG fUML.Debug [_endIsolation] End isolation.
15 Jan 2012 19:22:02,343 DEBUG fUML.Debug [fire] Action Call(Copier)...
15 Jan 2012 19:22:02,343 INFO  fUML.Debug Fire activity=CopierCaller action=Call(Copier)
15 Jan 2012 19:22:02,343 DEBUG fUML.Debug [takeTokens] node = Call(Copier), pin = Copier.input
15 Jan 2012 19:22:02,343 DEBUG fUML.Debug [removeToken] node = Copier.input
15 Jan 2012 19:22:02,343 DEBUG fUML.Debug [execute] Activity Copier...
15 Jan 2012 19:22:02,343 INFO  fUML.Debug Execute activity=Copier
15 Jan 2012 19:22:02,359 DEBUG fUML.Debug [createNodeActivations] Creating a node activation for Parameter(input)...
15 Jan 2012 19:22:02,359 DEBUG fUML.Debug [createNodeActivations] Creating a node activation for Parameter(output)...
15 Jan 2012 19:22:02,359 DEBUG fUML.Debug [createEdgeInstances] Creating an edge instance from Parameter(input) to Parameter(output).
15 Jan 2012 19:22:02,359 DEBUG fUML.Debug [run] node = Parameter(input)
15 Jan 2012 19:22:02,359 DEBUG fUML.Debug [run] node = Parameter(output)
15 Jan 2012 19:22:02,359 DEBUG fUML.Debug [run] Checking for enabled nodes...
15 Jan 2012 19:22:02,359 DEBUG fUML.Debug [run] Checking node Parameter(input)...
15 Jan 2012 19:22:02,359 DEBUG fUML.Debug [run] Node Parameter(input) is enabled.
15 Jan 2012 19:22:02,359 DEBUG fUML.Debug [run] Checking node Parameter(output)...
15 Jan 2012 19:22:02,359 DEBUG fUML.Debug [run] Sending offer to node Parameter(input).
15 Jan 2012 19:22:02,359 DEBUG fUML.Debug [receiveOffer] node = Parameter(input)
15 Jan 2012 19:22:02,359 DEBUG fUML.Debug [_beginIsolation] Begin isolation.
15 Jan 2012 19:22:02,359 DEBUG fUML.Debug [receiveOffer] Firing.
15 Jan 2012 19:22:02,359 DEBUG fUML.Debug [_endIsolation] End isolation.
15 Jan 2012 19:22:02,359 DEBUG fUML.Debug [fire] Input activity parameter node Parameter(input)...
15 Jan 2012 19:22:02,359 DEBUG fUML.Debug [fire] Parameter has 1 value(s).
15 Jan 2012 19:22:02,359 DEBUG fUML.Debug [addToken] node = Parameter(input)
15 Jan 2012 19:22:02,359 DEBUG fUML.Debug [receiveOffer] node = Parameter(output)
15 Jan 2012 19:22:02,359 DEBUG fUML.Debug [_beginIsolation] Begin isolation.
15 Jan 2012 19:22:02,359 DEBUG fUML.Debug [receiveOffer] Firing.
15 Jan 2012 19:22:02,359 DEBUG fUML.Debug [_endIsolation] End isolation.
15 Jan 2012 19:22:02,359 DEBUG fUML.Debug [fire] Output activity parameter node Parameter(output)...
15 Jan 2012 19:22:02,359 DEBUG fUML.Debug [addToken] node = Parameter(output)
15 Jan 2012 19:22:02,359 DEBUG fUML.Debug [removeToken] node = Parameter(input)
15 Jan 2012 19:22:02,359 INFO  fUML.Debug Output activity=Copier parameter=output value=888
15 Jan 2012 19:22:02,359 DEBUG fUML.Debug [execute] Activity Copier completed.
15 Jan 2012 19:22:02,359 DEBUG fUML.Debug [putToken] node = Call(Copier)
15 Jan 2012 19:22:02,359 DEBUG fUML.Debug [addToken] node = Copier.output
15 Jan 2012 19:22:02,359 DEBUG fUML.Debug [destroy] object = org.modeldriven.fuml.environment.ActivityExecution@19aed36
15 Jan 2012 19:22:02,359 DEBUG fUML.Debug [receiveOffer] node = Parameter(output)
15 Jan 2012 19:22:02,359 DEBUG fUML.Debug [_beginIsolation] Begin isolation.
15 Jan 2012 19:22:02,359 DEBUG fUML.Debug [receiveOffer] Firing.
15 Jan 2012 19:22:02,359 DEBUG fUML.Debug [_endIsolation] End isolation.
15 Jan 2012 19:22:02,359 DEBUG fUML.Debug [fire] Output activity parameter node Parameter(output)...
15 Jan 2012 19:22:02,359 DEBUG fUML.Debug [addToken] node = Parameter(output)
15 Jan 2012 19:22:02,359 DEBUG fUML.Debug [removeToken] node = Copier.output
15 Jan 2012 19:22:02,359 DEBUG fUML.Debug [fire] Checking if Call(Copier) should fire again...
15 Jan 2012 19:22:02,359 DEBUG fUML.Debug [_beginIsolation] Begin isolation.
15 Jan 2012 19:22:02,359 DEBUG fUML.Debug [_endIsolation] End isolation.
15 Jan 2012 19:22:02,359 DEBUG fUML.Debug [fire] Checking if Value(0) should fire again...
15 Jan 2012 19:22:02,359 DEBUG fUML.Debug [_beginIsolation] Begin isolation.
15 Jan 2012 19:22:02,359 DEBUG fUML.Debug [_endIsolation] End isolation.
15 Jan 2012 19:22:02,359 INFO  fUML.Debug Output activity=CopierCaller parameter=output value=888
15 Jan 2012 19:22:02,359 DEBUG fUML.Debug [execute] Activity CopierCaller completed.
15 Jan 2012 19:22:02,359 DEBUG fUML.Debug [destroy] object = org.modeldriven.fuml.environment.ActivityExecution@4b99fa
[execute] output parameter 'output' has 1 value(s)
[execute] value [0] = 888
15 Jan 2012 19:22:02,359 INFO  test.ExecutionTestCase done
15 Jan 2012 19:22:02,359 INFO  test.ExecutionTestCase executing behavior: Copier
[execute] creating 2 parameter(s):
[execute] creating parameter value for parameter 'input'
[execute] value = 0
[execute] executing the behavior...
15 Jan 2012 19:22:02,359 DEBUG fUML.Debug [execute] Activity Copier...
15 Jan 2012 19:22:02,359 INFO  fUML.Debug Execute activity=Copier
15 Jan 2012 19:22:02,359 DEBUG fUML.Debug [createNodeActivations] Creating a node activation for Parameter(input)...
15 Jan 2012 19:22:02,359 DEBUG fUML.Debug [createNodeActivations] Creating a node activation for Parameter(output)...
15 Jan 2012 19:22:02,359 DEBUG fUML.Debug [createEdgeInstances] Creating an edge instance from Parameter(input) to Parameter(output).
15 Jan 2012 19:22:02,359 DEBUG fUML.Debug [run] node = Parameter(input)
15 Jan 2012 19:22:02,359 DEBUG fUML.Debug [run] node = Parameter(output)
15 Jan 2012 19:22:02,359 DEBUG fUML.Debug [run] Checking for enabled nodes...
15 Jan 2012 19:22:02,359 DEBUG fUML.Debug [run] Checking node Parameter(input)...
15 Jan 2012 19:22:02,359 DEBUG fUML.Debug [run] Node Parameter(input) is enabled.
15 Jan 2012 19:22:02,359 DEBUG fUML.Debug [run] Checking node Parameter(output)...
15 Jan 2012 19:22:02,359 DEBUG fUML.Debug [run] Sending offer to node Parameter(input).
15 Jan 2012 19:22:02,359 DEBUG fUML.Debug [receiveOffer] node = Parameter(input)
15 Jan 2012 19:22:02,359 DEBUG fUML.Debug [_beginIsolation] Begin isolation.
15 Jan 2012 19:22:02,359 DEBUG fUML.Debug [receiveOffer] Firing.
15 Jan 2012 19:22:02,359 DEBUG fUML.Debug [_endIsolation] End isolation.
15 Jan 2012 19:22:02,359 DEBUG fUML.Debug [fire] Input activity parameter node Parameter(input)...
15 Jan 2012 19:22:02,359 DEBUG fUML.Debug [fire] Parameter has 1 value(s).
15 Jan 2012 19:22:02,359 DEBUG fUML.Debug [addToken] node = Parameter(input)
15 Jan 2012 19:22:02,359 DEBUG fUML.Debug [receiveOffer] node = Parameter(output)
15 Jan 2012 19:22:02,359 DEBUG fUML.Debug [_beginIsolation] Begin isolation.
15 Jan 2012 19:22:02,359 DEBUG fUML.Debug [receiveOffer] Firing.
15 Jan 2012 19:22:02,359 DEBUG fUML.Debug [_endIsolation] End isolation.
15 Jan 2012 19:22:02,359 DEBUG fUML.Debug [fire] Output activity parameter node Parameter(output)...
15 Jan 2012 19:22:02,359 DEBUG fUML.Debug [addToken] node = Parameter(output)
15 Jan 2012 19:22:02,359 DEBUG fUML.Debug [removeToken] node = Parameter(input)
15 Jan 2012 19:22:02,359 INFO  fUML.Debug Output activity=Copier parameter=output value=0
15 Jan 2012 19:22:02,359 DEBUG fUML.Debug [execute] Activity Copier completed.
15 Jan 2012 19:22:02,359 DEBUG fUML.Debug [destroy] object = org.modeldriven.fuml.environment.ActivityExecution@eb2b93
[execute] output parameter 'output' has 1 value(s)
[execute] value [0] = 0
15 Jan 2012 19:22:02,359 INFO  test.ExecutionTestCase done
15 Jan 2012 19:22:02,359 INFO  test.ExecutionTestCase executing behavior: SimpleDecision
[execute] creating 3 parameter(s):
[execute] creating parameter value for parameter 'testValue'
[execute] value = 0
[execute] executing the behavior...
15 Jan 2012 19:22:02,359 DEBUG fUML.Debug [execute] Activity SimpleDecision...
15 Jan 2012 19:22:02,359 INFO  fUML.Debug Execute activity=SimpleDecision
15 Jan 2012 19:22:02,359 DEBUG fUML.Debug [createNodeActivations] Creating a node activation for Parameter(testValue)...
15 Jan 2012 19:22:02,359 DEBUG fUML.Debug [createNodeActivations] Creating a node activation for Parameter(output_0)...
15 Jan 2012 19:22:02,359 DEBUG fUML.Debug [createNodeActivations] Creating a node activation for Parameter(output_1)...
15 Jan 2012 19:22:02,359 DEBUG fUML.Debug [createNodeActivations] Creating a node activation for DecisionNode...
15 Jan 2012 19:22:02,359 DEBUG fUML.Debug [createEdgeInstances] Creating an edge instance from Parameter(testValue) to DecisionNode.
15 Jan 2012 19:22:02,359 DEBUG fUML.Debug [createEdgeInstances] Creating an edge instance from DecisionNode to Parameter(output_0).
15 Jan 2012 19:22:02,359 DEBUG fUML.Debug [createEdgeInstances] Creating an edge instance from DecisionNode to Parameter(output_1).
15 Jan 2012 19:22:02,359 DEBUG fUML.Debug [run] node = Parameter(testValue)
15 Jan 2012 19:22:02,359 DEBUG fUML.Debug [run] node = Parameter(output_0)
15 Jan 2012 19:22:02,359 DEBUG fUML.Debug [run] node = Parameter(output_1)
15 Jan 2012 19:22:02,359 DEBUG fUML.Debug [run] node = DecisionNode
15 Jan 2012 19:22:02,359 DEBUG fUML.Debug [run] Checking for enabled nodes...
15 Jan 2012 19:22:02,359 DEBUG fUML.Debug [run] Checking node Parameter(testValue)...
15 Jan 2012 19:22:02,359 DEBUG fUML.Debug [run] Node Parameter(testValue) is enabled.
15 Jan 2012 19:22:02,359 DEBUG fUML.Debug [run] Checking node Parameter(output_0)...
15 Jan 2012 19:22:02,359 DEBUG fUML.Debug [run] Checking node Parameter(output_1)...
15 Jan 2012 19:22:02,359 DEBUG fUML.Debug [run] Checking node DecisionNode...
15 Jan 2012 19:22:02,359 DEBUG fUML.Debug [run] Sending offer to node Parameter(testValue).
15 Jan 2012 19:22:02,359 DEBUG fUML.Debug [receiveOffer] node = Parameter(testValue)
15 Jan 2012 19:22:02,359 DEBUG fUML.Debug [_beginIsolation] Begin isolation.
15 Jan 2012 19:22:02,359 DEBUG fUML.Debug [receiveOffer] Firing.
15 Jan 2012 19:22:02,359 DEBUG fUML.Debug [_endIsolation] End isolation.
15 Jan 2012 19:22:02,359 DEBUG fUML.Debug [fire] Input activity parameter node Parameter(testValue)...
15 Jan 2012 19:22:02,359 DEBUG fUML.Debug [fire] Parameter has 1 value(s).
15 Jan 2012 19:22:02,359 DEBUG fUML.Debug [addToken] node = Parameter(testValue)
15 Jan 2012 19:22:02,359 DEBUG fUML.Debug [receiveOffer] node = DecisionNode
15 Jan 2012 19:22:02,359 DEBUG fUML.Debug [_beginIsolation] Begin isolation.
15 Jan 2012 19:22:02,359 DEBUG fUML.Debug [receiveOffer] Firing.
15 Jan 2012 19:22:02,359 DEBUG fUML.Debug [_endIsolation] End isolation.
15 Jan 2012 19:22:02,359 DEBUG fUML.Debug [fire] Decision node DecisionNode...
15 Jan 2012 19:22:02,375 DEBUG fUML.Debug [executeDecisionBehavior] inputValue = 0
15 Jan 2012 19:22:02,375 DEBUG fUML.Debug [getDecisionValues] decisionValues[0] = 0
15 Jan 2012 19:22:02,375 DEBUG fUML.Debug [receiveOffer] node = Parameter(output_0)
15 Jan 2012 19:22:02,375 DEBUG fUML.Debug [_beginIsolation] Begin isolation.
15 Jan 2012 19:22:02,375 DEBUG fUML.Debug [receiveOffer] Firing.
15 Jan 2012 19:22:02,375 DEBUG fUML.Debug [_endIsolation] End isolation.
15 Jan 2012 19:22:02,375 DEBUG fUML.Debug [fire] Output activity parameter node Parameter(output_0)...
15 Jan 2012 19:22:02,375 DEBUG fUML.Debug [addToken] node = Parameter(output_0)
15 Jan 2012 19:22:02,375 DEBUG fUML.Debug [removeToken] node = Parameter(testValue)
15 Jan 2012 19:22:02,375 INFO  fUML.Debug Output activity=SimpleDecision parameter=output_0 value=0
15 Jan 2012 19:22:02,375 DEBUG fUML.Debug [execute] Activity SimpleDecision completed.
15 Jan 2012 19:22:02,375 DEBUG fUML.Debug [destroy] object = org.modeldriven.fuml.environment.ActivityExecution@caf446
[execute] output parameter 'output_0' has 1 value(s)
[execute] value [0] = 0
[execute] output parameter 'output_1' has 0 value(s)
15 Jan 2012 19:22:02,375 INFO  test.ExecutionTestCase done
15 Jan 2012 19:22:02,375 INFO  test.ExecutionTestCase executing behavior: ForkJoin
[execute] creating 0 parameter(s):
[execute] executing the behavior...
15 Jan 2012 19:22:02,375 DEBUG fUML.Debug [execute] Activity ForkJoin...
15 Jan 2012 19:22:02,375 INFO  fUML.Debug Execute activity=ForkJoin
15 Jan 2012 19:22:02,375 DEBUG fUML.Debug [createNodeActivations] Creating a node activation for InitialNode...
15 Jan 2012 19:22:02,375 DEBUG fUML.Debug [createNodeActivations] Creating a node activation for ForkNode...
15 Jan 2012 19:22:02,375 DEBUG fUML.Debug [createNodeActivations] Creating a node activation for FinalNode...
15 Jan 2012 19:22:02,375 DEBUG fUML.Debug [createNodeActivations] Creating a node activation for JoinNode...
15 Jan 2012 19:22:02,375 DEBUG fUML.Debug [createEdgeInstances] Creating an edge instance from InitialNode to ForkNode.
15 Jan 2012 19:22:02,375 DEBUG fUML.Debug [createEdgeInstances] Creating an edge instance from ForkNode to JoinNode.
15 Jan 2012 19:22:02,375 DEBUG fUML.Debug [createEdgeInstances] Creating an edge instance from ForkNode to JoinNode.
15 Jan 2012 19:22:02,375 DEBUG fUML.Debug [createEdgeInstances] Creating an edge instance from JoinNode to FinalNode.
15 Jan 2012 19:22:02,375 DEBUG fUML.Debug [run] node = InitialNode
15 Jan 2012 19:22:02,375 DEBUG fUML.Debug [run] node = ForkNode
15 Jan 2012 19:22:02,375 DEBUG fUML.Debug [run] node = FinalNode
15 Jan 2012 19:22:02,375 DEBUG fUML.Debug [run] node = JoinNode
15 Jan 2012 19:22:02,375 DEBUG fUML.Debug [run] Checking for enabled nodes...
15 Jan 2012 19:22:02,375 DEBUG fUML.Debug [run] Checking node InitialNode...
15 Jan 2012 19:22:02,375 DEBUG fUML.Debug [run] Node InitialNode is enabled.
15 Jan 2012 19:22:02,375 DEBUG fUML.Debug [run] Checking node ForkNode...
15 Jan 2012 19:22:02,375 DEBUG fUML.Debug [run] Checking node FinalNode...
15 Jan 2012 19:22:02,375 DEBUG fUML.Debug [run] Checking node JoinNode...
15 Jan 2012 19:22:02,375 DEBUG fUML.Debug [run] Sending offer to node InitialNode.
15 Jan 2012 19:22:02,375 DEBUG fUML.Debug [receiveOffer] node = InitialNode
15 Jan 2012 19:22:02,375 DEBUG fUML.Debug [_beginIsolation] Begin isolation.
15 Jan 2012 19:22:02,375 DEBUG fUML.Debug [receiveOffer] Firing.
15 Jan 2012 19:22:02,375 DEBUG fUML.Debug [_endIsolation] End isolation.
15 Jan 2012 19:22:02,375 DEBUG fUML.Debug [addToken] node = InitialNode
15 Jan 2012 19:22:02,375 DEBUG fUML.Debug [receiveOffer] node = ForkNode
15 Jan 2012 19:22:02,375 DEBUG fUML.Debug [_beginIsolation] Begin isolation.
15 Jan 2012 19:22:02,375 DEBUG fUML.Debug [receiveOffer] Firing.
15 Jan 2012 19:22:02,375 DEBUG fUML.Debug [_endIsolation] End isolation.
15 Jan 2012 19:22:02,375 DEBUG fUML.Debug [fire] Fork node ForkNode...
15 Jan 2012 19:22:02,375 DEBUG fUML.Debug [addToken] node = ForkNode
15 Jan 2012 19:22:02,375 DEBUG fUML.Debug [receiveOffer] node = JoinNode
15 Jan 2012 19:22:02,375 DEBUG fUML.Debug [_beginIsolation] Begin isolation.
15 Jan 2012 19:22:02,375 DEBUG fUML.Debug [_endIsolation] End isolation.
15 Jan 2012 19:22:02,375 DEBUG fUML.Debug [receiveOffer] node = JoinNode
15 Jan 2012 19:22:02,375 DEBUG fUML.Debug [_beginIsolation] Begin isolation.
15 Jan 2012 19:22:02,375 DEBUG fUML.Debug [receiveOffer] Firing.
15 Jan 2012 19:22:02,375 DEBUG fUML.Debug [_endIsolation] End isolation.
15 Jan 2012 19:22:02,375 DEBUG fUML.Debug [fire] Control node JoinNode...
15 Jan 2012 19:22:02,375 DEBUG fUML.Debug [receiveOffer] node = FinalNode
15 Jan 2012 19:22:02,375 DEBUG fUML.Debug [_beginIsolation] Begin isolation.
15 Jan 2012 19:22:02,375 DEBUG fUML.Debug [receiveOffer] Firing.
15 Jan 2012 19:22:02,375 DEBUG fUML.Debug [_endIsolation] End isolation.
15 Jan 2012 19:22:02,375 DEBUG fUML.Debug [fire] Activity final node FinalNode...
15 Jan 2012 19:22:02,375 DEBUG fUML.Debug [terminateAll] Terminating activation group for activity ForkJoin.
15 Jan 2012 19:22:02,375 DEBUG fUML.Debug [terminate] node = InitialNode
15 Jan 2012 19:22:02,375 DEBUG fUML.Debug [terminate] node = ForkNode
15 Jan 2012 19:22:02,375 DEBUG fUML.Debug [terminate] node = FinalNode
15 Jan 2012 19:22:02,375 DEBUG fUML.Debug [terminate] node = JoinNode
15 Jan 2012 19:22:02,375 DEBUG fUML.Debug [execute] Activity ForkJoin completed.
15 Jan 2012 19:22:02,375 DEBUG fUML.Debug [destroy] object = org.modeldriven.fuml.environment.ActivityExecution@1540de0
15 Jan 2012 19:22:02,375 INFO  test.ExecutionTestCase done
15 Jan 2012 19:22:02,375 INFO  test.ExecutionTestCase executing behavior: DecisionJoin
[execute] creating 1 parameter(s):
[execute] executing the behavior...
15 Jan 2012 19:22:02,375 DEBUG fUML.Debug [execute] Activity DecisionJoin...
15 Jan 2012 19:22:02,375 INFO  fUML.Debug Execute activity=DecisionJoin
15 Jan 2012 19:22:02,375 DEBUG fUML.Debug [createNodeActivations] Creating a node activation for Value(0)...
15 Jan 2012 19:22:02,375 DEBUG fUML.Debug [createNodeActivations] Creating a node activation for ...
15 Jan 2012 19:22:02,375 DEBUG fUML.Debug [createNodeActivations] Creating a node activation for Value(1)...
15 Jan 2012 19:22:02,375 DEBUG fUML.Debug [createNodeActivations] Creating a node activation for ...
15 Jan 2012 19:22:02,375 DEBUG fUML.Debug [createNodeActivations] Creating a node activation for Action_A...
15 Jan 2012 19:22:02,375 DEBUG fUML.Debug [createNodeActivations] Creating a node activation for Action_A.input...
15 Jan 2012 19:22:02,375 DEBUG fUML.Debug [createNodeActivations] Creating a node activation for Action_A.output...
15 Jan 2012 19:22:02,375 DEBUG fUML.Debug [createNodeActivations] Creating a node activation for DecisionNode...
15 Jan 2012 19:22:02,375 DEBUG fUML.Debug [createNodeActivations] Creating a node activation for JoinNode...
15 Jan 2012 19:22:02,375 DEBUG fUML.Debug [createNodeActivations] Creating a node activation for Action_B...
15 Jan 2012 19:22:02,375 DEBUG fUML.Debug [createNodeActivations] Creating a node activation for Action_B.input...
15 Jan 2012 19:22:02,375 DEBUG fUML.Debug [createNodeActivations] Creating a node activation for Action_C.output...
15 Jan 2012 19:22:02,375 DEBUG fUML.Debug [createNodeActivations] Creating a node activation for OutputNode...
15 Jan 2012 19:22:02,375 DEBUG fUML.Debug [createEdgeInstances] Creating an edge instance from Value(0) to Value(1).
15 Jan 2012 19:22:02,375 DEBUG fUML.Debug [createEdgeInstances] Creating an edge instance from  to Action_A.input.
15 Jan 2012 19:22:02,375 DEBUG fUML.Debug [createEdgeInstances] Creating an edge instance from  to Action_A.input.
15 Jan 2012 19:22:02,375 DEBUG fUML.Debug [createEdgeInstances] Creating an edge instance from Action_A.output to DecisionNode.
15 Jan 2012 19:22:02,375 DEBUG fUML.Debug [createEdgeInstances] Creating an edge instance from JoinNode to Action_B.input.
15 Jan 2012 19:22:02,375 DEBUG fUML.Debug [createEdgeInstances] Creating an edge instance from Action_C.output to OutputNode.
15 Jan 2012 19:22:02,375 DEBUG fUML.Debug [createEdgeInstances] Creating an edge instance from DecisionNode to JoinNode.
15 Jan 2012 19:22:02,375 DEBUG fUML.Debug [createEdgeInstances] Creating an edge instance from DecisionNode to JoinNode.
15 Jan 2012 19:22:02,375 DEBUG fUML.Debug [run] node = Value(0)
15 Jan 2012 19:22:02,375 DEBUG fUML.Debug [run] Anonymous activation of type fUML.Semantics.Activities.IntermediateActivities.ForkNodeActivation
15 Jan 2012 19:22:02,375 DEBUG fUML.Debug [run] node = 
15 Jan 2012 19:22:02,375 DEBUG fUML.Debug [run] node = Value(1)
15 Jan 2012 19:22:02,375 DEBUG fUML.Debug [run] node = 
15 Jan 2012 19:22:02,375 DEBUG fUML.Debug [run] node = Action_A
15 Jan 2012 19:22:02,375 DEBUG fUML.Debug [run] node = Action_A.input
15 Jan 2012 19:22:02,375 DEBUG fUML.Debug [run] node = Action_A.output
15 Jan 2012 19:22:02,375 DEBUG fUML.Debug [run] node = DecisionNode
15 Jan 2012 19:22:02,375 DEBUG fUML.Debug [run] node = JoinNode
15 Jan 2012 19:22:02,375 DEBUG fUML.Debug [run] node = Action_B
15 Jan 2012 19:22:02,375 DEBUG fUML.Debug [run] node = Action_B.input
15 Jan 2012 19:22:02,375 DEBUG fUML.Debug [run] node = Action_C.output
15 Jan 2012 19:22:02,375 DEBUG fUML.Debug [run] node = OutputNode
15 Jan 2012 19:22:02,375 DEBUG fUML.Debug [run] Checking for enabled nodes...
15 Jan 2012 19:22:02,375 DEBUG fUML.Debug [run] Checking node Value(0)...
15 Jan 2012 19:22:02,375 DEBUG fUML.Debug [run] Node Value(0) is enabled.
15 Jan 2012 19:22:02,375 DEBUG fUML.Debug [run] Checking node ...
15 Jan 2012 19:22:02,375 DEBUG fUML.Debug [run] Checking node Value(1)...
15 Jan 2012 19:22:02,375 DEBUG fUML.Debug [run] Checking node ...
15 Jan 2012 19:22:02,375 DEBUG fUML.Debug [run] Checking node Action_A...
15 Jan 2012 19:22:02,375 DEBUG fUML.Debug [run] Checking node Action_A.input...
15 Jan 2012 19:22:02,375 DEBUG fUML.Debug [run] Checking node Action_A.output...
15 Jan 2012 19:22:02,375 DEBUG fUML.Debug [run] Checking node DecisionNode...
15 Jan 2012 19:22:02,375 DEBUG fUML.Debug [run] Checking node JoinNode...
15 Jan 2012 19:22:02,375 DEBUG fUML.Debug [run] Checking node Action_B...
15 Jan 2012 19:22:02,375 DEBUG fUML.Debug [run] Checking node Action_B.input...
15 Jan 2012 19:22:02,375 DEBUG fUML.Debug [run] Checking node Action_C.output...
15 Jan 2012 19:22:02,375 DEBUG fUML.Debug [run] Checking node OutputNode...
15 Jan 2012 19:22:02,375 DEBUG fUML.Debug [run] Sending offer to node Value(0).
15 Jan 2012 19:22:02,375 DEBUG fUML.Debug [receiveOffer] node = Value(0)
15 Jan 2012 19:22:02,375 DEBUG fUML.Debug [_beginIsolation] Begin isolation.
15 Jan 2012 19:22:02,375 DEBUG fUML.Debug [receiveOffer] Firing.
15 Jan 2012 19:22:02,375 DEBUG fUML.Debug [_endIsolation] End isolation.
15 Jan 2012 19:22:02,390 DEBUG fUML.Debug [fire] Action Value(0)...
15 Jan 2012 19:22:02,390 INFO  fUML.Debug Fire activity=DecisionJoin action=Value(0)
15 Jan 2012 19:22:02,390 DEBUG fUML.Debug [putToken] node = Value(0)
15 Jan 2012 19:22:02,390 DEBUG fUML.Debug [addToken] node = 
15 Jan 2012 19:22:02,390 DEBUG fUML.Debug [receiveOffer] node = Action_A
15 Jan 2012 19:22:02,390 DEBUG fUML.Debug [_beginIsolation] Begin isolation.
15 Jan 2012 19:22:02,390 DEBUG fUML.Debug [receiveOffer] Firing.
15 Jan 2012 19:22:02,390 DEBUG fUML.Debug [fire] Pin Action_A.input...
15 Jan 2012 19:22:02,390 DEBUG fUML.Debug [addToken] node = Action_A.input
15 Jan 2012 19:22:02,390 DEBUG fUML.Debug [removeToken] node = 
15 Jan 2012 19:22:02,390 DEBUG fUML.Debug [_endIsolation] End isolation.
15 Jan 2012 19:22:02,390 DEBUG fUML.Debug [fire] Action Action_A...
15 Jan 2012 19:22:02,390 INFO  fUML.Debug Fire activity=DecisionJoin action=Action_A
15 Jan 2012 19:22:02,390 DEBUG fUML.Debug [takeTokens] node = Action_A, pin = Action_A.input
15 Jan 2012 19:22:02,390 DEBUG fUML.Debug [removeToken] node = Action_A.input
15 Jan 2012 19:22:02,390 DEBUG fUML.Debug [execute] Activity Copier...
15 Jan 2012 19:22:02,390 INFO  fUML.Debug Execute activity=Copier
15 Jan 2012 19:22:02,390 DEBUG fUML.Debug [createNodeActivations] Creating a node activation for Parameter(input)...
15 Jan 2012 19:22:02,390 DEBUG fUML.Debug [createNodeActivations] Creating a node activation for Parameter(output)...
15 Jan 2012 19:22:02,390 DEBUG fUML.Debug [createEdgeInstances] Creating an edge instance from Parameter(input) to Parameter(output).
15 Jan 2012 19:22:02,390 DEBUG fUML.Debug [run] node = Parameter(input)
15 Jan 2012 19:22:02,390 DEBUG fUML.Debug [run] node = Parameter(output)
15 Jan 2012 19:22:02,390 DEBUG fUML.Debug [run] Checking for enabled nodes...
15 Jan 2012 19:22:02,390 DEBUG fUML.Debug [run] Checking node Parameter(input)...
15 Jan 2012 19:22:02,390 DEBUG fUML.Debug [run] Node Parameter(input) is enabled.
15 Jan 2012 19:22:02,390 DEBUG fUML.Debug [run] Checking node Parameter(output)...
15 Jan 2012 19:22:02,390 DEBUG fUML.Debug [run] Sending offer to node Parameter(input).
15 Jan 2012 19:22:02,390 DEBUG fUML.Debug [receiveOffer] node = Parameter(input)
15 Jan 2012 19:22:02,390 DEBUG fUML.Debug [_beginIsolation] Begin isolation.
15 Jan 2012 19:22:02,390 DEBUG fUML.Debug [receiveOffer] Firing.
15 Jan 2012 19:22:02,390 DEBUG fUML.Debug [_endIsolation] End isolation.
15 Jan 2012 19:22:02,390 DEBUG fUML.Debug [fire] Input activity parameter node Parameter(input)...
15 Jan 2012 19:22:02,390 DEBUG fUML.Debug [fire] Parameter has 1 value(s).
15 Jan 2012 19:22:02,390 DEBUG fUML.Debug [addToken] node = Parameter(input)
15 Jan 2012 19:22:02,390 DEBUG fUML.Debug [receiveOffer] node = Parameter(output)
15 Jan 2012 19:22:02,390 DEBUG fUML.Debug [_beginIsolation] Begin isolation.
15 Jan 2012 19:22:02,390 DEBUG fUML.Debug [receiveOffer] Firing.
15 Jan 2012 19:22:02,390 DEBUG fUML.Debug [_endIsolation] End isolation.
15 Jan 2012 19:22:02,390 DEBUG fUML.Debug [fire] Output activity parameter node Parameter(output)...
15 Jan 2012 19:22:02,390 DEBUG fUML.Debug [addToken] node = Parameter(output)
15 Jan 2012 19:22:02,390 DEBUG fUML.Debug [removeToken] node = Parameter(input)
15 Jan 2012 19:22:02,390 INFO  fUML.Debug Output activity=Copier parameter=output value=0
15 Jan 2012 19:22:02,390 DEBUG fUML.Debug [execute] Activity Copier completed.
15 Jan 2012 19:22:02,390 DEBUG fUML.Debug [putToken] node = Action_A
15 Jan 2012 19:22:02,390 DEBUG fUML.Debug [addToken] node = Action_A.output
15 Jan 2012 19:22:02,390 DEBUG fUML.Debug [destroy] object = org.modeldriven.fuml.environment.ActivityExecution@6cbe05
15 Jan 2012 19:22:02,390 DEBUG fUML.Debug [receiveOffer] node = DecisionNode
15 Jan 2012 19:22:02,390 DEBUG fUML.Debug [_beginIsolation] Begin isolation.
15 Jan 2012 19:22:02,390 DEBUG fUML.Debug [receiveOffer] Firing.
15 Jan 2012 19:22:02,390 DEBUG fUML.Debug [_endIsolation] End isolation.
15 Jan 2012 19:22:02,390 DEBUG fUML.Debug [fire] Decision node DecisionNode...
15 Jan 2012 19:22:02,390 DEBUG fUML.Debug [executeDecisionBehavior] inputValue = 0
15 Jan 2012 19:22:02,390 DEBUG fUML.Debug [getDecisionValues] decisionValues[0] = 0
15 Jan 2012 19:22:02,390 DEBUG fUML.Debug [receiveOffer] node = JoinNode
15 Jan 2012 19:22:02,390 DEBUG fUML.Debug [_beginIsolation] Begin isolation.
15 Jan 2012 19:22:02,390 DEBUG fUML.Debug [_endIsolation] End isolation.
15 Jan 2012 19:22:02,390 DEBUG fUML.Debug [fire] Checking if Action_A should fire again...
15 Jan 2012 19:22:02,390 DEBUG fUML.Debug [_beginIsolation] Begin isolation.
15 Jan 2012 19:22:02,390 DEBUG fUML.Debug [_endIsolation] End isolation.
15 Jan 2012 19:22:02,390 DEBUG fUML.Debug [addToken] node = Value(0)
15 Jan 2012 19:22:02,390 DEBUG fUML.Debug [_beginIsolation] Begin isolation.
15 Jan 2012 19:22:02,390 DEBUG fUML.Debug [receiveOffer] Firing.
15 Jan 2012 19:22:02,390 DEBUG fUML.Debug [_endIsolation] End isolation.
15 Jan 2012 19:22:02,390 DEBUG fUML.Debug [fire] Anonymous fork node.
15 Jan 2012 19:22:02,390 DEBUG fUML.Debug [addToken] ...
15 Jan 2012 19:22:02,390 DEBUG fUML.Debug [receiveOffer] node = Value(1)
15 Jan 2012 19:22:02,390 DEBUG fUML.Debug [_beginIsolation] Begin isolation.
15 Jan 2012 19:22:02,390 DEBUG fUML.Debug [receiveOffer] Firing.
15 Jan 2012 19:22:02,390 DEBUG fUML.Debug [removeToken] node = Value(0)
15 Jan 2012 19:22:02,390 DEBUG fUML.Debug [removeToken] ...
15 Jan 2012 19:22:02,390 DEBUG fUML.Debug [_endIsolation] End isolation.
15 Jan 2012 19:22:02,390 DEBUG fUML.Debug [fire] Action Value(1)...
15 Jan 2012 19:22:02,390 INFO  fUML.Debug Fire activity=DecisionJoin action=Value(1)
15 Jan 2012 19:22:02,390 DEBUG fUML.Debug [putToken] node = Value(1)
15 Jan 2012 19:22:02,390 DEBUG fUML.Debug [addToken] node = 
15 Jan 2012 19:22:02,390 DEBUG fUML.Debug [receiveOffer] node = Action_A
15 Jan 2012 19:22:02,390 DEBUG fUML.Debug [_beginIsolation] Begin isolation.
15 Jan 2012 19:22:02,390 DEBUG fUML.Debug [receiveOffer] Firing.
15 Jan 2012 19:22:02,390 DEBUG fUML.Debug [fire] Pin Action_A.input...
15 Jan 2012 19:22:02,390 DEBUG fUML.Debug [addToken] node = Action_A.input
15 Jan 2012 19:22:02,390 DEBUG fUML.Debug [removeToken] node = 
15 Jan 2012 19:22:02,390 DEBUG fUML.Debug [_endIsolation] End isolation.
15 Jan 2012 19:22:02,390 DEBUG fUML.Debug [fire] Action Action_A...
15 Jan 2012 19:22:02,390 INFO  fUML.Debug Fire activity=DecisionJoin action=Action_A
15 Jan 2012 19:22:02,390 DEBUG fUML.Debug [takeTokens] node = Action_A, pin = Action_A.input
15 Jan 2012 19:22:02,390 DEBUG fUML.Debug [removeToken] node = Action_A.input
15 Jan 2012 19:22:02,390 DEBUG fUML.Debug [execute] Activity Copier...
15 Jan 2012 19:22:02,390 INFO  fUML.Debug Execute activity=Copier
15 Jan 2012 19:22:02,390 DEBUG fUML.Debug [createNodeActivations] Creating a node activation for Parameter(input)...
15 Jan 2012 19:22:02,390 DEBUG fUML.Debug [createNodeActivations] Creating a node activation for Parameter(output)...
15 Jan 2012 19:22:02,390 DEBUG fUML.Debug [createEdgeInstances] Creating an edge instance from Parameter(input) to Parameter(output).
15 Jan 2012 19:22:02,390 DEBUG fUML.Debug [run] node = Parameter(input)
15 Jan 2012 19:22:02,390 DEBUG fUML.Debug [run] node = Parameter(output)
15 Jan 2012 19:22:02,390 DEBUG fUML.Debug [run] Checking for enabled nodes...
15 Jan 2012 19:22:02,390 DEBUG fUML.Debug [run] Checking node Parameter(input)...
15 Jan 2012 19:22:02,390 DEBUG fUML.Debug [run] Node Parameter(input) is enabled.
15 Jan 2012 19:22:02,390 DEBUG fUML.Debug [run] Checking node Parameter(output)...
15 Jan 2012 19:22:02,390 DEBUG fUML.Debug [run] Sending offer to node Parameter(input).
15 Jan 2012 19:22:02,390 DEBUG fUML.Debug [receiveOffer] node = Parameter(input)
15 Jan 2012 19:22:02,390 DEBUG fUML.Debug [_beginIsolation] Begin isolation.
15 Jan 2012 19:22:02,390 DEBUG fUML.Debug [receiveOffer] Firing.
15 Jan 2012 19:22:02,390 DEBUG fUML.Debug [_endIsolation] End isolation.
15 Jan 2012 19:22:02,390 DEBUG fUML.Debug [fire] Input activity parameter node Parameter(input)...
15 Jan 2012 19:22:02,390 DEBUG fUML.Debug [fire] Parameter has 1 value(s).
15 Jan 2012 19:22:02,390 DEBUG fUML.Debug [addToken] node = Parameter(input)
15 Jan 2012 19:22:02,390 DEBUG fUML.Debug [receiveOffer] node = Parameter(output)
15 Jan 2012 19:22:02,390 DEBUG fUML.Debug [_beginIsolation] Begin isolation.
15 Jan 2012 19:22:02,390 DEBUG fUML.Debug [receiveOffer] Firing.
15 Jan 2012 19:22:02,390 DEBUG fUML.Debug [_endIsolation] End isolation.
15 Jan 2012 19:22:02,390 DEBUG fUML.Debug [fire] Output activity parameter node Parameter(output)...
15 Jan 2012 19:22:02,390 DEBUG fUML.Debug [addToken] node = Parameter(output)
15 Jan 2012 19:22:02,390 DEBUG fUML.Debug [removeToken] node = Parameter(input)
15 Jan 2012 19:22:02,390 INFO  fUML.Debug Output activity=Copier parameter=output value=1
15 Jan 2012 19:22:02,390 DEBUG fUML.Debug [execute] Activity Copier completed.
15 Jan 2012 19:22:02,390 DEBUG fUML.Debug [putToken] node = Action_A
15 Jan 2012 19:22:02,390 DEBUG fUML.Debug [addToken] node = Action_A.output
15 Jan 2012 19:22:02,390 DEBUG fUML.Debug [destroy] object = org.modeldriven.fuml.environment.ActivityExecution@1060c3e
15 Jan 2012 19:22:02,390 DEBUG fUML.Debug [receiveOffer] node = DecisionNode
15 Jan 2012 19:22:02,390 DEBUG fUML.Debug [_beginIsolation] Begin isolation.
15 Jan 2012 19:22:02,390 DEBUG fUML.Debug [receiveOffer] Firing.
15 Jan 2012 19:22:02,390 DEBUG fUML.Debug [_endIsolation] End isolation.
15 Jan 2012 19:22:02,390 DEBUG fUML.Debug [fire] Decision node DecisionNode...
15 Jan 2012 19:22:02,390 DEBUG fUML.Debug [executeDecisionBehavior] inputValue = 1
15 Jan 2012 19:22:02,390 DEBUG fUML.Debug [getDecisionValues] decisionValues[0] = 1
15 Jan 2012 19:22:02,390 DEBUG fUML.Debug [receiveOffer] node = JoinNode
15 Jan 2012 19:22:02,390 DEBUG fUML.Debug [_beginIsolation] Begin isolation.
15 Jan 2012 19:22:02,390 DEBUG fUML.Debug [receiveOffer] Firing.
15 Jan 2012 19:22:02,390 DEBUG fUML.Debug [_endIsolation] End isolation.
15 Jan 2012 19:22:02,390 DEBUG fUML.Debug [fire] Control node JoinNode...
15 Jan 2012 19:22:02,390 DEBUG fUML.Debug [receiveOffer] node = Action_B
15 Jan 2012 19:22:02,390 DEBUG fUML.Debug [_beginIsolation] Begin isolation.
15 Jan 2012 19:22:02,390 DEBUG fUML.Debug [receiveOffer] Firing.
15 Jan 2012 19:22:02,390 DEBUG fUML.Debug [fire] Pin Action_B.input...
15 Jan 2012 19:22:02,390 DEBUG fUML.Debug [addToken] node = Action_B.input
15 Jan 2012 19:22:02,390 DEBUG fUML.Debug [removeToken] node = Action_A.output
15 Jan 2012 19:22:02,390 DEBUG fUML.Debug [addToken] node = Action_B.input
15 Jan 2012 19:22:02,390 DEBUG fUML.Debug [removeToken] node = Action_A.output
15 Jan 2012 19:22:02,390 DEBUG fUML.Debug [_endIsolation] End isolation.
15 Jan 2012 19:22:02,390 DEBUG fUML.Debug [fire] Action Action_B...
15 Jan 2012 19:22:02,390 INFO  fUML.Debug Fire activity=DecisionJoin action=Action_B
15 Jan 2012 19:22:02,390 DEBUG fUML.Debug [takeTokens] node = Action_B, pin = Action_B.input
15 Jan 2012 19:22:02,390 DEBUG fUML.Debug [removeToken] node = Action_B.input
15 Jan 2012 19:22:02,390 DEBUG fUML.Debug [removeToken] node = Action_B.input
15 Jan 2012 19:22:02,390 DEBUG fUML.Debug [execute] Activity Copier...
15 Jan 2012 19:22:02,390 INFO  fUML.Debug Execute activity=Copier
15 Jan 2012 19:22:02,390 DEBUG fUML.Debug [createNodeActivations] Creating a node activation for Parameter(input)...
15 Jan 2012 19:22:02,390 DEBUG fUML.Debug [createNodeActivations] Creating a node activation for Parameter(output)...
15 Jan 2012 19:22:02,390 DEBUG fUML.Debug [createEdgeInstances] Creating an edge instance from Parameter(input) to Parameter(output).
15 Jan 2012 19:22:02,390 DEBUG fUML.Debug [run] node = Parameter(input)
15 Jan 2012 19:22:02,390 DEBUG fUML.Debug [run] node = Parameter(output)
15 Jan 2012 19:22:02,390 DEBUG fUML.Debug [run] Checking for enabled nodes...
15 Jan 2012 19:22:02,390 DEBUG fUML.Debug [run] Checking node Parameter(input)...
15 Jan 2012 19:22:02,390 DEBUG fUML.Debug [run] Node Parameter(input) is enabled.
15 Jan 2012 19:22:02,390 DEBUG fUML.Debug [run] Checking node Parameter(output)...
15 Jan 2012 19:22:02,390 DEBUG fUML.Debug [run] Sending offer to node Parameter(input).
15 Jan 2012 19:22:02,390 DEBUG fUML.Debug [receiveOffer] node = Parameter(input)
15 Jan 2012 19:22:02,390 DEBUG fUML.Debug [_beginIsolation] Begin isolation.
15 Jan 2012 19:22:02,390 DEBUG fUML.Debug [receiveOffer] Firing.
15 Jan 2012 19:22:02,390 DEBUG fUML.Debug [_endIsolation] End isolation.
15 Jan 2012 19:22:02,390 DEBUG fUML.Debug [fire] Input activity parameter node Parameter(input)...
15 Jan 2012 19:22:02,390 DEBUG fUML.Debug [fire] Parameter has 2 value(s).
15 Jan 2012 19:22:02,390 DEBUG fUML.Debug [addToken] node = Parameter(input)
15 Jan 2012 19:22:02,390 DEBUG fUML.Debug [addToken] node = Parameter(input)
15 Jan 2012 19:22:02,390 DEBUG fUML.Debug [receiveOffer] node = Parameter(output)
15 Jan 2012 19:22:02,390 DEBUG fUML.Debug [_beginIsolation] Begin isolation.
15 Jan 2012 19:22:02,390 DEBUG fUML.Debug [receiveOffer] Firing.
15 Jan 2012 19:22:02,390 DEBUG fUML.Debug [_endIsolation] End isolation.
15 Jan 2012 19:22:02,390 DEBUG fUML.Debug [fire] Output activity parameter node Parameter(output)...
15 Jan 2012 19:22:02,390 DEBUG fUML.Debug [addToken] node = Parameter(output)
15 Jan 2012 19:22:02,390 DEBUG fUML.Debug [removeToken] node = Parameter(input)
15 Jan 2012 19:22:02,390 DEBUG fUML.Debug [addToken] node = Parameter(output)
15 Jan 2012 19:22:02,390 DEBUG fUML.Debug [removeToken] node = Parameter(input)
15 Jan 2012 19:22:02,390 INFO  fUML.Debug Output activity=Copier parameter=output value=1
15 Jan 2012 19:22:02,406 INFO  fUML.Debug Output activity=Copier parameter=output value=0
15 Jan 2012 19:22:02,406 DEBUG fUML.Debug [execute] Activity Copier completed.
15 Jan 2012 19:22:02,406 DEBUG fUML.Debug [putToken] node = Action_B
15 Jan 2012 19:22:02,406 DEBUG fUML.Debug [addToken] node = Action_C.output
15 Jan 2012 19:22:02,406 DEBUG fUML.Debug [putToken] node = Action_B
15 Jan 2012 19:22:02,406 DEBUG fUML.Debug [addToken] node = Action_C.output
15 Jan 2012 19:22:02,406 DEBUG fUML.Debug [destroy] object = org.modeldriven.fuml.environment.ActivityExecution@df46a
15 Jan 2012 19:22:02,406 DEBUG fUML.Debug [receiveOffer] node = OutputNode
15 Jan 2012 19:22:02,406 DEBUG fUML.Debug [_beginIsolation] Begin isolation.
15 Jan 2012 19:22:02,406 DEBUG fUML.Debug [receiveOffer] Firing.
15 Jan 2012 19:22:02,406 DEBUG fUML.Debug [_endIsolation] End isolation.
15 Jan 2012 19:22:02,406 DEBUG fUML.Debug [fire] Output activity parameter node OutputNode...
15 Jan 2012 19:22:02,406 DEBUG fUML.Debug [addToken] node = OutputNode
15 Jan 2012 19:22:02,406 DEBUG fUML.Debug [removeToken] node = Action_C.output
15 Jan 2012 19:22:02,406 DEBUG fUML.Debug [addToken] node = OutputNode
15 Jan 2012 19:22:02,406 DEBUG fUML.Debug [removeToken] node = Action_C.output
15 Jan 2012 19:22:02,406 DEBUG fUML.Debug [fire] Checking if Action_B should fire again...
15 Jan 2012 19:22:02,406 DEBUG fUML.Debug [_beginIsolation] Begin isolation.
15 Jan 2012 19:22:02,406 DEBUG fUML.Debug [_endIsolation] End isolation.
15 Jan 2012 19:22:02,406 DEBUG fUML.Debug [fire] Checking if Action_A should fire again...
15 Jan 2012 19:22:02,406 DEBUG fUML.Debug [_beginIsolation] Begin isolation.
15 Jan 2012 19:22:02,406 DEBUG fUML.Debug [_endIsolation] End isolation.
15 Jan 2012 19:22:02,406 DEBUG fUML.Debug [fire] Checking if Value(1) should fire again...
15 Jan 2012 19:22:02,406 DEBUG fUML.Debug [_beginIsolation] Begin isolation.
15 Jan 2012 19:22:02,406 DEBUG fUML.Debug [_endIsolation] End isolation.
15 Jan 2012 19:22:02,406 DEBUG fUML.Debug [fire] Checking if Value(0) should fire again...
15 Jan 2012 19:22:02,406 DEBUG fUML.Debug [_beginIsolation] Begin isolation.
15 Jan 2012 19:22:02,406 DEBUG fUML.Debug [_endIsolation] End isolation.
15 Jan 2012 19:22:02,406 INFO  fUML.Debug Output activity=DecisionJoin parameter=output value=1
15 Jan 2012 19:22:02,406 INFO  fUML.Debug Output activity=DecisionJoin parameter=output value=0
15 Jan 2012 19:22:02,406 DEBUG fUML.Debug [execute] Activity DecisionJoin completed.
15 Jan 2012 19:22:02,406 DEBUG fUML.Debug [destroy] object = org.modeldriven.fuml.environment.ActivityExecution@297e0d
[execute] output parameter 'output' has 2 value(s)
[execute] value [0] = 1
[execute] value [1] = 0
15 Jan 2012 19:22:02,406 INFO  test.ExecutionTestCase done
15 Jan 2012 19:22:02,406 INFO  test.ExecutionTestCase executing behavior: ForkMerge
[execute] creating 1 parameter(s):
[execute] executing the behavior...
15 Jan 2012 19:22:02,406 DEBUG fUML.Debug [execute] Activity ForkMerge...
15 Jan 2012 19:22:02,406 INFO  fUML.Debug Execute activity=ForkMerge
15 Jan 2012 19:22:02,406 DEBUG fUML.Debug [createNodeActivations] Creating a node activation for InitialNode...
15 Jan 2012 19:22:02,406 DEBUG fUML.Debug [createNodeActivations] Creating a node activation for ForkNode...
15 Jan 2012 19:22:02,406 DEBUG fUML.Debug [createNodeActivations] Creating a node activation for MergeNode...
15 Jan 2012 19:22:02,406 DEBUG fUML.Debug [createNodeActivations] Creating a node activation for Value(0)...
15 Jan 2012 19:22:02,406 DEBUG fUML.Debug [createNodeActivations] Creating a node activation for Value(0).result...
15 Jan 2012 19:22:02,406 DEBUG fUML.Debug [createNodeActivations] Creating a node activation for OutputNode...
15 Jan 2012 19:22:02,406 DEBUG fUML.Debug [createEdgeInstances] Creating an edge instance from InitialNode to ForkNode.
15 Jan 2012 19:22:02,406 DEBUG fUML.Debug [createEdgeInstances] Creating an edge instance from ForkNode to MergeNode.
15 Jan 2012 19:22:02,406 DEBUG fUML.Debug [createEdgeInstances] Creating an edge instance from ForkNode to MergeNode.
15 Jan 2012 19:22:02,406 DEBUG fUML.Debug [createEdgeInstances] Creating an edge instance from MergeNode to Value(0).
15 Jan 2012 19:22:02,406 DEBUG fUML.Debug [createEdgeInstances] Creating an edge instance from Value(0).result to OutputNode.
15 Jan 2012 19:22:02,406 DEBUG fUML.Debug [run] node = InitialNode
15 Jan 2012 19:22:02,406 DEBUG fUML.Debug [run] node = ForkNode
15 Jan 2012 19:22:02,406 DEBUG fUML.Debug [run] node = MergeNode
15 Jan 2012 19:22:02,406 DEBUG fUML.Debug [run] node = Value(0)
15 Jan 2012 19:22:02,406 DEBUG fUML.Debug [run] node = Value(0).result
15 Jan 2012 19:22:02,406 DEBUG fUML.Debug [run] node = OutputNode
15 Jan 2012 19:22:02,406 DEBUG fUML.Debug [run] Checking for enabled nodes...
15 Jan 2012 19:22:02,406 DEBUG fUML.Debug [run] Checking node InitialNode...
15 Jan 2012 19:22:02,406 DEBUG fUML.Debug [run] Node InitialNode is enabled.
15 Jan 2012 19:22:02,406 DEBUG fUML.Debug [run] Checking node ForkNode...
15 Jan 2012 19:22:02,406 DEBUG fUML.Debug [run] Checking node MergeNode...
15 Jan 2012 19:22:02,406 DEBUG fUML.Debug [run] Checking node Value(0)...
15 Jan 2012 19:22:02,406 DEBUG fUML.Debug [run] Checking node Value(0).result...
15 Jan 2012 19:22:02,406 DEBUG fUML.Debug [run] Checking node OutputNode...
15 Jan 2012 19:22:02,406 DEBUG fUML.Debug [run] Sending offer to node InitialNode.
15 Jan 2012 19:22:02,406 DEBUG fUML.Debug [receiveOffer] node = InitialNode
15 Jan 2012 19:22:02,406 DEBUG fUML.Debug [_beginIsolation] Begin isolation.
15 Jan 2012 19:22:02,406 DEBUG fUML.Debug [receiveOffer] Firing.
15 Jan 2012 19:22:02,406 DEBUG fUML.Debug [_endIsolation] End isolation.
15 Jan 2012 19:22:02,406 DEBUG fUML.Debug [addToken] node = InitialNode
15 Jan 2012 19:22:02,406 DEBUG fUML.Debug [receiveOffer] node = ForkNode
15 Jan 2012 19:22:02,406 DEBUG fUML.Debug [_beginIsolation] Begin isolation.
15 Jan 2012 19:22:02,406 DEBUG fUML.Debug [receiveOffer] Firing.
15 Jan 2012 19:22:02,406 DEBUG fUML.Debug [_endIsolation] End isolation.
15 Jan 2012 19:22:02,406 DEBUG fUML.Debug [fire] Fork node ForkNode...
15 Jan 2012 19:22:02,406 DEBUG fUML.Debug [addToken] node = ForkNode
15 Jan 2012 19:22:02,406 DEBUG fUML.Debug [receiveOffer] node = MergeNode
15 Jan 2012 19:22:02,406 DEBUG fUML.Debug [_beginIsolation] Begin isolation.
15 Jan 2012 19:22:02,406 DEBUG fUML.Debug [receiveOffer] Firing.
15 Jan 2012 19:22:02,406 DEBUG fUML.Debug [_endIsolation] End isolation.
15 Jan 2012 19:22:02,406 DEBUG fUML.Debug [fire] Control node MergeNode...
15 Jan 2012 19:22:02,406 DEBUG fUML.Debug [receiveOffer] node = Value(0)
15 Jan 2012 19:22:02,406 DEBUG fUML.Debug [_beginIsolation] Begin isolation.
15 Jan 2012 19:22:02,406 DEBUG fUML.Debug [receiveOffer] Firing.
15 Jan 2012 19:22:02,406 DEBUG fUML.Debug [removeToken] node = InitialNode
15 Jan 2012 19:22:02,406 DEBUG fUML.Debug [_endIsolation] End isolation.
15 Jan 2012 19:22:02,406 DEBUG fUML.Debug [fire] Action Value(0)...
15 Jan 2012 19:22:02,406 INFO  fUML.Debug Fire activity=ForkMerge action=Value(0)
15 Jan 2012 19:22:02,406 DEBUG fUML.Debug [putToken] node = Value(0)
15 Jan 2012 19:22:02,406 DEBUG fUML.Debug [addToken] node = Value(0).result
15 Jan 2012 19:22:02,406 DEBUG fUML.Debug [receiveOffer] node = OutputNode
15 Jan 2012 19:22:02,406 DEBUG fUML.Debug [_beginIsolation] Begin isolation.
15 Jan 2012 19:22:02,406 DEBUG fUML.Debug [receiveOffer] Firing.
15 Jan 2012 19:22:02,406 DEBUG fUML.Debug [_endIsolation] End isolation.
15 Jan 2012 19:22:02,406 DEBUG fUML.Debug [fire] Output activity parameter node OutputNode...
15 Jan 2012 19:22:02,406 DEBUG fUML.Debug [addToken] node = OutputNode
15 Jan 2012 19:22:02,406 DEBUG fUML.Debug [removeToken] node = Value(0).result
15 Jan 2012 19:22:02,406 DEBUG fUML.Debug [fire] Checking if Value(0) should fire again...
15 Jan 2012 19:22:02,406 DEBUG fUML.Debug [_beginIsolation] Begin isolation.
15 Jan 2012 19:22:02,406 DEBUG fUML.Debug [_endIsolation] End isolation.
15 Jan 2012 19:22:02,406 DEBUG fUML.Debug [receiveOffer] node = MergeNode
15 Jan 2012 19:22:02,406 DEBUG fUML.Debug [_beginIsolation] Begin isolation.
15 Jan 2012 19:22:02,406 DEBUG fUML.Debug [receiveOffer] Firing.
15 Jan 2012 19:22:02,406 DEBUG fUML.Debug [_endIsolation] End isolation.
15 Jan 2012 19:22:02,406 DEBUG fUML.Debug [fire] Control node MergeNode...
15 Jan 2012 19:22:02,406 DEBUG fUML.Debug [receiveOffer] node = Value(0)
15 Jan 2012 19:22:02,406 DEBUG fUML.Debug [_beginIsolation] Begin isolation.
15 Jan 2012 19:22:02,406 DEBUG fUML.Debug [receiveOffer] Firing.
15 Jan 2012 19:22:02,406 DEBUG fUML.Debug [removeToken] node = ForkNode
15 Jan 2012 19:22:02,406 DEBUG fUML.Debug [_endIsolation] End isolation.
15 Jan 2012 19:22:02,406 DEBUG fUML.Debug [fire] Action Value(0)...
15 Jan 2012 19:22:02,406 INFO  fUML.Debug Fire activity=ForkMerge action=Value(0)
15 Jan 2012 19:22:02,406 DEBUG fUML.Debug [putToken] node = Value(0)
15 Jan 2012 19:22:02,406 DEBUG fUML.Debug [addToken] node = Value(0).result
15 Jan 2012 19:22:02,406 DEBUG fUML.Debug [receiveOffer] node = OutputNode
15 Jan 2012 19:22:02,406 DEBUG fUML.Debug [_beginIsolation] Begin isolation.
15 Jan 2012 19:22:02,406 DEBUG fUML.Debug [receiveOffer] Firing.
15 Jan 2012 19:22:02,406 DEBUG fUML.Debug [_endIsolation] End isolation.
15 Jan 2012 19:22:02,406 DEBUG fUML.Debug [fire] Output activity parameter node OutputNode...
15 Jan 2012 19:22:02,406 DEBUG fUML.Debug [addToken] node = OutputNode
15 Jan 2012 19:22:02,406 DEBUG fUML.Debug [removeToken] node = Value(0).result
15 Jan 2012 19:22:02,406 DEBUG fUML.Debug [fire] Checking if Value(0) should fire again...
15 Jan 2012 19:22:02,406 DEBUG fUML.Debug [_beginIsolation] Begin isolation.
15 Jan 2012 19:22:02,406 DEBUG fUML.Debug [_endIsolation] End isolation.
15 Jan 2012 19:22:02,406 INFO  fUML.Debug Output activity=ForkMerge parameter=output value=0
15 Jan 2012 19:22:02,406 INFO  fUML.Debug Output activity=ForkMerge parameter=output value=0
15 Jan 2012 19:22:02,406 DEBUG fUML.Debug [execute] Activity ForkMerge completed.
15 Jan 2012 19:22:02,406 DEBUG fUML.Debug [destroy] object = org.modeldriven.fuml.environment.ActivityExecution@1e7a657
[execute] output parameter 'output' has 2 value(s)
[execute] value [0] = 0
[execute] value [1] = 0
15 Jan 2012 19:22:02,406 INFO  test.ExecutionTestCase done
15 Jan 2012 19:22:02,406 INFO  test.ExecutionTestCase executing behavior: TestClassExtentReader
[execute] creating 2 parameter(s):
[execute] executing the behavior...
15 Jan 2012 19:22:02,406 DEBUG fUML.Debug [execute] Activity TestClassExtentReader...
15 Jan 2012 19:22:02,406 INFO  fUML.Debug Execute activity=TestClassExtentReader
15 Jan 2012 19:22:02,406 DEBUG fUML.Debug [createNodeActivations] Creating a node activation for Param(extent)...
15 Jan 2012 19:22:02,406 DEBUG fUML.Debug [createNodeActivations] Creating a node activation for ReadExtent(TestClass)...
15 Jan 2012 19:22:02,406 DEBUG fUML.Debug [createNodeActivations] Creating a node activation for ReadExtent.result...
15 Jan 2012 19:22:02,406 DEBUG fUML.Debug [createNodeActivations] Creating a node activation for Create(TestClass)...
15 Jan 2012 19:22:02,406 DEBUG fUML.Debug [createNodeActivations] Creating a node activation for Create.result...
15 Jan 2012 19:22:02,406 DEBUG fUML.Debug [createNodeActivations] Creating a node activation for Param(object)...
15 Jan 2012 19:22:02,406 DEBUG fUML.Debug [createEdgeInstances] Creating an edge instance from ReadExtent.result to Param(extent).
15 Jan 2012 19:22:02,406 DEBUG fUML.Debug [createEdgeInstances] Creating an edge instance from Create(TestClass) to ReadExtent(TestClass).
15 Jan 2012 19:22:02,406 DEBUG fUML.Debug [createEdgeInstances] Creating an edge instance from Create.result to Param(object).
15 Jan 2012 19:22:02,406 DEBUG fUML.Debug [run] node = Param(extent)
15 Jan 2012 19:22:02,406 DEBUG fUML.Debug [run] node = ReadExtent(TestClass)
15 Jan 2012 19:22:02,406 DEBUG fUML.Debug [run] node = ReadExtent.result
15 Jan 2012 19:22:02,406 DEBUG fUML.Debug [run] node = Create(TestClass)
15 Jan 2012 19:22:02,406 DEBUG fUML.Debug [run] Anonymous activation of type fUML.Semantics.Activities.IntermediateActivities.ForkNodeActivation
15 Jan 2012 19:22:02,406 DEBUG fUML.Debug [run] node = Create.result
15 Jan 2012 19:22:02,406 DEBUG fUML.Debug [run] node = Param(object)
15 Jan 2012 19:22:02,406 DEBUG fUML.Debug [run] Checking for enabled nodes...
15 Jan 2012 19:22:02,406 DEBUG fUML.Debug [run] Checking node Param(extent)...
15 Jan 2012 19:22:02,406 DEBUG fUML.Debug [run] Checking node ReadExtent(TestClass)...
15 Jan 2012 19:22:02,406 DEBUG fUML.Debug [run] Checking node ReadExtent.result...
15 Jan 2012 19:22:02,406 DEBUG fUML.Debug [run] Checking node Create(TestClass)...
15 Jan 2012 19:22:02,406 DEBUG fUML.Debug [run] Node Create(TestClass) is enabled.
15 Jan 2012 19:22:02,406 DEBUG fUML.Debug [run] Checking node Create.result...
15 Jan 2012 19:22:02,406 DEBUG fUML.Debug [run] Checking node Param(object)...
15 Jan 2012 19:22:02,406 DEBUG fUML.Debug [run] Sending offer to node Create(TestClass).
15 Jan 2012 19:22:02,406 DEBUG fUML.Debug [receiveOffer] node = Create(TestClass)
15 Jan 2012 19:22:02,406 DEBUG fUML.Debug [_beginIsolation] Begin isolation.
15 Jan 2012 19:22:02,406 DEBUG fUML.Debug [receiveOffer] Firing.
15 Jan 2012 19:22:02,406 DEBUG fUML.Debug [_endIsolation] End isolation.
15 Jan 2012 19:22:02,406 DEBUG fUML.Debug [fire] Action Create(TestClass)...
15 Jan 2012 19:22:02,406 INFO  fUML.Debug Fire activity=TestClassExtentReader action=Create(TestClass)
15 Jan 2012 19:22:02,421 DEBUG fUML.Debug [putToken] node = Create(TestClass)
15 Jan 2012 19:22:02,421 DEBUG fUML.Debug [addToken] node = Create.result
15 Jan 2012 19:22:02,421 DEBUG fUML.Debug [receiveOffer] node = Param(object)
15 Jan 2012 19:22:02,421 DEBUG fUML.Debug [_beginIsolation] Begin isolation.
15 Jan 2012 19:22:02,421 DEBUG fUML.Debug [receiveOffer] Firing.
15 Jan 2012 19:22:02,421 DEBUG fUML.Debug [_endIsolation] End isolation.
15 Jan 2012 19:22:02,421 DEBUG fUML.Debug [fire] Output activity parameter node Param(object)...
[...]
15 Jan 2012 19:22:02,453 DEBUG fUML.Debug [createNodeActivations] Creating a node activation for Write(x)...
15 Jan 2012 19:22:02,453 DEBUG fUML.Debug [createNodeActivations] Creating a node activation for Write(x).object...
15 Jan 2012 19:22:02,453 DEBUG fUML.Debug [createNodeActivations] Creating a node activation for Write(x).value...
15 Jan 2012 19:22:02,453 DEBUG fUML.Debug [createNodeActivations] Creating a node activation for Write(x).result...
15 Jan 2012 19:22:02,453 DEBUG fUML.Debug [createNodeActivations] Creating a node activation for Read(x)...
15 Jan 2012 19:22:02,453 DEBUG fUML.Debug [createNodeActivations] Creating a node activation for Read(x).object...
15 Jan 2012 19:22:02,453 DEBUG fUML.Debug [createNodeActivations] Creating a node activation for Read(x).result...
15 Jan 2012 19:22:02,453 DEBUG fUML.Debug [createNodeActivations] Creating a node activation for Value(999)...
15 Jan 2012 19:22:02,453 DEBUG fUML.Debug [createNodeActivations] Creating a node activation for Value(999).result...
15 Jan 2012 19:22:02,453 DEBUG fUML.Debug [createNodeActivations] Creating a node activation for Parameter(x)...
15 Jan 2012 19:22:02,453 DEBUG fUML.Debug [createEdgeInstances] Creating an edge instance from Value(999).result to Write(x).value.
15 Jan 2012 19:22:02,453 DEBUG fUML.Debug [createEdgeInstances] Creating an edge instance from Read(x).result to Parameter(x).
15 Jan 2012 19:22:02,453 DEBUG fUML.Debug [createEdgeInstances] Creating an edge instance from Write(x).result to Read(x).object.
15 Jan 2012 19:22:02,453 DEBUG fUML.Debug [createEdgeInstances] Creating an edge instance from Create(TestClass).result to Write(x).object.
15 Jan 2012 19:22:02,453 DEBUG fUML.Debug [run] node = Create(TestClass)
15 Jan 2012 19:22:02,453 DEBUG fUML.Debug [run] node = Create(TestClass).result
15 Jan 2012 19:22:02,453 DEBUG fUML.Debug [run] node = Write(x)
15 Jan 2012 19:22:02,453 DEBUG fUML.Debug [run] node = Write(x).object
15 Jan 2012 19:22:02,453 DEBUG fUML.Debug [run] node = Write(x).value
15 Jan 2012 19:22:02,453 DEBUG fUML.Debug [run] node = Write(x).result
15 Jan 2012 19:22:02,453 DEBUG fUML.Debug [run] node = Read(x)
15 Jan 2012 19:22:02,453 DEBUG fUML.Debug [run] node = Read(x).object
15 Jan 2012 19:22:02,453 DEBUG fUML.Debug [run] node = Read(x).result
15 Jan 2012 19:22:02,453 DEBUG fUML.Debug [run] node = Value(999)
15 Jan 2012 19:22:02,453 DEBUG fUML.Debug [run] node = Value(999).result
15 Jan 2012 19:22:02,453 DEBUG fUML.Debug [run] node = Parameter(x)
15 Jan 2012 19:22:02,453 DEBUG fUML.Debug [run] Checking for enabled nodes...
15 Jan 2012 19:22:02,453 DEBUG fUML.Debug [run] Checking node Create(TestClass)...
15 Jan 2012 19:22:02,453 DEBUG fUML.Debug [run] Node Create(TestClass) is enabled.
15 Jan 2012 19:22:02,453 DEBUG fUML.Debug [run] Checking node Create(TestClass).result...
15 Jan 2012 19:22:02,453 DEBUG fUML.Debug [run] Checking node Write(x)...
15 Jan 2012 19:22:02,453 DEBUG fUML.Debug [run] Checking node Write(x).object...
15 Jan 2012 19:22:02,453 DEBUG fUML.Debug [run] Checking node Write(x).value...
15 Jan 2012 19:22:02,453 DEBUG fUML.Debug [run] Checking node Write(x).result...
15 Jan 2012 19:22:02,453 DEBUG fUML.Debug [run] Checking node Read(x)...
15 Jan 2012 19:22:02,453 DEBUG fUML.Debug [run] Checking node Read(x).object...
15 Jan 2012 19:22:02,453 DEBUG fUML.Debug [run] Checking node Read(x).result...
15 Jan 2012 19:22:02,453 DEBUG fUML.Debug [run] Checking node Value(999)...
15 Jan 2012 19:22:02,453 DEBUG fUML.Debug [run] Node Value(999) is enabled.
15 Jan 2012 19:22:02,453 DEBUG fUML.Debug [run] Checking node Value(999).result...
15 Jan 2012 19:22:02,453 DEBUG fUML.Debug [run] Checking node Parameter(x)...
15 Jan 2012 19:22:02,453 DEBUG fUML.Debug [run] Sending offer to node Create(TestClass).
15 Jan 2012 19:22:02,453 DEBUG fUML.Debug [receiveOffer] node = Create(TestClass)
15 Jan 2012 19:22:02,453 DEBUG fUML.Debug [_beginIsolation] Begin isolation.
15 Jan 2012 19:22:02,453 DEBUG fUML.Debug [receiveOffer] Firing.
15 Jan 2012 19:22:02,453 DEBUG fUML.Debug [_endIsolation] End isolation.
15 Jan 2012 19:22:02,453 DEBUG fUML.Debug [fire] Action Create(TestClass)...
15 Jan 2012 19:22:02,468 INFO  fUML.Debug Fire activity=TestClassWriterReader action=Create(TestClass)
15 Jan 2012 19:22:02,468 DEBUG fUML.Debug [putToken] node = Create(TestClass)
15 Jan 2012 19:22:02,468 DEBUG fUML.Debug [addToken] node = Create(TestClass).result
15 Jan 2012 19:22:02,468 DEBUG fUML.Debug [receiveOffer] node = Write(x)
15 Jan 2012 19:22:02,468 DEBUG fUML.Debug [_beginIsolation] Begin isolation.
15 Jan 2012 19:22:02,468 DEBUG fUML.Debug [_endIsolation] End isolation.
15 Jan 2012 19:22:02,468 DEBUG fUML.Debug [fire] Checking if Create(TestClass) should fire again...
15 Jan 2012 19:22:02,468 DEBUG fUML.Debug [_beginIsolation] Begin isolation.
15 Jan 2012 19:22:02,468 DEBUG fUML.Debug [_endIsolation] End isolation.
15 Jan 2012 19:22:02,468 DEBUG fUML.Debug [run] Sending offer to node Value(999).
15 Jan 2012 19:22:02,468 DEBUG fUML.Debug [receiveOffer] node = Value(999)
15 Jan 2012 19:22:02,468 DEBUG fUML.Debug [_beginIsolation] Begin isolation.
15 Jan 2012 19:22:02,468 DEBUG fUML.Debug [receiveOffer] Firing.
15 Jan 2012 19:22:02,468 DEBUG fUML.Debug [_endIsolation] End isolation.
15 Jan 2012 19:22:02,468 DEBUG fUML.Debug [fire] Action Value(999)...
15 Jan 2012 19:22:02,468 INFO  fUML.Debug Fire activity=TestClassWriterReader action=Value(999)
15 Jan 2012 19:22:02,468 DEBUG fUML.Debug [putToken] node = Value(999)
15 Jan 2012 19:22:02,468 DEBUG fUML.Debug [addToken] node = Value(999).result
15 Jan 2012 19:22:02,468 DEBUG fUML.Debug [receiveOffer] node = Write(x)
15 Jan 2012 19:22:02,468 DEBUG fUML.Debug [_beginIsolation] Begin isolation.
15 Jan 2012 19:22:02,468 DEBUG fUML.Debug [receiveOffer] Firing.
15 Jan 2012 19:22:02,468 DEBUG fUML.Debug [fire] Pin Write(x).object...
15 Jan 2012 19:22:02,468 DEBUG fUML.Debug [addToken] node = Write(x).object
15 Jan 2012 19:22:02,468 DEBUG fUML.Debug [removeToken] node = Create(TestClass).result
15 Jan 2012 19:22:02,468 DEBUG fUML.Debug [fire] Pin Write(x).value...
15 Jan 2012 19:22:02,468 DEBUG fUML.Debug [addToken] node = Write(x).value
15 Jan 2012 19:22:02,468 DEBUG fUML.Debug [removeToken] node = Value(999).result
15 Jan 2012 19:22:02,468 DEBUG fUML.Debug [_endIsolation] End isolation.
15 Jan 2012 19:22:02,468 DEBUG fUML.Debug [fire] Action Write(x)...
15 Jan 2012 19:22:02,468 INFO  fUML.Debug Fire activity=TestClassWriterReader action=Write(x)
15 Jan 2012 19:22:02,468 DEBUG fUML.Debug [takeTokens] node = Write(x), pin = Write(x).object
15 Jan 2012 19:22:02,468 DEBUG fUML.Debug [removeToken] node = Write(x).object
15 Jan 2012 19:22:02,468 DEBUG fUML.Debug [takeTokens] node = Write(x), pin = Write(x).value
15 Jan 2012 19:22:02,468 DEBUG fUML.Debug [removeToken] node = Write(x).value
15 Jan 2012 19:22:02,468 DEBUG fUML.Debug [putToken] node = Write(x)
15 Jan 2012 19:22:02,468 DEBUG fUML.Debug [addToken] node = Write(x).result
15 Jan 2012 19:22:02,468 DEBUG fUML.Debug [receiveOffer] node = Read(x)
15 Jan 2012 19:22:02,468 DEBUG fUML.Debug [_beginIsolation] Begin isolation.
15 Jan 2012 19:22:02,468 DEBUG fUML.Debug [receiveOffer] Firing.
15 Jan 2012 19:22:02,468 DEBUG fUML.Debug [fire] Pin Read(x).object...
15 Jan 2012 19:22:02,468 DEBUG fUML.Debug [addToken] node = Read(x).object
15 Jan 2012 19:22:02,468 DEBUG fUML.Debug [removeToken] node = Write(x).result
15 Jan 2012 19:22:02,468 DEBUG fUML.Debug [_endIsolation] End isolation.
15 Jan 2012 19:22:02,468 DEBUG fUML.Debug [fire] Action Read(x)...
15 Jan 2012 19:22:02,468 INFO  fUML.Debug Fire activity=TestClassWriterReader action=Read(x)
15 Jan 2012 19:22:02,468 DEBUG fUML.Debug [takeTokens] node = Read(x), pin = Read(x).object
15 Jan 2012 19:22:02,468 DEBUG fUML.Debug [removeToken] node = Read(x).object
15 Jan 2012 19:22:02,468 DEBUG fUML.Debug [putToken] node = Read(x)
15 Jan 2012 19:22:02,468 DEBUG fUML.Debug [addToken] node = Read(x).result
15 Jan 2012 19:22:02,468 DEBUG fUML.Debug [receiveOffer] node = Parameter(x)
15 Jan 2012 19:22:02,468 DEBUG fUML.Debug [_beginIsolation] Begin isolation.
15 Jan 2012 19:22:02,468 DEBUG fUML.Debug [receiveOffer] Firing.
15 Jan 2012 19:22:02,468 DEBUG fUML.Debug [_endIsolation] End isolation.
15 Jan 2012 19:22:02,468 DEBUG fUML.Debug [fire] Output activity parameter node Parameter(x)...
15 Jan 2012 19:22:02,468 DEBUG fUML.Debug [addToken] node = Parameter(x)
15 Jan 2012 19:22:02,468 DEBUG fUML.Debug [removeToken] node = Read(x).result
15 Jan 2012 19:22:02,468 DEBUG fUML.Debug [fire] Checking if Read(x) should fire again...
15 Jan 2012 19:22:02,468 DEBUG fUML.Debug [_beginIsolation] Begin isolation.
15 Jan 2012 19:22:02,468 DEBUG fUML.Debug [_endIsolation] End isolation.
15 Jan 2012 19:22:02,468 DEBUG fUML.Debug [fire] Checking if Write(x) should fire again...
15 Jan 2012 19:22:02,468 DEBUG fUML.Debug [_beginIsolation] Begin isolation.
15 Jan 2012 19:22:02,468 DEBUG fUML.Debug [_endIsolation] End isolation.
15 Jan 2012 19:22:02,468 DEBUG fUML.Debug [fire] Checking if Value(999) should fire again...
15 Jan 2012 19:22:02,468 DEBUG fUML.Debug [_beginIsolation] Begin isolation.
15 Jan 2012 19:22:02,468 DEBUG fUML.Debug [_endIsolation] End isolation.
15 Jan 2012 19:22:02,468 INFO  fUML.Debug Output activity=TestClassWriterReader parameter=x value=999
15 Jan 2012 19:22:02,468 DEBUG fUML.Debug [execute] Activity TestClassWriterReader completed.
15 Jan 2012 19:22:02,468 DEBUG fUML.Debug [destroy] object = org.modeldriven.fuml.environment.ActivityExecution@1c7f55b
[execute] output parameter 'x' has 1 value(s)
[execute] value [0] = 999
15 Jan 2012 19:22:02,468 INFO  test.ExecutionTestCase done
15 Jan 2012 19:22:02,468 INFO  test.ExecutionTestCase executing behavior: TestClassAttributeWriter
[execute] creating 3 parameter(s):
[execute] creating parameter value for parameter 'objectIn'
[execute] value = Reference to (fUML.Semantics.Classes.Kernel.Object_@13d59d4: TestClass
		x[0]  = 0)
[execute] creating parameter value for parameter 'value'
[execute] value = 0
[execute] executing the behavior...
15 Jan 2012 19:22:02,468 DEBUG fUML.Debug [execute] Activity TestClassAttributeWriter...
15 Jan 2012 19:22:02,468 INFO  fUML.Debug Execute activity=TestClassAttributeWriter
15 Jan 2012 19:22:02,468 DEBUG fUML.Debug [createNodeActivations] Creating a node activation for Add(x)...
15 Jan 2012 19:22:02,468 DEBUG fUML.Debug [createNodeActivations] Creating a node activation for Add(x).object...
15 Jan 2012 19:22:02,468 DEBUG fUML.Debug [createNodeActivations] Creating a node activation for Add(x).value...
15 Jan 2012 19:22:02,468 DEBUG fUML.Debug [createNodeActivations] Creating a node activation for Add(x).insertAt...
15 Jan 2012 19:22:02,468 DEBUG fUML.Debug [createNodeActivations] Creating a node activation for Add(x).result...
15 Jan 2012 19:22:02,468 DEBUG fUML.Debug [createNodeActivations] Creating a node activation for Parameter(objectIn)...
15 Jan 2012 19:22:02,468 DEBUG fUML.Debug [createNodeActivations] Creating a node activation for Parameter(value)...
15 Jan 2012 19:22:02,468 DEBUG fUML.Debug [createNodeActivations] Creating a node activation for Parameter(objectOut)...
15 Jan 2012 19:22:02,468 DEBUG fUML.Debug [createNodeActivations] Creating a node activation for Value(*)...
15 Jan 2012 19:22:02,468 DEBUG fUML.Debug [createNodeActivations] Creating a node activation for Value(*).result...
15 Jan 2012 19:22:02,468 DEBUG fUML.Debug [createEdgeInstances] Creating an edge instance from Parameter(value) to Add(x).value.
15 Jan 2012 19:22:02,468 DEBUG fUML.Debug [createEdgeInstances] Creating an edge instance from Add(x).result to Parameter(objectOut).
15 Jan 2012 19:22:02,468 DEBUG fUML.Debug [createEdgeInstances] Creating an edge instance from Parameter(objectIn) to Add(x).object.
15 Jan 2012 19:22:02,468 DEBUG fUML.Debug [createEdgeInstances] Creating an edge instance from Value(*).result to Add(x).insertAt.
15 Jan 2012 19:22:02,468 DEBUG fUML.Debug [run] node = Add(x)
15 Jan 2012 19:22:02,468 DEBUG fUML.Debug [run] node = Add(x).object
15 Jan 2012 19:22:02,468 DEBUG fUML.Debug [run] node = Add(x).value
15 Jan 2012 19:22:02,468 DEBUG fUML.Debug [run] node = Add(x).insertAt
15 Jan 2012 19:22:02,468 DEBUG fUML.Debug [run] node = Add(x).result
15 Jan 2012 19:22:02,468 DEBUG fUML.Debug [run] node = Parameter(objectIn)
15 Jan 2012 19:22:02,468 DEBUG fUML.Debug [run] node = Parameter(value)
15 Jan 2012 19:22:02,468 DEBUG fUML.Debug [run] node = Parameter(objectOut)
15 Jan 2012 19:22:02,468 DEBUG fUML.Debug [run] node = Value(*)
15 Jan 2012 19:22:02,468 DEBUG fUML.Debug [run] node = Value(*).result
15 Jan 2012 19:22:02,468 DEBUG fUML.Debug [run] Checking for enabled nodes...
15 Jan 2012 19:22:02,468 DEBUG fUML.Debug [run] Checking node Add(x)...
15 Jan 2012 19:22:02,468 DEBUG fUML.Debug [run] Checking node Add(x).object...
15 Jan 2012 19:22:02,468 DEBUG fUML.Debug [run] Checking node Add(x).value...
15 Jan 2012 19:22:02,468 DEBUG fUML.Debug [run] Checking node Add(x).insertAt...
15 Jan 2012 19:22:02,468 DEBUG fUML.Debug [run] Checking node Add(x).result...
15 Jan 2012 19:22:02,468 DEBUG fUML.Debug [run] Checking node Parameter(objectIn)...
15 Jan 2012 19:22:02,468 DEBUG fUML.Debug [run] Node Parameter(objectIn) is enabled.
15 Jan 2012 19:22:02,468 DEBUG fUML.Debug [run] Checking node Parameter(value)...
15 Jan 2012 19:22:02,468 DEBUG fUML.Debug [run] Node Parameter(value) is enabled.
15 Jan 2012 19:22:02,468 DEBUG fUML.Debug [run] Checking node Parameter(objectOut)...
15 Jan 2012 19:22:02,468 DEBUG fUML.Debug [run] Checking node Value(*)...
15 Jan 2012 19:22:02,468 DEBUG fUML.Debug [run] Node Value(*) is enabled.
15 Jan 2012 19:22:02,468 DEBUG fUML.Debug [run] Checking node Value(*).result...
15 Jan 2012 19:22:02,468 DEBUG fUML.Debug [run] Sending offer to node Parameter(objectIn).
15 Jan 2012 19:22:02,468 DEBUG fUML.Debug [receiveOffer] node = Parameter(objectIn)
15 Jan 2012 19:22:02,468 DEBUG fUML.Debug [_beginIsolation] Begin isolation.
15 Jan 2012 19:22:02,468 DEBUG fUML.Debug [receiveOffer] Firing.
15 Jan 2012 19:22:02,468 DEBUG fUML.Debug [_endIsolation] End isolation.
15 Jan 2012 19:22:02,468 DEBUG fUML.Debug [fire] Input activity parameter node Parameter(objectIn)...
15 Jan 2012 19:22:02,468 DEBUG fUML.Debug [fire] Parameter has 1 value(s).
15 Jan 2012 19:22:02,468 DEBUG fUML.Debug [addToken] node = Parameter(objectIn)
15 Jan 2012 19:22:02,468 DEBUG fUML.Debug [receiveOffer] node = Add(x)
15 Jan 2012 19:22:02,468 DEBUG fUML.Debug [_beginIsolation] Begin isolation.
15 Jan 2012 19:22:02,468 DEBUG fUML.Debug [_endIsolation] End isolation.
15 Jan 2012 19:22:02,468 DEBUG fUML.Debug [run] Sending offer to node Parameter(value).
15 Jan 2012 19:22:02,468 DEBUG fUML.Debug [receiveOffer] node = Parameter(value)
15 Jan 2012 19:22:02,468 DEBUG fUML.Debug [_beginIsolation] Begin isolation.
15 Jan 2012 19:22:02,468 DEBUG fUML.Debug [receiveOffer] Firing.
15 Jan 2012 19:22:02,468 DEBUG fUML.Debug [_endIsolation] End isolation.
15 Jan 2012 19:22:02,468 DEBUG fUML.Debug [fire] Input activity parameter node Parameter(value)...
15 Jan 2012 19:22:02,468 DEBUG fUML.Debug [fire] Parameter has 1 value(s).
15 Jan 2012 19:22:02,468 DEBUG fUML.Debug [addToken] node = Parameter(value)
15 Jan 2012 19:22:02,468 DEBUG fUML.Debug [receiveOffer] node = Add(x)
15 Jan 2012 19:22:02,468 DEBUG fUML.Debug [_beginIsolation] Begin isolation.
15 Jan 2012 19:22:02,468 DEBUG fUML.Debug [_endIsolation] End isolation.
15 Jan 2012 19:22:02,468 DEBUG fUML.Debug [run] Sending offer to node Value(*).
15 Jan 2012 19:22:02,468 DEBUG fUML.Debug [receiveOffer] node = Value(*)
15 Jan 2012 19:22:02,468 DEBUG fUML.Debug [_beginIsolation] Begin isolation.
15 Jan 2012 19:22:02,468 DEBUG fUML.Debug [receiveOffer] Firing.
15 Jan 2012 19:22:02,468 DEBUG fUML.Debug [_endIsolation] End isolation.
15 Jan 2012 19:22:02,468 DEBUG fUML.Debug [fire] Action Value(*)...
15 Jan 2012 19:22:02,468 INFO  fUML.Debug Fire activity=TestClassAttributeWriter action=Value(*)
15 Jan 2012 19:22:02,468 DEBUG fUML.Debug [putToken] node = Value(*)
15 Jan 2012 19:22:02,468 DEBUG fUML.Debug [addToken] node = Value(*).result
15 Jan 2012 19:22:02,468 DEBUG fUML.Debug [receiveOffer] node = Add(x)
15 Jan 2012 19:22:02,468 DEBUG fUML.Debug [_beginIsolation] Begin isolation.
15 Jan 2012 19:22:02,468 DEBUG fUML.Debug [receiveOffer] Firing.
15 Jan 2012 19:22:02,468 DEBUG fUML.Debug [fire] Pin Add(x).object...
15 Jan 2012 19:22:02,468 DEBUG fUML.Debug [addToken] node = Add(x).object
15 Jan 2012 19:22:02,468 DEBUG fUML.Debug [removeToken] node = Parameter(objectIn)
15 Jan 2012 19:22:02,468 DEBUG fUML.Debug [fire] Pin Add(x).value...
15 Jan 2012 19:22:02,468 DEBUG fUML.Debug [addToken] node = Add(x).value
15 Jan 2012 19:22:02,468 DEBUG fUML.Debug [removeToken] node = Parameter(value)
15 Jan 2012 19:22:02,468 DEBUG fUML.Debug [fire] Pin Add(x).insertAt...
15 Jan 2012 19:22:02,468 DEBUG fUML.Debug [addToken] node = Add(x).insertAt
15 Jan 2012 19:22:02,468 DEBUG fUML.Debug [removeToken] node = Value(*).result
15 Jan 2012 19:22:02,468 DEBUG fUML.Debug [_endIsolation] End isolation.
15 Jan 2012 19:22:02,468 DEBUG fUML.Debug [fire] Action Add(x)...
15 Jan 2012 19:22:02,468 INFO  fUML.Debug Fire activity=TestClassAttributeWriter action=Add(x)
15 Jan 2012 19:22:02,468 DEBUG fUML.Debug [takeTokens] node = Add(x), pin = Add(x).object
15 Jan 2012 19:22:02,468 DEBUG fUML.Debug [removeToken] node = Add(x).object
15 Jan 2012 19:22:02,468 DEBUG fUML.Debug [takeTokens] node = Add(x), pin = Add(x).value
15 Jan 2012 19:22:02,468 DEBUG fUML.Debug [removeToken] node = Add(x).value
15 Jan 2012 19:22:02,468 DEBUG fUML.Debug [takeTokens] node = Add(x), pin = Add(x).insertAt
15 Jan 2012 19:22:02,468 DEBUG fUML.Debug [removeToken] node = Add(x).insertAt
15 Jan 2012 19:22:02,468 DEBUG fUML.Debug [putToken] node = Add(x)
15 Jan 2012 19:22:02,468 DEBUG fUML.Debug [addToken] node = Add(x).result
15 Jan 2012 19:22:02,468 DEBUG fUML.Debug [receiveOffer] node = Parameter(objectOut)
15 Jan 2012 19:22:02,468 DEBUG fUML.Debug [_beginIsolation] Begin isolation.
15 Jan 2012 19:22:02,468 DEBUG fUML.Debug [receiveOffer] Firing.
15 Jan 2012 19:22:02,468 DEBUG fUML.Debug [_endIsolation] End isolation.
15 Jan 2012 19:22:02,468 DEBUG fUML.Debug [fire] Output activity parameter node Parameter(objectOut)...
15 Jan 2012 19:22:02,468 DEBUG fUML.Debug [addToken] node = Parameter(objectOut)
15 Jan 2012 19:22:02,468 DEBUG fUML.Debug [removeToken] node = Add(x).result
15 Jan 2012 19:22:02,468 DEBUG fUML.Debug [fire] Checking if Add(x) should fire again...
15 Jan 2012 19:22:02,468 DEBUG fUML.Debug [_beginIsolation] Begin isolation.
15 Jan 2012 19:22:02,468 DEBUG fUML.Debug [_endIsolation] End isolation.
15 Jan 2012 19:22:02,468 DEBUG fUML.Debug [fire] Checking if Value(*) should fire again...
15 Jan 2012 19:22:02,468 DEBUG fUML.Debug [_beginIsolation] Begin isolation.
15 Jan 2012 19:22:02,468 DEBUG fUML.Debug [_endIsolation] End isolation.
15 Jan 2012 19:22:02,468 INFO  fUML.Debug Output activity=TestClassAttributeWriter parameter=objectOut value=Reference to (fUML.Semantics.Classes.Kernel.Object_@13d59d4: TestClass
		x[0]  = 0)
15 Jan 2012 19:22:02,468 DEBUG fUML.Debug [execute] Activity TestClassAttributeWriter completed.
15 Jan 2012 19:22:02,468 DEBUG fUML.Debug [destroy] object = org.modeldriven.fuml.environment.ActivityExecution@1cd468c
[execute] output parameter 'objectOut' has 1 value(s)
[execute] value [0] = Reference to (fUML.Semantics.Classes.Kernel.Object_@13d59d4: TestClass
		x[0]  = 0)
15 Jan 2012 19:22:02,468 INFO  test.ExecutionTestCase done
]]></system-out>
  <system-err><![CDATA[]]></system-err>
</testsuite>
