<?xml version="1.0" encoding="UTF-8" ?>
<testsuite errors="0" failures="0" hostname="EVS-MDS-Laptop" name="org.modeldriven.fuml.test.builtin.SimpleActivitiesTestCase" tests="1" time="0.782" timestamp="2012-01-16T00:21:29">
  <properties>
[...]
</properties>
  <testcase classname="org.modeldriven.fuml.test.builtin.SimpleActivitiesTestCase" name="testSimpleActivities" time="0.235" />
  <system-out><![CDATA[15 Jan 2012 19:21:29,640 INFO  builtin.SimpleActivitiesTestCase testSimpleActivities
15 Jan 2012 19:21:29,656 DEBUG fUML.Debug 
15 Jan 2012 19:21:29,656 DEBUG fUML.Debug [testSimpleActivites] Setting up...
15 Jan 2012 19:21:29,656 DEBUG fUML.Debug [testSimpleActivities] Testing...
15 Jan 2012 19:21:29,671 DEBUG fUML.Debug 
15 Jan 2012 19:21:29,671 DEBUG fUML.Debug [createDefaultParameterValues] Creating parameter value for parameter input...
15 Jan 2012 19:21:29,671 DEBUG fUML.Debug [createDefaultParameterValues] value = 0
15 Jan 2012 19:21:29,671 DEBUG fUML.Debug [testExecute] Executing the behavior...
15 Jan 2012 19:21:29,671 DEBUG fUML.Debug [execute] Activity Copier...
15 Jan 2012 19:21:29,671 INFO  fUML.Debug Execute activity=Copier
15 Jan 2012 19:21:29,671 DEBUG fUML.Debug [createNodeActivations] Creating a node activation for inputNode...
15 Jan 2012 19:21:29,671 DEBUG fUML.Debug [createNodeActivations] Creating a node activation for outputNode...
15 Jan 2012 19:21:29,687 DEBUG fUML.Debug [createEdgeInstances] Creating an edge instance from inputNode to outputNode.
15 Jan 2012 19:21:29,687 DEBUG fUML.Debug [run] node = inputNode
15 Jan 2012 19:21:29,687 DEBUG fUML.Debug [run] node = outputNode
15 Jan 2012 19:21:29,687 DEBUG fUML.Debug [run] Checking for enabled nodes...
15 Jan 2012 19:21:29,687 DEBUG fUML.Debug [run] Checking node inputNode...
15 Jan 2012 19:21:29,687 DEBUG fUML.Debug [run] Node inputNode is enabled.
15 Jan 2012 19:21:29,687 DEBUG fUML.Debug [run] Checking node outputNode...
15 Jan 2012 19:21:29,687 DEBUG fUML.Debug [run] Sending offer to node inputNode.
15 Jan 2012 19:21:29,687 DEBUG fUML.Debug [receiveOffer] node = inputNode
15 Jan 2012 19:21:29,687 DEBUG fUML.Debug [_beginIsolation] Begin isolation.
15 Jan 2012 19:21:29,687 DEBUG fUML.Debug [receiveOffer] Firing.
15 Jan 2012 19:21:29,687 DEBUG fUML.Debug [_endIsolation] End isolation.
15 Jan 2012 19:21:29,687 DEBUG fUML.Debug [fire] Input activity parameter node inputNode...
15 Jan 2012 19:21:29,687 DEBUG fUML.Debug [fire] Parameter has 1 value(s).
15 Jan 2012 19:21:29,687 DEBUG fUML.Debug [addToken] node = inputNode
15 Jan 2012 19:21:29,687 DEBUG fUML.Debug [receiveOffer] node = outputNode
15 Jan 2012 19:21:29,687 DEBUG fUML.Debug [_beginIsolation] Begin isolation.
15 Jan 2012 19:21:29,687 DEBUG fUML.Debug [receiveOffer] Firing.
15 Jan 2012 19:21:29,687 DEBUG fUML.Debug [_endIsolation] End isolation.
15 Jan 2012 19:21:29,687 DEBUG fUML.Debug [fire] Output activity parameter node outputNode...
15 Jan 2012 19:21:29,687 DEBUG fUML.Debug [addToken] node = outputNode
15 Jan 2012 19:21:29,687 DEBUG fUML.Debug [removeToken] node = inputNode
15 Jan 2012 19:21:29,687 INFO  fUML.Debug Output activity=Copier parameter=output value=0
15 Jan 2012 19:21:29,687 DEBUG fUML.Debug [execute] Activity Copier completed.
15 Jan 2012 19:21:29,703 DEBUG fUML.Debug [destroy] object = fUML.Semantics.Activities.IntermediateActivities.ActivityExecution@1afd9cc
15 Jan 2012 19:21:29,703 DEBUG fUML.Debug [testExecute] Output parameter output has 1 value(s):
15 Jan 2012 19:21:29,703 DEBUG fUML.Debug [testExecute] value [0] = 0
15 Jan 2012 19:21:29,703 DEBUG fUML.Debug 
15 Jan 2012 19:21:29,703 DEBUG fUML.Debug 
15 Jan 2012 19:21:29,703 DEBUG fUML.Debug [testExecute] Executing the behavior...
15 Jan 2012 19:21:29,703 DEBUG fUML.Debug [execute] Activity CopierCaller...
15 Jan 2012 19:21:29,703 INFO  fUML.Debug Execute activity=CopierCaller
15 Jan 2012 19:21:29,703 DEBUG fUML.Debug [createNodeActivations] Creating a node activation for Call(Copier)...
15 Jan 2012 19:21:29,703 DEBUG fUML.Debug [createNodeActivations] Creating a node activation for Call(Copier).argument[input]...
15 Jan 2012 19:21:29,703 DEBUG fUML.Debug [createNodeActivations] Creating a node activation for Call(Copier).result[output]...
15 Jan 2012 19:21:29,703 DEBUG fUML.Debug [createNodeActivations] Creating a node activation for Value(input:Integer)...
15 Jan 2012 19:21:29,703 DEBUG fUML.Debug [createNodeActivations] Creating a node activation for Value(input:Integer).result...
15 Jan 2012 19:21:29,703 DEBUG fUML.Debug [createNodeActivations] Creating a node activation for Parameter(output)...
15 Jan 2012 19:21:29,703 DEBUG fUML.Debug [createEdgeInstances] Creating an edge instance from Value(input:Integer).result to Call(Copier).argument[input].
15 Jan 2012 19:21:29,703 DEBUG fUML.Debug [createEdgeInstances] Creating an edge instance from Call(Copier).result[output] to Parameter(output).
15 Jan 2012 19:21:29,703 DEBUG fUML.Debug [run] node = Call(Copier)
15 Jan 2012 19:21:29,703 DEBUG fUML.Debug [run] node = Call(Copier).argument[input]
15 Jan 2012 19:21:29,703 DEBUG fUML.Debug [run] node = Call(Copier).result[output]
15 Jan 2012 19:21:29,703 DEBUG fUML.Debug [run] node = Value(input:Integer)
15 Jan 2012 19:21:29,703 DEBUG fUML.Debug [run] node = Value(input:Integer).result
15 Jan 2012 19:21:29,703 DEBUG fUML.Debug [run] node = Parameter(output)
15 Jan 2012 19:21:29,703 DEBUG fUML.Debug [run] Checking for enabled nodes...
15 Jan 2012 19:21:29,703 DEBUG fUML.Debug [run] Checking node Call(Copier)...
15 Jan 2012 19:21:29,703 DEBUG fUML.Debug [run] Checking node Call(Copier).argument[input]...
15 Jan 2012 19:21:29,703 DEBUG fUML.Debug [run] Checking node Call(Copier).result[output]...
15 Jan 2012 19:21:29,703 DEBUG fUML.Debug [run] Checking node Value(input:Integer)...
15 Jan 2012 19:21:29,703 DEBUG fUML.Debug [run] Node Value(input:Integer) is enabled.
15 Jan 2012 19:21:29,703 DEBUG fUML.Debug [run] Checking node Value(input:Integer).result...
15 Jan 2012 19:21:29,703 DEBUG fUML.Debug [run] Checking node Parameter(output)...
15 Jan 2012 19:21:29,703 DEBUG fUML.Debug [run] Sending offer to node Value(input:Integer).
15 Jan 2012 19:21:29,703 DEBUG fUML.Debug [receiveOffer] node = Value(input:Integer)
15 Jan 2012 19:21:29,703 DEBUG fUML.Debug [_beginIsolation] Begin isolation.
15 Jan 2012 19:21:29,703 DEBUG fUML.Debug [receiveOffer] Firing.
15 Jan 2012 19:21:29,703 DEBUG fUML.Debug [_endIsolation] End isolation.
15 Jan 2012 19:21:29,703 DEBUG fUML.Debug [fire] Action Value(input:Integer)...
15 Jan 2012 19:21:29,703 INFO  fUML.Debug Fire activity=CopierCaller action=Value(input:Integer)
15 Jan 2012 19:21:29,703 DEBUG fUML.Debug [putToken] node = Value(input:Integer)
15 Jan 2012 19:21:29,703 DEBUG fUML.Debug [addToken] node = Value(input:Integer).result
15 Jan 2012 19:21:29,703 DEBUG fUML.Debug [receiveOffer] node = Call(Copier)
15 Jan 2012 19:21:29,718 DEBUG fUML.Debug [_beginIsolation] Begin isolation.
15 Jan 2012 19:21:29,718 DEBUG fUML.Debug [receiveOffer] Firing.
15 Jan 2012 19:21:29,718 DEBUG fUML.Debug [fire] Pin Call(Copier).argument[input]...
15 Jan 2012 19:21:29,718 DEBUG fUML.Debug [addToken] node = Call(Copier).argument[input]
15 Jan 2012 19:21:29,718 DEBUG fUML.Debug [removeToken] node = Value(input:Integer).result
15 Jan 2012 19:21:29,718 DEBUG fUML.Debug [_endIsolation] End isolation.
15 Jan 2012 19:21:29,718 DEBUG fUML.Debug [fire] Action Call(Copier)...
15 Jan 2012 19:21:29,718 INFO  fUML.Debug Fire activity=CopierCaller action=Call(Copier)
15 Jan 2012 19:21:29,718 DEBUG fUML.Debug [takeTokens] node = Call(Copier), pin = Call(Copier).argument[input]
15 Jan 2012 19:21:29,718 DEBUG fUML.Debug [removeToken] node = Call(Copier).argument[input]
15 Jan 2012 19:21:29,718 DEBUG fUML.Debug [execute] Activity Copier...
15 Jan 2012 19:21:29,718 INFO  fUML.Debug Execute activity=Copier
15 Jan 2012 19:21:29,718 DEBUG fUML.Debug [createNodeActivations] Creating a node activation for inputNode...
15 Jan 2012 19:21:29,718 DEBUG fUML.Debug [createNodeActivations] Creating a node activation for outputNode...
15 Jan 2012 19:21:29,718 DEBUG fUML.Debug [createEdgeInstances] Creating an edge instance from inputNode to outputNode.
15 Jan 2012 19:21:29,718 DEBUG fUML.Debug [run] node = inputNode
15 Jan 2012 19:21:29,734 DEBUG fUML.Debug [run] node = outputNode
15 Jan 2012 19:21:29,734 DEBUG fUML.Debug [run] Checking for enabled nodes...
15 Jan 2012 19:21:29,734 DEBUG fUML.Debug [run] Checking node inputNode...
15 Jan 2012 19:21:29,734 DEBUG fUML.Debug [run] Node inputNode is enabled.
15 Jan 2012 19:21:29,734 DEBUG fUML.Debug [run] Checking node outputNode...
15 Jan 2012 19:21:29,734 DEBUG fUML.Debug [run] Sending offer to node inputNode.
15 Jan 2012 19:21:29,734 DEBUG fUML.Debug [receiveOffer] node = inputNode
15 Jan 2012 19:21:29,734 DEBUG fUML.Debug [_beginIsolation] Begin isolation.
15 Jan 2012 19:21:29,734 DEBUG fUML.Debug [receiveOffer] Firing.
15 Jan 2012 19:21:29,734 DEBUG fUML.Debug [_endIsolation] End isolation.
15 Jan 2012 19:21:29,734 DEBUG fUML.Debug [fire] Input activity parameter node inputNode...
15 Jan 2012 19:21:29,734 DEBUG fUML.Debug [fire] Parameter has 1 value(s).
15 Jan 2012 19:21:29,734 DEBUG fUML.Debug [addToken] node = inputNode
15 Jan 2012 19:21:29,734 DEBUG fUML.Debug [receiveOffer] node = outputNode
15 Jan 2012 19:21:29,734 DEBUG fUML.Debug [_beginIsolation] Begin isolation.
15 Jan 2012 19:21:29,734 DEBUG fUML.Debug [receiveOffer] Firing.
15 Jan 2012 19:21:29,734 DEBUG fUML.Debug [_endIsolation] End isolation.
15 Jan 2012 19:21:29,734 DEBUG fUML.Debug [fire] Output activity parameter node outputNode...
15 Jan 2012 19:21:29,734 DEBUG fUML.Debug [addToken] node = outputNode
15 Jan 2012 19:21:29,734 DEBUG fUML.Debug [removeToken] node = inputNode
15 Jan 2012 19:21:29,734 INFO  fUML.Debug Output activity=Copier parameter=output value=0
15 Jan 2012 19:21:29,734 DEBUG fUML.Debug [execute] Activity Copier completed.
15 Jan 2012 19:21:29,734 DEBUG fUML.Debug [putToken] node = Call(Copier)
15 Jan 2012 19:21:29,734 DEBUG fUML.Debug [addToken] node = Call(Copier).result[output]
15 Jan 2012 19:21:29,734 DEBUG fUML.Debug [destroy] object = fUML.Semantics.Activities.IntermediateActivities.ActivityExecution@ae1cf
15 Jan 2012 19:21:29,734 DEBUG fUML.Debug [receiveOffer] node = Parameter(output)
15 Jan 2012 19:21:29,734 DEBUG fUML.Debug [_beginIsolation] Begin isolation.
15 Jan 2012 19:21:29,734 DEBUG fUML.Debug [receiveOffer] Firing.
15 Jan 2012 19:21:29,734 DEBUG fUML.Debug [_endIsolation] End isolation.
15 Jan 2012 19:21:29,734 DEBUG fUML.Debug [fire] Output activity parameter node Parameter(output)...
15 Jan 2012 19:21:29,734 DEBUG fUML.Debug [addToken] node = Parameter(output)
15 Jan 2012 19:21:29,734 DEBUG fUML.Debug [removeToken] node = Call(Copier).result[output]
15 Jan 2012 19:21:29,734 DEBUG fUML.Debug [fire] Checking if Call(Copier) should fire again...
15 Jan 2012 19:21:29,734 DEBUG fUML.Debug [_beginIsolation] Begin isolation.
15 Jan 2012 19:21:29,734 DEBUG fUML.Debug [_endIsolation] End isolation.
15 Jan 2012 19:21:29,734 DEBUG fUML.Debug [fire] Checking if Value(input:Integer) should fire again...
15 Jan 2012 19:21:29,734 DEBUG fUML.Debug [_beginIsolation] Begin isolation.
15 Jan 2012 19:21:29,734 DEBUG fUML.Debug [_endIsolation] End isolation.
15 Jan 2012 19:21:29,734 INFO  fUML.Debug Output activity=CopierCaller parameter=output value=0
15 Jan 2012 19:21:29,734 DEBUG fUML.Debug [execute] Activity CopierCaller completed.
15 Jan 2012 19:21:29,734 DEBUG fUML.Debug [destroy] object = fUML.Semantics.Activities.IntermediateActivities.ActivityExecution@149f041
15 Jan 2012 19:21:29,734 DEBUG fUML.Debug [testExecute] Output parameter output has 1 value(s):
15 Jan 2012 19:21:29,734 DEBUG fUML.Debug [testExecute] value [0] = 0
15 Jan 2012 19:21:29,734 DEBUG fUML.Debug 
15 Jan 2012 19:21:29,734 DEBUG fUML.Debug 
15 Jan 2012 19:21:29,734 DEBUG fUML.Debug [testExecute] Executing the behavior...
15 Jan 2012 19:21:29,734 DEBUG fUML.Debug [execute] Activity SimpleDecision0...
15 Jan 2012 19:21:29,734 INFO  fUML.Debug Execute activity=SimpleDecision0
15 Jan 2012 19:21:29,734 DEBUG fUML.Debug [createNodeActivations] Creating a node activation for ValueAction_0...
15 Jan 2012 19:21:29,734 DEBUG fUML.Debug [createNodeActivations] Creating a node activation for ValueAction_0.result...
15 Jan 2012 19:21:29,734 DEBUG fUML.Debug [createNodeActivations] Creating a node activation for DecisionNode...
15 Jan 2012 19:21:29,734 DEBUG fUML.Debug [createNodeActivations] Creating a node activation for ParameterNode_0...
15 Jan 2012 19:21:29,734 DEBUG fUML.Debug [createNodeActivations] Creating a node activation for ParameterNode_1...
15 Jan 2012 19:21:29,734 DEBUG fUML.Debug [createEdgeInstances] Creating an edge instance from ValueAction_0.result to DecisionNode.
15 Jan 2012 19:21:29,734 DEBUG fUML.Debug [createEdgeInstances] Creating an edge instance from DecisionNode to ParameterNode_0.
15 Jan 2012 19:21:29,734 DEBUG fUML.Debug [createEdgeInstances] Creating an edge instance from DecisionNode to ParameterNode_1.
15 Jan 2012 19:21:29,734 DEBUG fUML.Debug [run] node = ValueAction_0
15 Jan 2012 19:21:29,734 DEBUG fUML.Debug [run] node = ValueAction_0.result
15 Jan 2012 19:21:29,734 DEBUG fUML.Debug [run] node = DecisionNode
15 Jan 2012 19:21:29,734 DEBUG fUML.Debug [run] node = ParameterNode_0
15 Jan 2012 19:21:29,734 DEBUG fUML.Debug [run] node = ParameterNode_1
15 Jan 2012 19:21:29,734 DEBUG fUML.Debug [run] Checking for enabled nodes...
15 Jan 2012 19:21:29,734 DEBUG fUML.Debug [run] Checking node ValueAction_0...
15 Jan 2012 19:21:29,734 DEBUG fUML.Debug [run] Node ValueAction_0 is enabled.
15 Jan 2012 19:21:29,734 DEBUG fUML.Debug [run] Checking node ValueAction_0.result...
15 Jan 2012 19:21:29,734 DEBUG fUML.Debug [run] Checking node DecisionNode...
15 Jan 2012 19:21:29,734 DEBUG fUML.Debug [run] Checking node ParameterNode_0...
15 Jan 2012 19:21:29,734 DEBUG fUML.Debug [run] Checking node ParameterNode_1...
15 Jan 2012 19:21:29,734 DEBUG fUML.Debug [run] Sending offer to node ValueAction_0.
15 Jan 2012 19:21:29,734 DEBUG fUML.Debug [receiveOffer] node = ValueAction_0
15 Jan 2012 19:21:29,734 DEBUG fUML.Debug [_beginIsolation] Begin isolation.
15 Jan 2012 19:21:29,734 DEBUG fUML.Debug [receiveOffer] Firing.
15 Jan 2012 19:21:29,734 DEBUG fUML.Debug [_endIsolation] End isolation.
15 Jan 2012 19:21:29,734 DEBUG fUML.Debug [fire] Action ValueAction_0...
15 Jan 2012 19:21:29,734 INFO  fUML.Debug Fire activity=SimpleDecision0 action=ValueAction_0
15 Jan 2012 19:21:29,734 DEBUG fUML.Debug [putToken] node = ValueAction_0
15 Jan 2012 19:21:29,734 DEBUG fUML.Debug [addToken] node = ValueAction_0.result
15 Jan 2012 19:21:29,734 DEBUG fUML.Debug [receiveOffer] node = DecisionNode
15 Jan 2012 19:21:29,734 DEBUG fUML.Debug [_beginIsolation] Begin isolation.
15 Jan 2012 19:21:29,734 DEBUG fUML.Debug [receiveOffer] Firing.
15 Jan 2012 19:21:29,734 DEBUG fUML.Debug [_endIsolation] End isolation.
15 Jan 2012 19:21:29,734 DEBUG fUML.Debug [fire] Decision node DecisionNode...
15 Jan 2012 19:21:29,734 DEBUG fUML.Debug [executeDecisionBehavior] inputValue = 0
15 Jan 2012 19:21:29,734 DEBUG fUML.Debug [getDecisionValues] decisionValues[0] = 0
15 Jan 2012 19:21:29,734 DEBUG fUML.Debug [receiveOffer] node = ParameterNode_0
15 Jan 2012 19:21:29,734 DEBUG fUML.Debug [_beginIsolation] Begin isolation.
15 Jan 2012 19:21:29,734 DEBUG fUML.Debug [receiveOffer] Firing.
15 Jan 2012 19:21:29,750 DEBUG fUML.Debug [_endIsolation] End isolation.
15 Jan 2012 19:21:29,750 DEBUG fUML.Debug [fire] Output activity parameter node ParameterNode_0...
15 Jan 2012 19:21:29,750 DEBUG fUML.Debug [addToken] node = ParameterNode_0
15 Jan 2012 19:21:29,750 DEBUG fUML.Debug [removeToken] node = ValueAction_0.result
15 Jan 2012 19:21:29,750 DEBUG fUML.Debug [fire] Checking if ValueAction_0 should fire again...
15 Jan 2012 19:21:29,750 DEBUG fUML.Debug [_beginIsolation] Begin isolation.
15 Jan 2012 19:21:29,750 DEBUG fUML.Debug [_endIsolation] End isolation.
15 Jan 2012 19:21:29,750 INFO  fUML.Debug Output activity=SimpleDecision0 parameter=output_0 value=0
15 Jan 2012 19:21:29,750 DEBUG fUML.Debug [execute] Activity SimpleDecision0 completed.
15 Jan 2012 19:21:29,750 DEBUG fUML.Debug [destroy] object = fUML.Semantics.Activities.IntermediateActivities.ActivityExecution@1984a9d
15 Jan 2012 19:21:29,750 DEBUG fUML.Debug [testExecute] Output parameter output_0 has 1 value(s):
15 Jan 2012 19:21:29,750 DEBUG fUML.Debug [testExecute] value [0] = 0
15 Jan 2012 19:21:29,750 DEBUG fUML.Debug [testExecute] Output parameter output_1 has 0 value(s):
15 Jan 2012 19:21:29,750 DEBUG fUML.Debug 
15 Jan 2012 19:21:29,750 DEBUG fUML.Debug 
15 Jan 2012 19:21:29,750 DEBUG fUML.Debug [testExecute] Executing the behavior...
15 Jan 2012 19:21:29,750 DEBUG fUML.Debug [execute] Activity SimpleDecision1...
15 Jan 2012 19:21:29,750 INFO  fUML.Debug Execute activity=SimpleDecision1
15 Jan 2012 19:21:29,750 DEBUG fUML.Debug [createNodeActivations] Creating a node activation for ValueAction_1...
15 Jan 2012 19:21:29,750 DEBUG fUML.Debug [createNodeActivations] Creating a node activation for ValueAction_1.result...
15 Jan 2012 19:21:29,750 DEBUG fUML.Debug [createNodeActivations] Creating a node activation for DecisionNode...
15 Jan 2012 19:21:29,750 DEBUG fUML.Debug [createNodeActivations] Creating a node activation for ParameterNode_0...
15 Jan 2012 19:21:29,750 DEBUG fUML.Debug [createNodeActivations] Creating a node activation for ParameterNode_1...
15 Jan 2012 19:21:29,750 DEBUG fUML.Debug [createEdgeInstances] Creating an edge instance from ValueAction_1.result to DecisionNode.
15 Jan 2012 19:21:29,750 DEBUG fUML.Debug [createEdgeInstances] Creating an edge instance from DecisionNode to ParameterNode_0.
15 Jan 2012 19:21:29,750 DEBUG fUML.Debug [createEdgeInstances] Creating an edge instance from DecisionNode to ParameterNode_1.
15 Jan 2012 19:21:29,750 DEBUG fUML.Debug [run] node = ValueAction_1
15 Jan 2012 19:21:29,750 DEBUG fUML.Debug [run] node = ValueAction_1.result
15 Jan 2012 19:21:29,750 DEBUG fUML.Debug [run] node = DecisionNode
15 Jan 2012 19:21:29,750 DEBUG fUML.Debug [run] node = ParameterNode_0
15 Jan 2012 19:21:29,750 DEBUG fUML.Debug [run] node = ParameterNode_1
15 Jan 2012 19:21:29,750 DEBUG fUML.Debug [run] Checking for enabled nodes...
15 Jan 2012 19:21:29,750 DEBUG fUML.Debug [run] Checking node ValueAction_1...
15 Jan 2012 19:21:29,750 DEBUG fUML.Debug [run] Node ValueAction_1 is enabled.
15 Jan 2012 19:21:29,750 DEBUG fUML.Debug [run] Checking node ValueAction_1.result...
15 Jan 2012 19:21:29,750 DEBUG fUML.Debug [run] Checking node DecisionNode...
15 Jan 2012 19:21:29,750 DEBUG fUML.Debug [run] Checking node ParameterNode_0...
15 Jan 2012 19:21:29,750 DEBUG fUML.Debug [run] Checking node ParameterNode_1...
15 Jan 2012 19:21:29,750 DEBUG fUML.Debug [run] Sending offer to node ValueAction_1.
15 Jan 2012 19:21:29,750 DEBUG fUML.Debug [receiveOffer] node = ValueAction_1
15 Jan 2012 19:21:29,750 DEBUG fUML.Debug [_beginIsolation] Begin isolation.
15 Jan 2012 19:21:29,750 DEBUG fUML.Debug [receiveOffer] Firing.
15 Jan 2012 19:21:29,750 DEBUG fUML.Debug [_endIsolation] End isolation.
15 Jan 2012 19:21:29,750 DEBUG fUML.Debug [fire] Action ValueAction_1...
15 Jan 2012 19:21:29,750 INFO  fUML.Debug Fire activity=SimpleDecision1 action=ValueAction_1
15 Jan 2012 19:21:29,750 DEBUG fUML.Debug [putToken] node = ValueAction_1
15 Jan 2012 19:21:29,750 DEBUG fUML.Debug [addToken] node = ValueAction_1.result
15 Jan 2012 19:21:29,750 DEBUG fUML.Debug [receiveOffer] node = DecisionNode
15 Jan 2012 19:21:29,750 DEBUG fUML.Debug [_beginIsolation] Begin isolation.
15 Jan 2012 19:21:29,750 DEBUG fUML.Debug [receiveOffer] Firing.
15 Jan 2012 19:21:29,750 DEBUG fUML.Debug [_endIsolation] End isolation.
15 Jan 2012 19:21:29,750 DEBUG fUML.Debug [fire] Decision node DecisionNode...
15 Jan 2012 19:21:29,750 DEBUG fUML.Debug [executeDecisionBehavior] inputValue = 1
15 Jan 2012 19:21:29,750 DEBUG fUML.Debug [getDecisionValues] decisionValues[0] = 1
15 Jan 2012 19:21:29,750 DEBUG fUML.Debug [receiveOffer] node = ParameterNode_1
15 Jan 2012 19:21:29,750 DEBUG fUML.Debug [_beginIsolation] Begin isolation.
15 Jan 2012 19:21:29,750 DEBUG fUML.Debug [receiveOffer] Firing.
15 Jan 2012 19:21:29,750 DEBUG fUML.Debug [_endIsolation] End isolation.
15 Jan 2012 19:21:29,750 DEBUG fUML.Debug [fire] Output activity parameter node ParameterNode_1...
15 Jan 2012 19:21:29,750 DEBUG fUML.Debug [addToken] node = ParameterNode_1
15 Jan 2012 19:21:29,750 DEBUG fUML.Debug [removeToken] node = ValueAction_1.result
15 Jan 2012 19:21:29,750 DEBUG fUML.Debug [fire] Checking if ValueAction_1 should fire again...
15 Jan 2012 19:21:29,750 DEBUG fUML.Debug [_beginIsolation] Begin isolation.
15 Jan 2012 19:21:29,750 DEBUG fUML.Debug [_endIsolation] End isolation.
15 Jan 2012 19:21:29,750 INFO  fUML.Debug Output activity=SimpleDecision1 parameter=output_1 value=1
15 Jan 2012 19:21:29,750 DEBUG fUML.Debug [execute] Activity SimpleDecision1 completed.
15 Jan 2012 19:21:29,750 DEBUG fUML.Debug [destroy] object = fUML.Semantics.Activities.IntermediateActivities.ActivityExecution@145e5a6
15 Jan 2012 19:21:29,750 DEBUG fUML.Debug [testExecute] Output parameter output_0 has 0 value(s):
15 Jan 2012 19:21:29,750 DEBUG fUML.Debug [testExecute] Output parameter output_1 has 1 value(s):
15 Jan 2012 19:21:29,750 DEBUG fUML.Debug [testExecute] value [0] = 1
15 Jan 2012 19:21:29,750 DEBUG fUML.Debug 
15 Jan 2012 19:21:29,750 DEBUG fUML.Debug 
15 Jan 2012 19:21:29,750 DEBUG fUML.Debug [testExecute] Executing the behavior...
15 Jan 2012 19:21:29,750 DEBUG fUML.Debug [execute] Activity ForkJoin...
15 Jan 2012 19:21:29,750 INFO  fUML.Debug Execute activity=ForkJoin
15 Jan 2012 19:21:29,750 DEBUG fUML.Debug [createNodeActivations] Creating a node activation for InitialNode...
15 Jan 2012 19:21:29,750 DEBUG fUML.Debug [createNodeActivations] Creating a node activation for ForkNode...
15 Jan 2012 19:21:29,750 DEBUG fUML.Debug [createNodeActivations] Creating a node activation for JoinNode...
15 Jan 2012 19:21:29,750 DEBUG fUML.Debug [createNodeActivations] Creating a node activation for FinalNode...
15 Jan 2012 19:21:29,750 DEBUG fUML.Debug [createEdgeInstances] Creating an edge instance from InitialNode to ForkNode.
15 Jan 2012 19:21:29,750 DEBUG fUML.Debug [createEdgeInstances] Creating an edge instance from ForkNode to JoinNode.
15 Jan 2012 19:21:29,750 DEBUG fUML.Debug [createEdgeInstances] Creating an edge instance from ForkNode to JoinNode.
15 Jan 2012 19:21:29,750 DEBUG fUML.Debug [createEdgeInstances] Creating an edge instance from JoinNode to FinalNode.
15 Jan 2012 19:21:29,750 DEBUG fUML.Debug [run] node = InitialNode
15 Jan 2012 19:21:29,750 DEBUG fUML.Debug [run] node = ForkNode
15 Jan 2012 19:21:29,750 DEBUG fUML.Debug [run] node = JoinNode
15 Jan 2012 19:21:29,750 DEBUG fUML.Debug [run] node = FinalNode
15 Jan 2012 19:21:29,750 DEBUG fUML.Debug [run] Checking for enabled nodes...
15 Jan 2012 19:21:29,750 DEBUG fUML.Debug [run] Checking node InitialNode...
15 Jan 2012 19:21:29,750 DEBUG fUML.Debug [run] Node InitialNode is enabled.
15 Jan 2012 19:21:29,750 DEBUG fUML.Debug [run] Checking node ForkNode...
15 Jan 2012 19:21:29,765 DEBUG fUML.Debug [run] Checking node JoinNode...
15 Jan 2012 19:21:29,765 DEBUG fUML.Debug [run] Checking node FinalNode...
15 Jan 2012 19:21:29,765 DEBUG fUML.Debug [run] Sending offer to node InitialNode.
15 Jan 2012 19:21:29,765 DEBUG fUML.Debug [receiveOffer] node = InitialNode
15 Jan 2012 19:21:29,765 DEBUG fUML.Debug [_beginIsolation] Begin isolation.
15 Jan 2012 19:21:29,765 DEBUG fUML.Debug [receiveOffer] Firing.
15 Jan 2012 19:21:29,765 DEBUG fUML.Debug [_endIsolation] End isolation.
15 Jan 2012 19:21:29,765 DEBUG fUML.Debug [addToken] node = InitialNode
15 Jan 2012 19:21:29,765 DEBUG fUML.Debug [receiveOffer] node = ForkNode
15 Jan 2012 19:21:29,765 DEBUG fUML.Debug [_beginIsolation] Begin isolation.
15 Jan 2012 19:21:29,765 DEBUG fUML.Debug [receiveOffer] Firing.
15 Jan 2012 19:21:29,765 DEBUG fUML.Debug [_endIsolation] End isolation.
15 Jan 2012 19:21:29,765 DEBUG fUML.Debug [fire] Fork node ForkNode...
15 Jan 2012 19:21:29,765 DEBUG fUML.Debug [addToken] node = ForkNode
15 Jan 2012 19:21:29,765 DEBUG fUML.Debug [receiveOffer] node = JoinNode
15 Jan 2012 19:21:29,765 DEBUG fUML.Debug [_beginIsolation] Begin isolation.
15 Jan 2012 19:21:29,765 DEBUG fUML.Debug [_endIsolation] End isolation.
15 Jan 2012 19:21:29,765 DEBUG fUML.Debug [receiveOffer] node = JoinNode
15 Jan 2012 19:21:29,765 DEBUG fUML.Debug [_beginIsolation] Begin isolation.
15 Jan 2012 19:21:29,765 DEBUG fUML.Debug [receiveOffer] Firing.
15 Jan 2012 19:21:29,765 DEBUG fUML.Debug [_endIsolation] End isolation.
15 Jan 2012 19:21:29,765 DEBUG fUML.Debug [fire] Control node JoinNode...
15 Jan 2012 19:21:29,765 DEBUG fUML.Debug [receiveOffer] node = FinalNode
15 Jan 2012 19:21:29,765 DEBUG fUML.Debug [_beginIsolation] Begin isolation.
15 Jan 2012 19:21:29,765 DEBUG fUML.Debug [receiveOffer] Firing.
15 Jan 2012 19:21:29,765 DEBUG fUML.Debug [_endIsolation] End isolation.
15 Jan 2012 19:21:29,765 DEBUG fUML.Debug [fire] Activity final node FinalNode...
15 Jan 2012 19:21:29,765 DEBUG fUML.Debug [terminateAll] Terminating activation group for activity ForkJoin.
15 Jan 2012 19:21:29,765 DEBUG fUML.Debug [terminate] node = InitialNode
15 Jan 2012 19:21:29,765 DEBUG fUML.Debug [terminate] node = ForkNode
15 Jan 2012 19:21:29,765 DEBUG fUML.Debug [terminate] node = JoinNode
15 Jan 2012 19:21:29,765 DEBUG fUML.Debug [terminate] node = FinalNode
15 Jan 2012 19:21:29,765 DEBUG fUML.Debug [execute] Activity ForkJoin completed.
15 Jan 2012 19:21:29,765 DEBUG fUML.Debug [destroy] object = fUML.Semantics.Activities.IntermediateActivities.ActivityExecution@42a6eb
15 Jan 2012 19:21:29,765 DEBUG fUML.Debug 
15 Jan 2012 19:21:29,765 DEBUG fUML.Debug 
15 Jan 2012 19:21:29,765 DEBUG fUML.Debug [testExecute] Executing the behavior...
15 Jan 2012 19:21:29,765 DEBUG fUML.Debug [execute] Activity DecisionJoin...
15 Jan 2012 19:21:29,765 INFO  fUML.Debug Execute activity=DecisionJoin
15 Jan 2012 19:21:29,765 DEBUG fUML.Debug [createNodeActivations] Creating a node activation for ValueAction_0...
15 Jan 2012 19:21:29,765 DEBUG fUML.Debug [createNodeActivations] Creating a node activation for ValueAction_0.result...
15 Jan 2012 19:21:29,765 DEBUG fUML.Debug [createNodeActivations] Creating a node activation for ValueAction_1...
15 Jan 2012 19:21:29,765 DEBUG fUML.Debug [createNodeActivations] Creating a node activation for ValueAction_1.result...
15 Jan 2012 19:21:29,765 DEBUG fUML.Debug [createNodeActivations] Creating a node activation for Action_A...
15 Jan 2012 19:21:29,765 DEBUG fUML.Debug [createNodeActivations] Creating a node activation for Action_A.argument...
15 Jan 2012 19:21:29,765 DEBUG fUML.Debug [createNodeActivations] Creating a node activation for Action_A.result...
15 Jan 2012 19:21:29,765 DEBUG fUML.Debug [createNodeActivations] Creating a node activation for DecisionNode...
15 Jan 2012 19:21:29,765 DEBUG fUML.Debug [createNodeActivations] Creating a node activation for JoinNode...
15 Jan 2012 19:21:29,765 DEBUG fUML.Debug [createNodeActivations] Creating a node activation for Action_B...
15 Jan 2012 19:21:29,765 DEBUG fUML.Debug [createNodeActivations] Creating a node activation for Action_B.argument...
15 Jan 2012 19:21:29,765 DEBUG fUML.Debug [createNodeActivations] Creating a node activation for Action_B.result...
15 Jan 2012 19:21:29,765 DEBUG fUML.Debug [createNodeActivations] Creating a node activation for OutputNode...
15 Jan 2012 19:21:29,765 DEBUG fUML.Debug [createEdgeInstances] Creating an edge instance from ValueAction_0 to ValueAction_1.
15 Jan 2012 19:21:29,765 DEBUG fUML.Debug [createEdgeInstances] Creating an edge instance from ValueAction_0.result to Action_A.argument.
15 Jan 2012 19:21:29,765 DEBUG fUML.Debug [createEdgeInstances] Creating an edge instance from ValueAction_1.result to Action_A.argument.
15 Jan 2012 19:21:29,765 DEBUG fUML.Debug [createEdgeInstances] Creating an edge instance from Action_A.result to DecisionNode.
15 Jan 2012 19:21:29,765 DEBUG fUML.Debug [createEdgeInstances] Creating an edge instance from DecisionNode to JoinNode.
15 Jan 2012 19:21:29,765 DEBUG fUML.Debug [createEdgeInstances] Creating an edge instance from DecisionNode to JoinNode.
15 Jan 2012 19:21:29,765 DEBUG fUML.Debug [createEdgeInstances] Creating an edge instance from JoinNode to Action_B.argument.
15 Jan 2012 19:21:29,765 DEBUG fUML.Debug [createEdgeInstances] Creating an edge instance from Action_B.result to OutputNode.
15 Jan 2012 19:21:29,765 DEBUG fUML.Debug [run] node = ValueAction_0
15 Jan 2012 19:21:29,765 DEBUG fUML.Debug [run] Anonymous activation of type fUML.Semantics.Activities.IntermediateActivities.ForkNodeActivation
15 Jan 2012 19:21:29,765 DEBUG fUML.Debug [run] node = ValueAction_0.result
15 Jan 2012 19:21:29,765 DEBUG fUML.Debug [run] node = ValueAction_1
15 Jan 2012 19:21:29,765 DEBUG fUML.Debug [run] node = ValueAction_1.result
15 Jan 2012 19:21:29,765 DEBUG fUML.Debug [run] node = Action_A
15 Jan 2012 19:21:29,765 DEBUG fUML.Debug [run] node = Action_A.argument
15 Jan 2012 19:21:29,765 DEBUG fUML.Debug [run] node = Action_A.result
15 Jan 2012 19:21:29,765 DEBUG fUML.Debug [run] node = DecisionNode
15 Jan 2012 19:21:29,765 DEBUG fUML.Debug [run] node = JoinNode
15 Jan 2012 19:21:29,765 DEBUG fUML.Debug [run] node = Action_B
15 Jan 2012 19:21:29,765 DEBUG fUML.Debug [run] node = Action_B.argument
15 Jan 2012 19:21:29,765 DEBUG fUML.Debug [run] node = Action_B.result
15 Jan 2012 19:21:29,765 DEBUG fUML.Debug [run] node = OutputNode
15 Jan 2012 19:21:29,781 DEBUG fUML.Debug [run] Checking for enabled nodes...
15 Jan 2012 19:21:29,781 DEBUG fUML.Debug [run] Checking node ValueAction_0...
15 Jan 2012 19:21:29,781 DEBUG fUML.Debug [run] Node ValueAction_0 is enabled.
15 Jan 2012 19:21:29,781 DEBUG fUML.Debug [run] Checking node ValueAction_0.result...
15 Jan 2012 19:21:29,781 DEBUG fUML.Debug [run] Checking node ValueAction_1...
15 Jan 2012 19:21:29,781 DEBUG fUML.Debug [run] Checking node ValueAction_1.result...
15 Jan 2012 19:21:29,781 DEBUG fUML.Debug [run] Checking node Action_A...
15 Jan 2012 19:21:29,781 DEBUG fUML.Debug [run] Checking node Action_A.argument...
15 Jan 2012 19:21:29,781 DEBUG fUML.Debug [run] Checking node Action_A.result...
15 Jan 2012 19:21:29,781 DEBUG fUML.Debug [run] Checking node DecisionNode...
15 Jan 2012 19:21:29,781 DEBUG fUML.Debug [run] Checking node JoinNode...
15 Jan 2012 19:21:29,781 DEBUG fUML.Debug [run] Checking node Action_B...
15 Jan 2012 19:21:29,781 DEBUG fUML.Debug [run] Checking node Action_B.argument...
15 Jan 2012 19:21:29,781 DEBUG fUML.Debug [run] Checking node Action_B.result...
15 Jan 2012 19:21:29,781 DEBUG fUML.Debug [run] Checking node OutputNode...
15 Jan 2012 19:21:29,781 DEBUG fUML.Debug [run] Sending offer to node ValueAction_0.
15 Jan 2012 19:21:29,781 DEBUG fUML.Debug [receiveOffer] node = ValueAction_0
15 Jan 2012 19:21:29,781 DEBUG fUML.Debug [_beginIsolation] Begin isolation.
15 Jan 2012 19:21:29,781 DEBUG fUML.Debug [receiveOffer] Firing.
15 Jan 2012 19:21:29,781 DEBUG fUML.Debug [_endIsolation] End isolation.
15 Jan 2012 19:21:29,781 DEBUG fUML.Debug [fire] Action ValueAction_0...
15 Jan 2012 19:21:29,781 INFO  fUML.Debug Fire activity=DecisionJoin action=ValueAction_0
15 Jan 2012 19:21:29,781 DEBUG fUML.Debug [putToken] node = ValueAction_0
15 Jan 2012 19:21:29,781 DEBUG fUML.Debug [addToken] node = ValueAction_0.result
15 Jan 2012 19:21:29,781 DEBUG fUML.Debug [receiveOffer] node = Action_A
15 Jan 2012 19:21:29,781 DEBUG fUML.Debug [_beginIsolation] Begin isolation.
15 Jan 2012 19:21:29,781 DEBUG fUML.Debug [receiveOffer] Firing.
15 Jan 2012 19:21:29,781 DEBUG fUML.Debug [fire] Pin Action_A.argument...
15 Jan 2012 19:21:29,781 DEBUG fUML.Debug [addToken] node = Action_A.argument
15 Jan 2012 19:21:29,781 DEBUG fUML.Debug [removeToken] node = ValueAction_0.result
15 Jan 2012 19:21:29,781 DEBUG fUML.Debug [_endIsolation] End isolation.
15 Jan 2012 19:21:29,781 DEBUG fUML.Debug [fire] Action Action_A...
15 Jan 2012 19:21:29,781 INFO  fUML.Debug Fire activity=DecisionJoin action=Action_A
15 Jan 2012 19:21:29,781 DEBUG fUML.Debug [takeTokens] node = Action_A, pin = Action_A.argument
15 Jan 2012 19:21:29,781 DEBUG fUML.Debug [removeToken] node = Action_A.argument
15 Jan 2012 19:21:29,781 DEBUG fUML.Debug [execute] Activity Copier...
15 Jan 2012 19:21:29,781 INFO  fUML.Debug Execute activity=Copier
15 Jan 2012 19:21:29,781 DEBUG fUML.Debug [createNodeActivations] Creating a node activation for inputNode...
15 Jan 2012 19:21:29,781 DEBUG fUML.Debug [createNodeActivations] Creating a node activation for outputNode...
15 Jan 2012 19:21:29,781 DEBUG fUML.Debug [createEdgeInstances] Creating an edge instance from inputNode to outputNode.
15 Jan 2012 19:21:29,781 DEBUG fUML.Debug [run] node = inputNode
15 Jan 2012 19:21:29,781 DEBUG fUML.Debug [run] node = outputNode
15 Jan 2012 19:21:29,781 DEBUG fUML.Debug [run] Checking for enabled nodes...
15 Jan 2012 19:21:29,781 DEBUG fUML.Debug [run] Checking node inputNode...
15 Jan 2012 19:21:29,781 DEBUG fUML.Debug [run] Node inputNode is enabled.
15 Jan 2012 19:21:29,781 DEBUG fUML.Debug [run] Checking node outputNode...
15 Jan 2012 19:21:29,781 DEBUG fUML.Debug [run] Sending offer to node inputNode.
15 Jan 2012 19:21:29,781 DEBUG fUML.Debug [receiveOffer] node = inputNode
15 Jan 2012 19:21:29,781 DEBUG fUML.Debug [_beginIsolation] Begin isolation.
15 Jan 2012 19:21:29,781 DEBUG fUML.Debug [receiveOffer] Firing.
15 Jan 2012 19:21:29,781 DEBUG fUML.Debug [_endIsolation] End isolation.
15 Jan 2012 19:21:29,781 DEBUG fUML.Debug [fire] Input activity parameter node inputNode...
15 Jan 2012 19:21:29,781 DEBUG fUML.Debug [fire] Parameter has 1 value(s).
15 Jan 2012 19:21:29,781 DEBUG fUML.Debug [addToken] node = inputNode
15 Jan 2012 19:21:29,781 DEBUG fUML.Debug [receiveOffer] node = outputNode
15 Jan 2012 19:21:29,781 DEBUG fUML.Debug [_beginIsolation] Begin isolation.
15 Jan 2012 19:21:29,781 DEBUG fUML.Debug [receiveOffer] Firing.
15 Jan 2012 19:21:29,781 DEBUG fUML.Debug [_endIsolation] End isolation.
15 Jan 2012 19:21:29,781 DEBUG fUML.Debug [fire] Output activity parameter node outputNode...
15 Jan 2012 19:21:29,781 DEBUG fUML.Debug [addToken] node = outputNode
15 Jan 2012 19:21:29,781 DEBUG fUML.Debug [removeToken] node = inputNode
15 Jan 2012 19:21:29,781 INFO  fUML.Debug Output activity=Copier parameter=output value=0
15 Jan 2012 19:21:29,781 DEBUG fUML.Debug [execute] Activity Copier completed.
15 Jan 2012 19:21:29,781 DEBUG fUML.Debug [putToken] node = Action_A
15 Jan 2012 19:21:29,781 DEBUG fUML.Debug [addToken] node = Action_A.result
15 Jan 2012 19:21:29,781 DEBUG fUML.Debug [destroy] object = fUML.Semantics.Activities.IntermediateActivities.ActivityExecution@c26ede
15 Jan 2012 19:21:29,781 DEBUG fUML.Debug [receiveOffer] node = DecisionNode
15 Jan 2012 19:21:29,781 DEBUG fUML.Debug [_beginIsolation] Begin isolation.
15 Jan 2012 19:21:29,781 DEBUG fUML.Debug [receiveOffer] Firing.
15 Jan 2012 19:21:29,781 DEBUG fUML.Debug [_endIsolation] End isolation.
15 Jan 2012 19:21:29,781 DEBUG fUML.Debug [fire] Decision node DecisionNode...
15 Jan 2012 19:21:29,781 DEBUG fUML.Debug [executeDecisionBehavior] inputValue = 0
15 Jan 2012 19:21:29,781 DEBUG fUML.Debug [getDecisionValues] decisionValues[0] = 0
15 Jan 2012 19:21:29,781 DEBUG fUML.Debug [receiveOffer] node = JoinNode
15 Jan 2012 19:21:29,781 DEBUG fUML.Debug [_beginIsolation] Begin isolation.
15 Jan 2012 19:21:29,781 DEBUG fUML.Debug [_endIsolation] End isolation.
15 Jan 2012 19:21:29,781 DEBUG fUML.Debug [fire] Checking if Action_A should fire again...
15 Jan 2012 19:21:29,781 DEBUG fUML.Debug [_beginIsolation] Begin isolation.
15 Jan 2012 19:21:29,781 DEBUG fUML.Debug [_endIsolation] End isolation.
15 Jan 2012 19:21:29,781 DEBUG fUML.Debug [addToken] node = ValueAction_0
15 Jan 2012 19:21:29,781 DEBUG fUML.Debug [_beginIsolation] Begin isolation.
15 Jan 2012 19:21:29,781 DEBUG fUML.Debug [receiveOffer] Firing.
15 Jan 2012 19:21:29,781 DEBUG fUML.Debug [_endIsolation] End isolation.
15 Jan 2012 19:21:29,781 DEBUG fUML.Debug [fire] Anonymous fork node.
15 Jan 2012 19:21:29,781 DEBUG fUML.Debug [addToken] ...
15 Jan 2012 19:21:29,781 DEBUG fUML.Debug [receiveOffer] node = ValueAction_1
15 Jan 2012 19:21:29,781 DEBUG fUML.Debug [_beginIsolation] Begin isolation.
15 Jan 2012 19:21:29,781 DEBUG fUML.Debug [receiveOffer] Firing.
15 Jan 2012 19:21:29,781 DEBUG fUML.Debug [removeToken] node = ValueAction_0
15 Jan 2012 19:21:29,781 DEBUG fUML.Debug [removeToken] ...
15 Jan 2012 19:21:29,781 DEBUG fUML.Debug [_endIsolation] End isolation.
15 Jan 2012 19:21:29,781 DEBUG fUML.Debug [fire] Action ValueAction_1...
15 Jan 2012 19:21:29,796 INFO  fUML.Debug Fire activity=DecisionJoin action=ValueAction_1
15 Jan 2012 19:21:29,796 DEBUG fUML.Debug [putToken] node = ValueAction_1
15 Jan 2012 19:21:29,796 DEBUG fUML.Debug [addToken] node = ValueAction_1.result
15 Jan 2012 19:21:29,796 DEBUG fUML.Debug [receiveOffer] node = Action_A
15 Jan 2012 19:21:29,796 DEBUG fUML.Debug [_beginIsolation] Begin isolation.
15 Jan 2012 19:21:29,796 DEBUG fUML.Debug [receiveOffer] Firing.
15 Jan 2012 19:21:29,796 DEBUG fUML.Debug [fire] Pin Action_A.argument...
15 Jan 2012 19:21:29,796 DEBUG fUML.Debug [addToken] node = Action_A.argument
15 Jan 2012 19:21:29,796 DEBUG fUML.Debug [removeToken] node = ValueAction_1.result
15 Jan 2012 19:21:29,796 DEBUG fUML.Debug [_endIsolation] End isolation.
15 Jan 2012 19:21:29,796 DEBUG fUML.Debug [fire] Action Action_A...
15 Jan 2012 19:21:29,796 INFO  fUML.Debug Fire activity=DecisionJoin action=Action_A
15 Jan 2012 19:21:29,796 DEBUG fUML.Debug [takeTokens] node = Action_A, pin = Action_A.argument
15 Jan 2012 19:21:29,796 DEBUG fUML.Debug [removeToken] node = Action_A.argument
15 Jan 2012 19:21:29,796 DEBUG fUML.Debug [execute] Activity Copier...
15 Jan 2012 19:21:29,796 INFO  fUML.Debug Execute activity=Copier
15 Jan 2012 19:21:29,796 DEBUG fUML.Debug [createNodeActivations] Creating a node activation for inputNode...
15 Jan 2012 19:21:29,796 DEBUG fUML.Debug [createNodeActivations] Creating a node activation for outputNode...
15 Jan 2012 19:21:29,796 DEBUG fUML.Debug [createEdgeInstances] Creating an edge instance from inputNode to outputNode.
15 Jan 2012 19:21:29,796 DEBUG fUML.Debug [run] node = inputNode
15 Jan 2012 19:21:29,796 DEBUG fUML.Debug [run] node = outputNode
15 Jan 2012 19:21:29,796 DEBUG fUML.Debug [run] Checking for enabled nodes...
15 Jan 2012 19:21:29,796 DEBUG fUML.Debug [run] Checking node inputNode...
15 Jan 2012 19:21:29,796 DEBUG fUML.Debug [run] Node inputNode is enabled.
15 Jan 2012 19:21:29,796 DEBUG fUML.Debug [run] Checking node outputNode...
15 Jan 2012 19:21:29,796 DEBUG fUML.Debug [run] Sending offer to node inputNode.
15 Jan 2012 19:21:29,796 DEBUG fUML.Debug [receiveOffer] node = inputNode
15 Jan 2012 19:21:29,796 DEBUG fUML.Debug [_beginIsolation] Begin isolation.
15 Jan 2012 19:21:29,796 DEBUG fUML.Debug [receiveOffer] Firing.
15 Jan 2012 19:21:29,796 DEBUG fUML.Debug [_endIsolation] End isolation.
15 Jan 2012 19:21:29,796 DEBUG fUML.Debug [fire] Input activity parameter node inputNode...
15 Jan 2012 19:21:29,796 DEBUG fUML.Debug [fire] Parameter has 1 value(s).
15 Jan 2012 19:21:29,796 DEBUG fUML.Debug [addToken] node = inputNode
15 Jan 2012 19:21:29,796 DEBUG fUML.Debug [receiveOffer] node = outputNode
15 Jan 2012 19:21:29,796 DEBUG fUML.Debug [_beginIsolation] Begin isolation.
15 Jan 2012 19:21:29,796 DEBUG fUML.Debug [receiveOffer] Firing.
15 Jan 2012 19:21:29,796 DEBUG fUML.Debug [_endIsolation] End isolation.
15 Jan 2012 19:21:29,796 DEBUG fUML.Debug [fire] Output activity parameter node outputNode...
15 Jan 2012 19:21:29,796 DEBUG fUML.Debug [addToken] node = outputNode
15 Jan 2012 19:21:29,796 DEBUG fUML.Debug [removeToken] node = inputNode
15 Jan 2012 19:21:29,796 INFO  fUML.Debug Output activity=Copier parameter=output value=1
15 Jan 2012 19:21:29,796 DEBUG fUML.Debug [execute] Activity Copier completed.
15 Jan 2012 19:21:29,796 DEBUG fUML.Debug [putToken] node = Action_A
15 Jan 2012 19:21:29,796 DEBUG fUML.Debug [addToken] node = Action_A.result
15 Jan 2012 19:21:29,796 DEBUG fUML.Debug [destroy] object = fUML.Semantics.Activities.IntermediateActivities.ActivityExecution@1567e6c
15 Jan 2012 19:21:29,796 DEBUG fUML.Debug [receiveOffer] node = DecisionNode
15 Jan 2012 19:21:29,796 DEBUG fUML.Debug [_beginIsolation] Begin isolation.
15 Jan 2012 19:21:29,796 DEBUG fUML.Debug [receiveOffer] Firing.
15 Jan 2012 19:21:29,796 DEBUG fUML.Debug [_endIsolation] End isolation.
15 Jan 2012 19:21:29,796 DEBUG fUML.Debug [fire] Decision node DecisionNode...
15 Jan 2012 19:21:29,796 DEBUG fUML.Debug [executeDecisionBehavior] inputValue = 1
15 Jan 2012 19:21:29,796 DEBUG fUML.Debug [getDecisionValues] decisionValues[0] = 1
15 Jan 2012 19:21:29,796 DEBUG fUML.Debug [receiveOffer] node = JoinNode
15 Jan 2012 19:21:29,796 DEBUG fUML.Debug [_beginIsolation] Begin isolation.
15 Jan 2012 19:21:29,796 DEBUG fUML.Debug [receiveOffer] Firing.
15 Jan 2012 19:21:29,796 DEBUG fUML.Debug [_endIsolation] End isolation.
15 Jan 2012 19:21:29,796 DEBUG fUML.Debug [fire] Control node JoinNode...
15 Jan 2012 19:21:29,796 DEBUG fUML.Debug [receiveOffer] node = Action_B
15 Jan 2012 19:21:29,796 DEBUG fUML.Debug [_beginIsolation] Begin isolation.
15 Jan 2012 19:21:29,796 DEBUG fUML.Debug [receiveOffer] Firing.
15 Jan 2012 19:21:29,796 DEBUG fUML.Debug [fire] Pin Action_B.argument...
15 Jan 2012 19:21:29,796 DEBUG fUML.Debug [addToken] node = Action_B.argument
15 Jan 2012 19:21:29,796 DEBUG fUML.Debug [removeToken] node = Action_A.result
15 Jan 2012 19:21:29,796 DEBUG fUML.Debug [addToken] node = Action_B.argument
15 Jan 2012 19:21:29,796 DEBUG fUML.Debug [removeToken] node = Action_A.result
15 Jan 2012 19:21:29,796 DEBUG fUML.Debug [_endIsolation] End isolation.
15 Jan 2012 19:21:29,796 DEBUG fUML.Debug [fire] Action Action_B...
15 Jan 2012 19:21:29,796 INFO  fUML.Debug Fire activity=DecisionJoin action=Action_B
15 Jan 2012 19:21:29,796 DEBUG fUML.Debug [takeTokens] node = Action_B, pin = Action_B.argument
15 Jan 2012 19:21:29,796 DEBUG fUML.Debug [removeToken] node = Action_B.argument
15 Jan 2012 19:21:29,796 DEBUG fUML.Debug [removeToken] node = Action_B.argument
15 Jan 2012 19:21:29,796 DEBUG fUML.Debug [execute] Activity Copier...
15 Jan 2012 19:21:29,796 INFO  fUML.Debug Execute activity=Copier
15 Jan 2012 19:21:29,796 DEBUG fUML.Debug [createNodeActivations] Creating a node activation for inputNode...
15 Jan 2012 19:21:29,796 DEBUG fUML.Debug [createNodeActivations] Creating a node activation for outputNode...
15 Jan 2012 19:21:29,796 DEBUG fUML.Debug [createEdgeInstances] Creating an edge instance from inputNode to outputNode.
15 Jan 2012 19:21:29,796 DEBUG fUML.Debug [run] node = inputNode
15 Jan 2012 19:21:29,796 DEBUG fUML.Debug [run] node = outputNode
15 Jan 2012 19:21:29,796 DEBUG fUML.Debug [run] Checking for enabled nodes...
15 Jan 2012 19:21:29,796 DEBUG fUML.Debug [run] Checking node inputNode...
15 Jan 2012 19:21:29,796 DEBUG fUML.Debug [run] Node inputNode is enabled.
15 Jan 2012 19:21:29,796 DEBUG fUML.Debug [run] Checking node outputNode...
15 Jan 2012 19:21:29,796 DEBUG fUML.Debug [run] Sending offer to node inputNode.
15 Jan 2012 19:21:29,796 DEBUG fUML.Debug [receiveOffer] node = inputNode
15 Jan 2012 19:21:29,796 DEBUG fUML.Debug [_beginIsolation] Begin isolation.
15 Jan 2012 19:21:29,796 DEBUG fUML.Debug [receiveOffer] Firing.
15 Jan 2012 19:21:29,796 DEBUG fUML.Debug [_endIsolation] End isolation.
15 Jan 2012 19:21:29,796 DEBUG fUML.Debug [fire] Input activity parameter node inputNode...
15 Jan 2012 19:21:29,796 DEBUG fUML.Debug [fire] Parameter has 2 value(s).
15 Jan 2012 19:21:29,796 DEBUG fUML.Debug [addToken] node = inputNode
15 Jan 2012 19:21:29,796 DEBUG fUML.Debug [addToken] node = inputNode
15 Jan 2012 19:21:29,796 DEBUG fUML.Debug [receiveOffer] node = outputNode
15 Jan 2012 19:21:29,796 DEBUG fUML.Debug [_beginIsolation] Begin isolation.
15 Jan 2012 19:21:29,796 DEBUG fUML.Debug [receiveOffer] Firing.
15 Jan 2012 19:21:29,796 DEBUG fUML.Debug [_endIsolation] End isolation.
15 Jan 2012 19:21:29,796 DEBUG fUML.Debug [fire] Output activity parameter node outputNode...
15 Jan 2012 19:21:29,796 DEBUG fUML.Debug [addToken] node = outputNode
15 Jan 2012 19:21:29,796 DEBUG fUML.Debug [removeToken] node = inputNode
15 Jan 2012 19:21:29,796 DEBUG fUML.Debug [addToken] node = outputNode
15 Jan 2012 19:21:29,796 DEBUG fUML.Debug [removeToken] node = inputNode
15 Jan 2012 19:21:29,796 INFO  fUML.Debug Output activity=Copier parameter=output value=0
15 Jan 2012 19:21:29,812 INFO  fUML.Debug Output activity=Copier parameter=output value=1
15 Jan 2012 19:21:29,812 DEBUG fUML.Debug [execute] Activity Copier completed.
15 Jan 2012 19:21:29,812 DEBUG fUML.Debug [putToken] node = Action_B
15 Jan 2012 19:21:29,812 DEBUG fUML.Debug [addToken] node = Action_B.result
15 Jan 2012 19:21:29,812 DEBUG fUML.Debug [putToken] node = Action_B
15 Jan 2012 19:21:29,812 DEBUG fUML.Debug [addToken] node = Action_B.result
15 Jan 2012 19:21:29,812 DEBUG fUML.Debug [destroy] object = fUML.Semantics.Activities.IntermediateActivities.ActivityExecution@72d873
15 Jan 2012 19:21:29,812 DEBUG fUML.Debug [receiveOffer] node = OutputNode
15 Jan 2012 19:21:29,812 DEBUG fUML.Debug [_beginIsolation] Begin isolation.
15 Jan 2012 19:21:29,812 DEBUG fUML.Debug [receiveOffer] Firing.
15 Jan 2012 19:21:29,812 DEBUG fUML.Debug [_endIsolation] End isolation.
15 Jan 2012 19:21:29,812 DEBUG fUML.Debug [fire] Output activity parameter node OutputNode...
15 Jan 2012 19:21:29,812 DEBUG fUML.Debug [addToken] node = OutputNode
15 Jan 2012 19:21:29,812 DEBUG fUML.Debug [removeToken] node = Action_B.result
15 Jan 2012 19:21:29,812 DEBUG fUML.Debug [addToken] node = OutputNode
15 Jan 2012 19:21:29,812 DEBUG fUML.Debug [removeToken] node = Action_B.result
15 Jan 2012 19:21:29,812 DEBUG fUML.Debug [fire] Checking if Action_B should fire again...
15 Jan 2012 19:21:29,812 DEBUG fUML.Debug [_beginIsolation] Begin isolation.
15 Jan 2012 19:21:29,812 DEBUG fUML.Debug [_endIsolation] End isolation.
15 Jan 2012 19:21:29,812 DEBUG fUML.Debug [fire] Checking if Action_A should fire again...
15 Jan 2012 19:21:29,812 DEBUG fUML.Debug [_beginIsolation] Begin isolation.
15 Jan 2012 19:21:29,812 DEBUG fUML.Debug [_endIsolation] End isolation.
15 Jan 2012 19:21:29,812 DEBUG fUML.Debug [fire] Checking if ValueAction_1 should fire again...
15 Jan 2012 19:21:29,812 DEBUG fUML.Debug [_beginIsolation] Begin isolation.
15 Jan 2012 19:21:29,812 DEBUG fUML.Debug [_endIsolation] End isolation.
15 Jan 2012 19:21:29,812 DEBUG fUML.Debug [fire] Checking if ValueAction_0 should fire again...
15 Jan 2012 19:21:29,812 DEBUG fUML.Debug [_beginIsolation] Begin isolation.
15 Jan 2012 19:21:29,812 DEBUG fUML.Debug [_endIsolation] End isolation.
15 Jan 2012 19:21:29,812 INFO  fUML.Debug Output activity=DecisionJoin parameter=output value=0
15 Jan 2012 19:21:29,812 INFO  fUML.Debug Output activity=DecisionJoin parameter=output value=1
15 Jan 2012 19:21:29,812 DEBUG fUML.Debug [execute] Activity DecisionJoin completed.
15 Jan 2012 19:21:29,812 DEBUG fUML.Debug [destroy] object = fUML.Semantics.Activities.IntermediateActivities.ActivityExecution@1e09eab
15 Jan 2012 19:21:29,812 DEBUG fUML.Debug [testExecute] Output parameter output has 2 value(s):
15 Jan 2012 19:21:29,812 DEBUG fUML.Debug [testExecute] value [0] = 0
15 Jan 2012 19:21:29,812 DEBUG fUML.Debug [testExecute] value [1] = 1
15 Jan 2012 19:21:29,812 DEBUG fUML.Debug 
15 Jan 2012 19:21:29,812 DEBUG fUML.Debug 
15 Jan 2012 19:21:29,812 DEBUG fUML.Debug [testExecute] Executing the behavior...
15 Jan 2012 19:21:29,812 DEBUG fUML.Debug [execute] Activity ForkMerge...
15 Jan 2012 19:21:29,812 INFO  fUML.Debug Execute activity=ForkMerge
15 Jan 2012 19:21:29,812 DEBUG fUML.Debug [createNodeActivations] Creating a node activation for InitialNode...
15 Jan 2012 19:21:29,812 DEBUG fUML.Debug [createNodeActivations] Creating a node activation for ForkNode...
15 Jan 2012 19:21:29,812 DEBUG fUML.Debug [createNodeActivations] Creating a node activation for MergeNode...
15 Jan 2012 19:21:29,812 DEBUG fUML.Debug [createNodeActivations] Creating a node activation for ValueAction_0...
15 Jan 2012 19:21:29,812 DEBUG fUML.Debug [createNodeActivations] Creating a node activation for ValueAction_0.result...
15 Jan 2012 19:21:29,812 DEBUG fUML.Debug [createNodeActivations] Creating a node activation for OutputNode...
15 Jan 2012 19:21:29,812 DEBUG fUML.Debug [createEdgeInstances] Creating an edge instance from InitialNode to ForkNode.
15 Jan 2012 19:21:29,812 DEBUG fUML.Debug [createEdgeInstances] Creating an edge instance from ForkNode to MergeNode.
15 Jan 2012 19:21:29,812 DEBUG fUML.Debug [createEdgeInstances] Creating an edge instance from ForkNode to MergeNode.
15 Jan 2012 19:21:29,812 DEBUG fUML.Debug [createEdgeInstances] Creating an edge instance from MergeNode to ValueAction_0.
15 Jan 2012 19:21:29,812 DEBUG fUML.Debug [createEdgeInstances] Creating an edge instance from ValueAction_0.result to OutputNode.
15 Jan 2012 19:21:29,812 DEBUG fUML.Debug [run] node = InitialNode
15 Jan 2012 19:21:29,812 DEBUG fUML.Debug [run] node = ForkNode
15 Jan 2012 19:21:29,812 DEBUG fUML.Debug [run] node = MergeNode
15 Jan 2012 19:21:29,812 DEBUG fUML.Debug [run] node = ValueAction_0
15 Jan 2012 19:21:29,812 DEBUG fUML.Debug [run] node = ValueAction_0.result
15 Jan 2012 19:21:29,812 DEBUG fUML.Debug [run] node = OutputNode
15 Jan 2012 19:21:29,812 DEBUG fUML.Debug [run] Checking for enabled nodes...
15 Jan 2012 19:21:29,812 DEBUG fUML.Debug [run] Checking node InitialNode...
15 Jan 2012 19:21:29,812 DEBUG fUML.Debug [run] Node InitialNode is enabled.
15 Jan 2012 19:21:29,812 DEBUG fUML.Debug [run] Checking node ForkNode...
15 Jan 2012 19:21:29,812 DEBUG fUML.Debug [run] Checking node MergeNode...
15 Jan 2012 19:21:29,812 DEBUG fUML.Debug [run] Checking node ValueAction_0...
15 Jan 2012 19:21:29,812 DEBUG fUML.Debug [run] Checking node ValueAction_0.result...
15 Jan 2012 19:21:29,812 DEBUG fUML.Debug [run] Checking node OutputNode...
15 Jan 2012 19:21:29,812 DEBUG fUML.Debug [run] Sending offer to node InitialNode.
15 Jan 2012 19:21:29,812 DEBUG fUML.Debug [receiveOffer] node = InitialNode
15 Jan 2012 19:21:29,812 DEBUG fUML.Debug [_beginIsolation] Begin isolation.
15 Jan 2012 19:21:29,812 DEBUG fUML.Debug [receiveOffer] Firing.
15 Jan 2012 19:21:29,812 DEBUG fUML.Debug [_endIsolation] End isolation.
15 Jan 2012 19:21:29,812 DEBUG fUML.Debug [addToken] node = InitialNode
15 Jan 2012 19:21:29,812 DEBUG fUML.Debug [receiveOffer] node = ForkNode
15 Jan 2012 19:21:29,812 DEBUG fUML.Debug [_beginIsolation] Begin isolation.
15 Jan 2012 19:21:29,812 DEBUG fUML.Debug [receiveOffer] Firing.
15 Jan 2012 19:21:29,812 DEBUG fUML.Debug [_endIsolation] End isolation.
15 Jan 2012 19:21:29,812 DEBUG fUML.Debug [fire] Fork node ForkNode...
15 Jan 2012 19:21:29,812 DEBUG fUML.Debug [addToken] node = ForkNode
15 Jan 2012 19:21:29,812 DEBUG fUML.Debug [receiveOffer] node = MergeNode
15 Jan 2012 19:21:29,812 DEBUG fUML.Debug [_beginIsolation] Begin isolation.
15 Jan 2012 19:21:29,812 DEBUG fUML.Debug [receiveOffer] Firing.
15 Jan 2012 19:21:29,812 DEBUG fUML.Debug [_endIsolation] End isolation.
15 Jan 2012 19:21:29,812 DEBUG fUML.Debug [fire] Control node MergeNode...
15 Jan 2012 19:21:29,812 DEBUG fUML.Debug [receiveOffer] node = ValueAction_0
15 Jan 2012 19:21:29,812 DEBUG fUML.Debug [_beginIsolation] Begin isolation.
15 Jan 2012 19:21:29,812 DEBUG fUML.Debug [receiveOffer] Firing.
15 Jan 2012 19:21:29,812 DEBUG fUML.Debug [removeToken] node = InitialNode
15 Jan 2012 19:21:29,812 DEBUG fUML.Debug [_endIsolation] End isolation.
15 Jan 2012 19:21:29,812 DEBUG fUML.Debug [fire] Action ValueAction_0...
15 Jan 2012 19:21:29,812 INFO  fUML.Debug Fire activity=ForkMerge action=ValueAction_0
15 Jan 2012 19:21:29,812 DEBUG fUML.Debug [putToken] node = ValueAction_0
15 Jan 2012 19:21:29,812 DEBUG fUML.Debug [addToken] node = ValueAction_0.result
15 Jan 2012 19:21:29,812 DEBUG fUML.Debug [receiveOffer] node = OutputNode
15 Jan 2012 19:21:29,812 DEBUG fUML.Debug [_beginIsolation] Begin isolation.
15 Jan 2012 19:21:29,812 DEBUG fUML.Debug [receiveOffer] Firing.
15 Jan 2012 19:21:29,812 DEBUG fUML.Debug [_endIsolation] End isolation.
15 Jan 2012 19:21:29,812 DEBUG fUML.Debug [fire] Output activity parameter node OutputNode...
15 Jan 2012 19:21:29,812 DEBUG fUML.Debug [addToken] node = OutputNode
15 Jan 2012 19:21:29,812 DEBUG fUML.Debug [removeToken] node = ValueAction_0.result
15 Jan 2012 19:21:29,812 DEBUG fUML.Debug [fire] Checking if ValueAction_0 should fire again...
15 Jan 2012 19:21:29,812 DEBUG fUML.Debug [_beginIsolation] Begin isolation.
15 Jan 2012 19:21:29,812 DEBUG fUML.Debug [_endIsolation] End isolation.
15 Jan 2012 19:21:29,812 DEBUG fUML.Debug [receiveOffer] node = MergeNode
15 Jan 2012 19:21:29,812 DEBUG fUML.Debug [_beginIsolation] Begin isolation.
15 Jan 2012 19:21:29,812 DEBUG fUML.Debug [receiveOffer] Firing.
15 Jan 2012 19:21:29,812 DEBUG fUML.Debug [_endIsolation] End isolation.
15 Jan 2012 19:21:29,828 DEBUG fUML.Debug [fire] Control node MergeNode...
15 Jan 2012 19:21:29,828 DEBUG fUML.Debug [receiveOffer] node = ValueAction_0
15 Jan 2012 19:21:29,828 DEBUG fUML.Debug [_beginIsolation] Begin isolation.
15 Jan 2012 19:21:29,828 DEBUG fUML.Debug [receiveOffer] Firing.
15 Jan 2012 19:21:29,828 DEBUG fUML.Debug [removeToken] node = ForkNode
15 Jan 2012 19:21:29,828 DEBUG fUML.Debug [_endIsolation] End isolation.
15 Jan 2012 19:21:29,828 DEBUG fUML.Debug [fire] Action ValueAction_0...
15 Jan 2012 19:21:29,828 INFO  fUML.Debug Fire activity=ForkMerge action=ValueAction_0
15 Jan 2012 19:21:29,828 DEBUG fUML.Debug [putToken] node = ValueAction_0
15 Jan 2012 19:21:29,828 DEBUG fUML.Debug [addToken] node = ValueAction_0.result
15 Jan 2012 19:21:29,828 DEBUG fUML.Debug [receiveOffer] node = OutputNode
15 Jan 2012 19:21:29,828 DEBUG fUML.Debug [_beginIsolation] Begin isolation.
15 Jan 2012 19:21:29,828 DEBUG fUML.Debug [receiveOffer] Firing.
15 Jan 2012 19:21:29,828 DEBUG fUML.Debug [_endIsolation] End isolation.
15 Jan 2012 19:21:29,828 DEBUG fUML.Debug [fire] Output activity parameter node OutputNode...
15 Jan 2012 19:21:29,828 DEBUG fUML.Debug [addToken] node = OutputNode
15 Jan 2012 19:21:29,828 DEBUG fUML.Debug [removeToken] node = ValueAction_0.result
15 Jan 2012 19:21:29,828 DEBUG fUML.Debug [fire] Checking if ValueAction_0 should fire again...
15 Jan 2012 19:21:29,828 DEBUG fUML.Debug [_beginIsolation] Begin isolation.
15 Jan 2012 19:21:29,828 DEBUG fUML.Debug [_endIsolation] End isolation.
15 Jan 2012 19:21:29,828 INFO  fUML.Debug Output activity=ForkMerge parameter=output value=0
15 Jan 2012 19:21:29,828 INFO  fUML.Debug Output activity=ForkMerge parameter=output value=0
15 Jan 2012 19:21:29,828 DEBUG fUML.Debug [execute] Activity ForkMerge completed.
15 Jan 2012 19:21:29,828 DEBUG fUML.Debug [destroy] object = fUML.Semantics.Activities.IntermediateActivities.ActivityExecution@1e708b2
15 Jan 2012 19:21:29,828 DEBUG fUML.Debug [testExecute] Output parameter output has 2 value(s):
15 Jan 2012 19:21:29,828 DEBUG fUML.Debug [testExecute] value [0] = 0
15 Jan 2012 19:21:29,828 DEBUG fUML.Debug [testExecute] value [1] = 0
15 Jan 2012 19:21:29,828 DEBUG fUML.Debug 
15 Jan 2012 19:21:29,828 DEBUG fUML.Debug 
15 Jan 2012 19:21:29,828 DEBUG fUML.Debug [testExecute] Executing the behavior...
15 Jan 2012 19:21:29,828 DEBUG fUML.Debug [execute] Activity ForkMergeData...
15 Jan 2012 19:21:29,828 INFO  fUML.Debug Execute activity=ForkMergeData
15 Jan 2012 19:21:29,828 DEBUG fUML.Debug [createNodeActivations] Creating a node activation for Action_A...
15 Jan 2012 19:21:29,828 DEBUG fUML.Debug [createNodeActivations] Creating a node activation for Action_A.result...
15 Jan 2012 19:21:29,828 DEBUG fUML.Debug [createNodeActivations] Creating a node activation for ForkNode...
15 Jan 2012 19:21:29,828 DEBUG fUML.Debug [createNodeActivations] Creating a node activation for MergeNode...
15 Jan 2012 19:21:29,828 DEBUG fUML.Debug [createNodeActivations] Creating a node activation for Action_B...
15 Jan 2012 19:21:29,828 DEBUG fUML.Debug [createNodeActivations] Creating a node activation for Action_B.argument...
15 Jan 2012 19:21:29,828 DEBUG fUML.Debug [createNodeActivations] Creating a node activation for Action_B.result...
15 Jan 2012 19:21:29,828 DEBUG fUML.Debug [createNodeActivations] Creating a node activation for OutputNode...
15 Jan 2012 19:21:29,828 DEBUG fUML.Debug [createEdgeInstances] Creating an edge instance from Action_A.result to ForkNode.
15 Jan 2012 19:21:29,828 DEBUG fUML.Debug [createEdgeInstances] Creating an edge instance from ForkNode to MergeNode.
15 Jan 2012 19:21:29,828 DEBUG fUML.Debug [createEdgeInstances] Creating an edge instance from ForkNode to MergeNode.
15 Jan 2012 19:21:29,828 DEBUG fUML.Debug [createEdgeInstances] Creating an edge instance from MergeNode to Action_B.argument.
15 Jan 2012 19:21:29,828 DEBUG fUML.Debug [createEdgeInstances] Creating an edge instance from Action_B.result to OutputNode.
15 Jan 2012 19:21:29,828 DEBUG fUML.Debug [run] node = Action_A
15 Jan 2012 19:21:29,828 DEBUG fUML.Debug [run] node = Action_A.result
15 Jan 2012 19:21:29,828 DEBUG fUML.Debug [run] node = ForkNode
15 Jan 2012 19:21:29,828 DEBUG fUML.Debug [run] node = MergeNode
15 Jan 2012 19:21:29,828 DEBUG fUML.Debug [run] node = Action_B
15 Jan 2012 19:21:29,828 DEBUG fUML.Debug [run] node = Action_B.argument
15 Jan 2012 19:21:29,828 DEBUG fUML.Debug [run] node = Action_B.result
15 Jan 2012 19:21:29,828 DEBUG fUML.Debug [run] node = OutputNode
15 Jan 2012 19:21:29,828 DEBUG fUML.Debug [run] Checking for enabled nodes...
15 Jan 2012 19:21:29,828 DEBUG fUML.Debug [run] Checking node Action_A...
15 Jan 2012 19:21:29,828 DEBUG fUML.Debug [run] Node Action_A is enabled.
15 Jan 2012 19:21:29,828 DEBUG fUML.Debug [run] Checking node Action_A.result...
15 Jan 2012 19:21:29,828 DEBUG fUML.Debug [run] Checking node ForkNode...
15 Jan 2012 19:21:29,828 DEBUG fUML.Debug [run] Checking node MergeNode...
15 Jan 2012 19:21:29,828 DEBUG fUML.Debug [run] Checking node Action_B...
15 Jan 2012 19:21:29,828 DEBUG fUML.Debug [run] Checking node Action_B.argument...
15 Jan 2012 19:21:29,828 DEBUG fUML.Debug [run] Checking node Action_B.result...
15 Jan 2012 19:21:29,828 DEBUG fUML.Debug [run] Checking node OutputNode...
15 Jan 2012 19:21:29,828 DEBUG fUML.Debug [run] Sending offer to node Action_A.
15 Jan 2012 19:21:29,828 DEBUG fUML.Debug [receiveOffer] node = Action_A
15 Jan 2012 19:21:29,828 DEBUG fUML.Debug [_beginIsolation] Begin isolation.
15 Jan 2012 19:21:29,828 DEBUG fUML.Debug [receiveOffer] Firing.
15 Jan 2012 19:21:29,828 DEBUG fUML.Debug [_endIsolation] End isolation.
15 Jan 2012 19:21:29,828 DEBUG fUML.Debug [fire] Action Action_A...
15 Jan 2012 19:21:29,828 INFO  fUML.Debug Fire activity=ForkMergeData action=Action_A
15 Jan 2012 19:21:29,828 DEBUG fUML.Debug [putToken] node = Action_A
15 Jan 2012 19:21:29,828 DEBUG fUML.Debug [addToken] node = Action_A.result
15 Jan 2012 19:21:29,828 DEBUG fUML.Debug [receiveOffer] node = ForkNode
15 Jan 2012 19:21:29,828 DEBUG fUML.Debug [_beginIsolation] Begin isolation.
15 Jan 2012 19:21:29,828 DEBUG fUML.Debug [receiveOffer] Firing.
15 Jan 2012 19:21:29,828 DEBUG fUML.Debug [_endIsolation] End isolation.
15 Jan 2012 19:21:29,828 DEBUG fUML.Debug [fire] Fork node ForkNode...
15 Jan 2012 19:21:29,828 DEBUG fUML.Debug [addToken] node = ForkNode
15 Jan 2012 19:21:29,828 DEBUG fUML.Debug [receiveOffer] node = MergeNode
15 Jan 2012 19:21:29,828 DEBUG fUML.Debug [_beginIsolation] Begin isolation.
15 Jan 2012 19:21:29,828 DEBUG fUML.Debug [receiveOffer] Firing.
15 Jan 2012 19:21:29,828 DEBUG fUML.Debug [_endIsolation] End isolation.
15 Jan 2012 19:21:29,828 DEBUG fUML.Debug [fire] Control node MergeNode...
15 Jan 2012 19:21:29,828 DEBUG fUML.Debug [receiveOffer] node = Action_B
15 Jan 2012 19:21:29,828 DEBUG fUML.Debug [_beginIsolation] Begin isolation.
15 Jan 2012 19:21:29,828 DEBUG fUML.Debug [receiveOffer] Firing.
15 Jan 2012 19:21:29,828 DEBUG fUML.Debug [fire] Pin Action_B.argument...
15 Jan 2012 19:21:29,828 DEBUG fUML.Debug [addToken] node = Action_B.argument
15 Jan 2012 19:21:29,828 DEBUG fUML.Debug [removeToken] node = Action_A.result
15 Jan 2012 19:21:29,828 DEBUG fUML.Debug [_endIsolation] End isolation.
15 Jan 2012 19:21:29,828 DEBUG fUML.Debug [fire] Action Action_B...
15 Jan 2012 19:21:29,828 INFO  fUML.Debug Fire activity=ForkMergeData action=Action_B
15 Jan 2012 19:21:29,828 DEBUG fUML.Debug [takeTokens] node = Action_B, pin = Action_B.argument
15 Jan 2012 19:21:29,828 DEBUG fUML.Debug [removeToken] node = Action_B.argument
15 Jan 2012 19:21:29,828 DEBUG fUML.Debug [execute] Activity Copier...
15 Jan 2012 19:21:29,828 INFO  fUML.Debug Execute activity=Copier
15 Jan 2012 19:21:29,828 DEBUG fUML.Debug [createNodeActivations] Creating a node activation for inputNode...
15 Jan 2012 19:21:29,843 DEBUG fUML.Debug [createNodeActivations] Creating a node activation for outputNode...
15 Jan 2012 19:21:29,843 DEBUG fUML.Debug [createEdgeInstances] Creating an edge instance from inputNode to outputNode.
15 Jan 2012 19:21:29,843 DEBUG fUML.Debug [run] node = inputNode
15 Jan 2012 19:21:29,843 DEBUG fUML.Debug [run] node = outputNode
15 Jan 2012 19:21:29,843 DEBUG fUML.Debug [run] Checking for enabled nodes...
15 Jan 2012 19:21:29,843 DEBUG fUML.Debug [run] Checking node inputNode...
15 Jan 2012 19:21:29,843 DEBUG fUML.Debug [run] Node inputNode is enabled.
15 Jan 2012 19:21:29,843 DEBUG fUML.Debug [run] Checking node outputNode...
15 Jan 2012 19:21:29,843 DEBUG fUML.Debug [run] Sending offer to node inputNode.
15 Jan 2012 19:21:29,843 DEBUG fUML.Debug [receiveOffer] node = inputNode
15 Jan 2012 19:21:29,843 DEBUG fUML.Debug [_beginIsolation] Begin isolation.
15 Jan 2012 19:21:29,843 DEBUG fUML.Debug [receiveOffer] Firing.
15 Jan 2012 19:21:29,843 DEBUG fUML.Debug [_endIsolation] End isolation.
15 Jan 2012 19:21:29,843 DEBUG fUML.Debug [fire] Input activity parameter node inputNode...
15 Jan 2012 19:21:29,843 DEBUG fUML.Debug [fire] Parameter has 1 value(s).
15 Jan 2012 19:21:29,843 DEBUG fUML.Debug [addToken] node = inputNode
15 Jan 2012 19:21:29,843 DEBUG fUML.Debug [receiveOffer] node = outputNode
15 Jan 2012 19:21:29,843 DEBUG fUML.Debug [_beginIsolation] Begin isolation.
15 Jan 2012 19:21:29,843 DEBUG fUML.Debug [receiveOffer] Firing.
15 Jan 2012 19:21:29,843 DEBUG fUML.Debug [_endIsolation] End isolation.
15 Jan 2012 19:21:29,843 DEBUG fUML.Debug [fire] Output activity parameter node outputNode...
15 Jan 2012 19:21:29,843 DEBUG fUML.Debug [addToken] node = outputNode
15 Jan 2012 19:21:29,843 DEBUG fUML.Debug [removeToken] node = inputNode
15 Jan 2012 19:21:29,843 INFO  fUML.Debug Output activity=Copier parameter=output value=0
15 Jan 2012 19:21:29,843 DEBUG fUML.Debug [execute] Activity Copier completed.
15 Jan 2012 19:21:29,843 DEBUG fUML.Debug [putToken] node = Action_B
15 Jan 2012 19:21:29,843 DEBUG fUML.Debug [addToken] node = Action_B.result
15 Jan 2012 19:21:29,843 DEBUG fUML.Debug [destroy] object = fUML.Semantics.Activities.IntermediateActivities.ActivityExecution@8fcc7b
15 Jan 2012 19:21:29,843 DEBUG fUML.Debug [receiveOffer] node = OutputNode
15 Jan 2012 19:21:29,843 DEBUG fUML.Debug [_beginIsolation] Begin isolation.
15 Jan 2012 19:21:29,843 DEBUG fUML.Debug [receiveOffer] Firing.
15 Jan 2012 19:21:29,843 DEBUG fUML.Debug [_endIsolation] End isolation.
15 Jan 2012 19:21:29,843 DEBUG fUML.Debug [fire] Output activity parameter node OutputNode...
15 Jan 2012 19:21:29,843 DEBUG fUML.Debug [addToken] node = OutputNode
15 Jan 2012 19:21:29,843 DEBUG fUML.Debug [removeToken] node = Action_B.result
15 Jan 2012 19:21:29,843 DEBUG fUML.Debug [fire] Checking if Action_B should fire again...
15 Jan 2012 19:21:29,843 DEBUG fUML.Debug [_beginIsolation] Begin isolation.
15 Jan 2012 19:21:29,843 DEBUG fUML.Debug [_endIsolation] End isolation.
15 Jan 2012 19:21:29,843 DEBUG fUML.Debug [receiveOffer] node = MergeNode
15 Jan 2012 19:21:29,843 DEBUG fUML.Debug [_beginIsolation] Begin isolation.
15 Jan 2012 19:21:29,843 DEBUG fUML.Debug [receiveOffer] Firing.
15 Jan 2012 19:21:29,843 DEBUG fUML.Debug [_endIsolation] End isolation.
15 Jan 2012 19:21:29,843 DEBUG fUML.Debug [fire] Control node MergeNode...
15 Jan 2012 19:21:29,843 DEBUG fUML.Debug [receiveOffer] node = Action_B
15 Jan 2012 19:21:29,843 DEBUG fUML.Debug [_beginIsolation] Begin isolation.
15 Jan 2012 19:21:29,843 DEBUG fUML.Debug [receiveOffer] Firing.
15 Jan 2012 19:21:29,843 DEBUG fUML.Debug [fire] Pin Action_B.argument...
15 Jan 2012 19:21:29,859 DEBUG fUML.Debug [addToken] node = Action_B.argument
15 Jan 2012 19:21:29,859 DEBUG fUML.Debug [removeToken] node = ForkNode
15 Jan 2012 19:21:29,859 DEBUG fUML.Debug [_endIsolation] End isolation.
15 Jan 2012 19:21:29,859 DEBUG fUML.Debug [fire] Action Action_B...
15 Jan 2012 19:21:29,859 INFO  fUML.Debug Fire activity=ForkMergeData action=Action_B
15 Jan 2012 19:21:29,859 DEBUG fUML.Debug [takeTokens] node = Action_B, pin = Action_B.argument
15 Jan 2012 19:21:29,859 DEBUG fUML.Debug [removeToken] node = Action_B.argument
15 Jan 2012 19:21:29,859 DEBUG fUML.Debug [execute] Activity Copier...
15 Jan 2012 19:21:29,859 INFO  fUML.Debug Execute activity=Copier
15 Jan 2012 19:21:29,859 DEBUG fUML.Debug [createNodeActivations] Creating a node activation for inputNode...
15 Jan 2012 19:21:29,859 DEBUG fUML.Debug [createNodeActivations] Creating a node activation for outputNode...
15 Jan 2012 19:21:29,859 DEBUG fUML.Debug [createEdgeInstances] Creating an edge instance from inputNode to outputNode.
15 Jan 2012 19:21:29,859 DEBUG fUML.Debug [run] node = inputNode
15 Jan 2012 19:21:29,859 DEBUG fUML.Debug [run] node = outputNode
15 Jan 2012 19:21:29,859 DEBUG fUML.Debug [run] Checking for enabled nodes...
15 Jan 2012 19:21:29,859 DEBUG fUML.Debug [run] Checking node inputNode...
15 Jan 2012 19:21:29,859 DEBUG fUML.Debug [run] Node inputNode is enabled.
15 Jan 2012 19:21:29,859 DEBUG fUML.Debug [run] Checking node outputNode...
15 Jan 2012 19:21:29,859 DEBUG fUML.Debug [run] Sending offer to node inputNode.
15 Jan 2012 19:21:29,859 DEBUG fUML.Debug [receiveOffer] node = inputNode
15 Jan 2012 19:21:29,859 DEBUG fUML.Debug [_beginIsolation] Begin isolation.
15 Jan 2012 19:21:29,859 DEBUG fUML.Debug [receiveOffer] Firing.
15 Jan 2012 19:21:29,859 DEBUG fUML.Debug [_endIsolation] End isolation.
15 Jan 2012 19:21:29,859 DEBUG fUML.Debug [fire] Input activity parameter node inputNode...
15 Jan 2012 19:21:29,859 DEBUG fUML.Debug [fire] Parameter has 1 value(s).
15 Jan 2012 19:21:29,859 DEBUG fUML.Debug [addToken] node = inputNode
15 Jan 2012 19:21:29,859 DEBUG fUML.Debug [receiveOffer] node = outputNode
15 Jan 2012 19:21:29,859 DEBUG fUML.Debug [_beginIsolation] Begin isolation.
15 Jan 2012 19:21:29,859 DEBUG fUML.Debug [receiveOffer] Firing.
15 Jan 2012 19:21:29,859 DEBUG fUML.Debug [_endIsolation] End isolation.
15 Jan 2012 19:21:29,859 DEBUG fUML.Debug [fire] Output activity parameter node outputNode...
15 Jan 2012 19:21:29,859 DEBUG fUML.Debug [addToken] node = outputNode
15 Jan 2012 19:21:29,859 DEBUG fUML.Debug [removeToken] node = inputNode
15 Jan 2012 19:21:29,859 INFO  fUML.Debug Output activity=Copier parameter=output value=0
15 Jan 2012 19:21:29,859 DEBUG fUML.Debug [execute] Activity Copier completed.
15 Jan 2012 19:21:29,859 DEBUG fUML.Debug [putToken] node = Action_B
15 Jan 2012 19:21:29,859 DEBUG fUML.Debug [addToken] node = Action_B.result
15 Jan 2012 19:21:29,859 DEBUG fUML.Debug [destroy] object = fUML.Semantics.Activities.IntermediateActivities.ActivityExecution@61ec49
15 Jan 2012 19:21:29,859 DEBUG fUML.Debug [receiveOffer] node = OutputNode
15 Jan 2012 19:21:29,859 DEBUG fUML.Debug [_beginIsolation] Begin isolation.
15 Jan 2012 19:21:29,859 DEBUG fUML.Debug [receiveOffer] Firing.
15 Jan 2012 19:21:29,859 DEBUG fUML.Debug [_endIsolation] End isolation.
15 Jan 2012 19:21:29,859 DEBUG fUML.Debug [fire] Output activity parameter node OutputNode...
15 Jan 2012 19:21:29,859 DEBUG fUML.Debug [addToken] node = OutputNode
15 Jan 2012 19:21:29,859 DEBUG fUML.Debug [removeToken] node = Action_B.result
15 Jan 2012 19:21:29,859 DEBUG fUML.Debug [fire] Checking if Action_B should fire again...
15 Jan 2012 19:21:29,859 DEBUG fUML.Debug [_beginIsolation] Begin isolation.
15 Jan 2012 19:21:29,859 DEBUG fUML.Debug [_endIsolation] End isolation.
15 Jan 2012 19:21:29,859 DEBUG fUML.Debug [fire] Checking if Action_A should fire again...
15 Jan 2012 19:21:29,859 DEBUG fUML.Debug [_beginIsolation] Begin isolation.
15 Jan 2012 19:21:29,859 DEBUG fUML.Debug [_endIsolation] End isolation.
15 Jan 2012 19:21:29,859 INFO  fUML.Debug Output activity=ForkMergeData parameter=output value=0
15 Jan 2012 19:21:29,859 INFO  fUML.Debug Output activity=ForkMergeData parameter=output value=0
15 Jan 2012 19:21:29,859 DEBUG fUML.Debug [execute] Activity ForkMergeData completed.
15 Jan 2012 19:21:29,859 DEBUG fUML.Debug [destroy] object = fUML.Semantics.Activities.IntermediateActivities.ActivityExecution@dfc362
15 Jan 2012 19:21:29,859 DEBUG fUML.Debug [testExecute] Output parameter output has 2 value(s):
15 Jan 2012 19:21:29,859 DEBUG fUML.Debug [testExecute] value [0] = 0
15 Jan 2012 19:21:29,859 DEBUG fUML.Debug [testExecute] value [1] = 0
15 Jan 2012 19:21:29,859 DEBUG fUML.Debug 
15 Jan 2012 19:21:29,859 DEBUG fUML.Debug 
15 Jan 2012 19:21:29,859 DEBUG fUML.Debug [testExecute] Executing the behavior...
15 Jan 2012 19:21:29,859 DEBUG fUML.Debug [execute] Activity SelfReader...
15 Jan 2012 19:21:29,859 INFO  fUML.Debug Execute activity=SelfReader
15 Jan 2012 19:21:29,859 DEBUG fUML.Debug [createNodeActivations] Creating a node activation for ReadSelf...
15 Jan 2012 19:21:29,859 DEBUG fUML.Debug [createNodeActivations] Creating a node activation for ReadSelf.result...
15 Jan 2012 19:21:29,859 DEBUG fUML.Debug [createNodeActivations] Creating a node activation for ReadSelf.result...
15 Jan 2012 19:21:29,859 DEBUG fUML.Debug [createNodeActivations] Creating a node activation for OutputNode...
15 Jan 2012 19:21:29,859 DEBUG fUML.Debug [createEdgeInstances] Creating an edge instance from ReadSelf.result to OutputNode.
15 Jan 2012 19:21:29,859 DEBUG fUML.Debug [run] node = ReadSelf
15 Jan 2012 19:21:29,859 DEBUG fUML.Debug [run] node = ReadSelf.result
15 Jan 2012 19:21:29,859 DEBUG fUML.Debug [run] node = ReadSelf.result
15 Jan 2012 19:21:29,859 DEBUG fUML.Debug [run] node = OutputNode
15 Jan 2012 19:21:29,859 DEBUG fUML.Debug [run] Checking for enabled nodes...
15 Jan 2012 19:21:29,859 DEBUG fUML.Debug [run] Checking node ReadSelf...
15 Jan 2012 19:21:29,859 DEBUG fUML.Debug [run] Node ReadSelf is enabled.
15 Jan 2012 19:21:29,859 DEBUG fUML.Debug [run] Checking node ReadSelf.result...
15 Jan 2012 19:21:29,859 DEBUG fUML.Debug [run] Checking node ReadSelf.result...
15 Jan 2012 19:21:29,859 DEBUG fUML.Debug [run] Checking node OutputNode...
15 Jan 2012 19:21:29,859 DEBUG fUML.Debug [run] Sending offer to node ReadSelf.
15 Jan 2012 19:21:29,859 DEBUG fUML.Debug [receiveOffer] node = ReadSelf
15 Jan 2012 19:21:29,859 DEBUG fUML.Debug [_beginIsolation] Begin isolation.
15 Jan 2012 19:21:29,859 DEBUG fUML.Debug [receiveOffer] Firing.
15 Jan 2012 19:21:29,859 DEBUG fUML.Debug [_endIsolation] End isolation.
15 Jan 2012 19:21:29,859 DEBUG fUML.Debug [fire] Action ReadSelf...
15 Jan 2012 19:21:29,859 INFO  fUML.Debug Fire activity=SelfReader action=ReadSelf
15 Jan 2012 19:21:29,859 DEBUG fUML.Debug [putToken] node = ReadSelf
15 Jan 2012 19:21:29,859 DEBUG fUML.Debug [addToken] node = ReadSelf.result
15 Jan 2012 19:21:29,859 DEBUG fUML.Debug [receiveOffer] node = OutputNode
15 Jan 2012 19:21:29,859 DEBUG fUML.Debug [_beginIsolation] Begin isolation.
15 Jan 2012 19:21:29,859 DEBUG fUML.Debug [receiveOffer] Firing.
15 Jan 2012 19:21:29,859 DEBUG fUML.Debug [_endIsolation] End isolation.
15 Jan 2012 19:21:29,859 DEBUG fUML.Debug [fire] Output activity parameter node OutputNode...
15 Jan 2012 19:21:29,859 DEBUG fUML.Debug [addToken] node = OutputNode
15 Jan 2012 19:21:29,875 DEBUG fUML.Debug [removeToken] node = ReadSelf.result
15 Jan 2012 19:21:29,875 DEBUG fUML.Debug [receiveOffer] node = OutputNode
15 Jan 2012 19:21:29,875 DEBUG fUML.Debug [_beginIsolation] Begin isolation.
15 Jan 2012 19:21:29,875 DEBUG fUML.Debug [receiveOffer] Firing.
15 Jan 2012 19:21:29,875 DEBUG fUML.Debug [_endIsolation] End isolation.
15 Jan 2012 19:21:29,875 DEBUG fUML.Debug [fire] Output activity parameter node OutputNode...
15 Jan 2012 19:21:29,875 DEBUG fUML.Debug [fire] Checking if ReadSelf should fire again...
15 Jan 2012 19:21:29,875 DEBUG fUML.Debug [_beginIsolation] Begin isolation.
15 Jan 2012 19:21:29,875 DEBUG fUML.Debug [_endIsolation] End isolation.
15 Jan 2012 19:21:29,875 INFO  fUML.Debug Output activity=SelfReader parameter=self value=Reference to (fUML.Semantics.Activities.IntermediateActivities.ActivityExecution@11c55bb: SelfReader)
15 Jan 2012 19:21:29,875 DEBUG fUML.Debug [execute] Activity SelfReader completed.
15 Jan 2012 19:21:29,875 DEBUG fUML.Debug [destroy] object = fUML.Semantics.Activities.IntermediateActivities.ActivityExecution@11c55bb
15 Jan 2012 19:21:29,875 DEBUG fUML.Debug [testExecute] Output parameter self has 1 value(s):
15 Jan 2012 19:21:29,875 DEBUG fUML.Debug [testExecute] value [0] = Reference to (fUML.Semantics.Activities.IntermediateActivities.ActivityExecution@11c55bb:)
15 Jan 2012 19:21:29,875 DEBUG fUML.Debug 
15 Jan 2012 19:21:29,875 DEBUG fUML.Debug [testSimpleActivities] Done!
15 Jan 2012 19:21:29,875 INFO  builtin.SimpleActivitiesTestCase done
]]></system-out>
  <system-err><![CDATA[]]></system-err>
</testsuite>
