<?xml version="1.0" encoding="UTF-8" ?>
<testsuite errors="0" failures="0" hostname="EVS-MDS-Laptop" name="org.modeldriven.fuml.test.validation.IncrementalValidationTestCase" tests="1" time="1.531" timestamp="2012-01-16T00:21:53">
  <properties>
[...]
</properties>
  <testcase classname="org.modeldriven.fuml.test.validation.IncrementalValidationTestCase" name="testCopierCaller" time="1.125" />
  <system-out><![CDATA[15 Jan 2012 19:21:53,578 INFO  fuml.Fuml reading artifact, fUML-Tests-Incremental-Validation.mdxml
15 Jan 2012 19:21:53,718 INFO  config.FumlConfiguration initializing...
15 Jan 2012 19:21:53,718 INFO  config.FumlConfigDataBinding loading schema chain...
15 Jan 2012 19:21:54,093 INFO  config.FumlConfiguration loading configuration, DefaultFumlConfig.xml
15 Jan 2012 19:21:54,234 INFO  model.InMemoryRepository initializing...
15 Jan 2012 19:21:54,234 INFO  repository.RepositoryConfigDataBinding loading schema chain...
15 Jan 2012 19:21:54,375 INFO  model.InfrastructureAssembler initializing...
15 Jan 2012 19:21:54,468 INFO  model.SuperstructureAssembler initializing...
15 Jan 2012 19:21:54,531 INFO  model.fUML_SyntaxAssembler initializing...
15 Jan 2012 19:21:54,546 INFO  model.InMemoryRepository performing package merge...
15 Jan 2012 19:21:54,578 INFO  model.InMemoryRepository cacheing classifier attributes and operations...
15 Jan 2012 19:21:54,593 ERROR io.IncrementalArtifactLoader (fUML-Tests-Incremental-Validation.mdxml) validation error Undefined Property (Line: 20 Column: 255) - Element "packagedElement" contains an undefined property, "isLeaf".
15 Jan 2012 19:21:54,593 ERROR io.IncrementalArtifactLoader (fUML-Tests-Incremental-Validation.mdxml) validation error Undefined Property (Line: 20 Column: 255) - Element "packagedElement" contains an undefined property, "foo".
15 Jan 2012 19:21:54,593 ERROR io.IncrementalArtifactLoader (fUML-Tests-Incremental-Validation.mdxml) validation error Undefined Property (Line: 20 Column: 255) - Element "packagedElement" contains an undefined property, "isSingleExecution".
15 Jan 2012 19:21:54,593 ERROR io.IncrementalArtifactLoader (fUML-Tests-Incremental-Validation.mdxml) validation error Undefined Property (Line: 21 Column: 215) - Element "ownedParameter" contains an undefined property, "isStream".
15 Jan 2012 19:21:54,593 ERROR io.IncrementalArtifactLoader (fUML-Tests-Incremental-Validation.mdxml) validation error Undefined Property (Line: 21 Column: 215) - Element "ownedParameter" contains an undefined property, "isException".
15 Jan 2012 19:21:54,593 ERROR io.IncrementalArtifactLoader (fUML-Tests-Incremental-Validation.mdxml) validation error Undefined Property (Line: 30 Column: 217) - Element "ownedParameter" contains an undefined property, "isStream".
15 Jan 2012 19:21:54,593 ERROR io.IncrementalArtifactLoader (fUML-Tests-Incremental-Validation.mdxml) validation error Undefined Property (Line: 30 Column: 217) - Element "ownedParameter" contains an undefined property, "isException".
15 Jan 2012 19:21:54,593 ERROR io.IncrementalArtifactLoader (fUML-Tests-Incremental-Validation.mdxml) validation error Undefined Property (Line: 39 Column: 249) - Element "node" contains an undefined property, "isControlType".
15 Jan 2012 19:21:54,593 ERROR io.IncrementalArtifactLoader (fUML-Tests-Incremental-Validation.mdxml) validation error Undefined Property (Line: 39 Column: 249) - Element "node" contains an undefined property, "ordering".
15 Jan 2012 19:21:54,593 ERROR io.IncrementalArtifactLoader (fUML-Tests-Incremental-Validation.mdxml) validation error Undefined Property (Line: 47 Column: 250) - Element "node" contains an undefined property, "isControlType".
15 Jan 2012 19:21:54,593 ERROR io.IncrementalArtifactLoader (fUML-Tests-Incremental-Validation.mdxml) validation error Undefined Property (Line: 47 Column: 250) - Element "node" contains an undefined property, "ordering".
15 Jan 2012 19:21:54,593 ERROR io.IncrementalArtifactLoader (fUML-Tests-Incremental-Validation.mdxml) validation error Undefined Class (Line: 55 Column: 19) - No class found for element "yoGabbaGabba".
15 Jan 2012 19:21:54,593 ERROR io.IncrementalArtifactLoader (fUML-Tests-Incremental-Validation.mdxml) validation error Abstract Class Instantiation (Line: 56 Column: 277) - Class for element "edge" is abstract.
15 Jan 2012 19:21:54,609 ERROR io.IncrementalArtifactLoader (fUML-Tests-Incremental-Validation.mdxml) validation error Undefined Property (Line: 56 Column: 277) - Element "edge" contains an undefined property, "weight".
15 Jan 2012 19:21:54,640 WARN  io.ArtifactLoader imported invalid class fUML.Syntax.Activities.IntermediateActivities.Activity (_15_5_1_1a900482_1225493265234_644298_826) 'Copier' as non-executable "stub" element
15 Jan 2012 19:21:54,640 ERROR io.IncrementalArtifactLoader (fUML-Tests-Incremental-Validation.mdxml) validation error Undefined Property (Line: 60 Column: 251) - Element "packagedElement" contains an undefined property, "isLeaf".
15 Jan 2012 19:21:54,640 ERROR io.IncrementalArtifactLoader (fUML-Tests-Incremental-Validation.mdxml) validation error Undefined Property (Line: 60 Column: 251) - Element "packagedElement" contains an undefined property, "isSingleExecution".
15 Jan 2012 19:21:54,640 ERROR io.IncrementalArtifactLoader (fUML-Tests-Incremental-Validation.mdxml) validation error Undefined Property (Line: 61 Column: 217) - Element "ownedParameter" contains an undefined property, "isStream".
15 Jan 2012 19:21:54,640 ERROR io.IncrementalArtifactLoader (fUML-Tests-Incremental-Validation.mdxml) validation error Undefined Property (Line: 61 Column: 217) - Element "ownedParameter" contains an undefined property, "isException".
15 Jan 2012 19:21:54,640 ERROR io.IncrementalArtifactLoader (fUML-Tests-Incremental-Validation.mdxml) validation error Undefined Property (Line: 71 Column: 235) - Element "argument" contains an undefined property, "isControlType".
15 Jan 2012 19:21:54,640 ERROR io.IncrementalArtifactLoader (fUML-Tests-Incremental-Validation.mdxml) validation error Undefined Property (Line: 71 Column: 235) - Element "argument" contains an undefined property, "isControl".
15 Jan 2012 19:21:54,640 ERROR io.IncrementalArtifactLoader (fUML-Tests-Incremental-Validation.mdxml) validation error Undefined Property (Line: 84 Column: 235) - Element "result" contains an undefined property, "isControlType".
15 Jan 2012 19:21:54,640 ERROR io.IncrementalArtifactLoader (fUML-Tests-Incremental-Validation.mdxml) validation error Undefined Property (Line: 84 Column: 235) - Element "result" contains an undefined property, "isControl".
15 Jan 2012 19:21:54,640 ERROR io.IncrementalArtifactLoader (fUML-Tests-Incremental-Validation.mdxml) validation error Undefined Property (Line: 98 Column: 250) - Element "node" contains an undefined property, "isControlType".
15 Jan 2012 19:21:54,640 ERROR io.IncrementalArtifactLoader (fUML-Tests-Incremental-Validation.mdxml) validation error Undefined Property (Line: 98 Column: 250) - Element "node" contains an undefined property, "ordering".
15 Jan 2012 19:21:54,640 ERROR io.IncrementalArtifactLoader (fUML-Tests-Incremental-Validation.mdxml) validation error Undefined Property (Line: 108 Column: 238) - Element "result" contains an undefined property, "isControlType".
15 Jan 2012 19:21:54,640 ERROR io.IncrementalArtifactLoader (fUML-Tests-Incremental-Validation.mdxml) validation error Undefined Property (Line: 108 Column: 238) - Element "result" contains an undefined property, "isControl".
15 Jan 2012 19:21:54,640 ERROR io.IncrementalArtifactLoader (fUML-Tests-Incremental-Validation.mdxml) validation error Undefined Property (Line: 112 Column: 276) - Element "edge" contains an undefined property, "isMulticast".
15 Jan 2012 19:21:54,640 ERROR io.IncrementalArtifactLoader (fUML-Tests-Incremental-Validation.mdxml) validation error Undefined Property (Line: 112 Column: 276) - Element "edge" contains an undefined property, "isMultireceive".
15 Jan 2012 19:21:54,640 ERROR io.IncrementalArtifactLoader (fUML-Tests-Incremental-Validation.mdxml) validation error Undefined Property (Line: 115 Column: 277) - Element "edge" contains an undefined property, "isMulticast".
15 Jan 2012 19:21:54,640 ERROR io.IncrementalArtifactLoader (fUML-Tests-Incremental-Validation.mdxml) validation error Undefined Property (Line: 115 Column: 277) - Element "edge" contains an undefined property, "isMultireceive".
15 Jan 2012 19:21:54,640 WARN  io.ArtifactLoader imported invalid class fUML.Syntax.Activities.IntermediateActivities.Activity (_15_5_1_1a900482_1225497525562_682640_935) 'CopierCaller' as non-executable "stub" element
15 Jan 2012 19:21:54,656 WARN  assembly.ElementAssembler no fUML (org.modeldriven.fuml.repository.ext.Model) setter method named 'setViewpoint' or public field found for primitive feature <java.lang.String> Model.viewpoint
15 Jan 2012 19:21:54,671 INFO  validation.IncrementalValidationTestCase done
15 Jan 2012 19:21:54,671 INFO  validation.IncrementalValidationTestCase executing behavior: CopierCaller
[execute] creating 0 parameter(s):
[execute] executing the behavior...
15 Jan 2012 19:21:54,687 DEBUG fUML.Debug [execute] invalid activity encountered: CopierCaller - see below error(s)
15 Jan 2012 19:21:54,687 DEBUG fUML.Debug [execute] error: Undefined Property (Line: 60 Column: 251) - Element "packagedElement" contains an undefined property, "isLeaf".
15 Jan 2012 19:21:54,687 DEBUG fUML.Debug [execute] error: Undefined Property (Line: 60 Column: 251) - Element "packagedElement" contains an undefined property, "isSingleExecution".
15 Jan 2012 19:21:54,687 DEBUG fUML.Debug [execute] error: Undefined Property (Line: 61 Column: 217) - Element "ownedParameter" contains an undefined property, "isStream".
15 Jan 2012 19:21:54,687 DEBUG fUML.Debug [execute] error: Undefined Property (Line: 61 Column: 217) - Element "ownedParameter" contains an undefined property, "isException".
15 Jan 2012 19:21:54,687 DEBUG fUML.Debug [execute] error: Undefined Property (Line: 71 Column: 235) - Element "argument" contains an undefined property, "isControlType".
15 Jan 2012 19:21:54,687 DEBUG fUML.Debug [execute] error: Undefined Property (Line: 71 Column: 235) - Element "argument" contains an undefined property, "isControl".
15 Jan 2012 19:21:54,687 DEBUG fUML.Debug [execute] error: Undefined Property (Line: 84 Column: 235) - Element "result" contains an undefined property, "isControlType".
15 Jan 2012 19:21:54,687 DEBUG fUML.Debug [execute] error: Undefined Property (Line: 84 Column: 235) - Element "result" contains an undefined property, "isControl".
15 Jan 2012 19:21:54,687 DEBUG fUML.Debug [execute] error: Undefined Property (Line: 98 Column: 250) - Element "node" contains an undefined property, "isControlType".
15 Jan 2012 19:21:54,687 DEBUG fUML.Debug [execute] error: Undefined Property (Line: 98 Column: 250) - Element "node" contains an undefined property, "ordering".
15 Jan 2012 19:21:54,687 DEBUG fUML.Debug [execute] error: Undefined Property (Line: 108 Column: 238) - Element "result" contains an undefined property, "isControlType".
15 Jan 2012 19:21:54,687 DEBUG fUML.Debug [execute] error: Undefined Property (Line: 108 Column: 238) - Element "result" contains an undefined property, "isControl".
15 Jan 2012 19:21:54,687 DEBUG fUML.Debug [execute] error: Undefined Property (Line: 112 Column: 276) - Element "edge" contains an undefined property, "isMulticast".
15 Jan 2012 19:21:54,687 DEBUG fUML.Debug [execute] error: Undefined Property (Line: 112 Column: 276) - Element "edge" contains an undefined property, "isMultireceive".
15 Jan 2012 19:21:54,687 DEBUG fUML.Debug [execute] error: Undefined Property (Line: 115 Column: 277) - Element "edge" contains an undefined property, "isMulticast".
15 Jan 2012 19:21:54,687 DEBUG fUML.Debug [execute] error: Undefined Property (Line: 115 Column: 277) - Element "edge" contains an undefined property, "isMultireceive".
15 Jan 2012 19:21:54,687 INFO  validation.IncrementalValidationTestCase cannot execute invalid activity 'CopierCaller' - see above errors
15 Jan 2012 19:21:54,687 INFO  validation.IncrementalValidationTestCase done
]]></system-out>
  <system-err><![CDATA[]]></system-err>
</testsuite>
